<?xml version="1.0" encoding="UTF-8"?>
<testsuite xmlns:xsi="http://www.w3.org/2001/XMLSchema-instance" xsi:noNamespaceSchemaLocation="https://maven.apache.org/surefire/maven-surefire-plugin/xsd/surefire-test-report-3.0.xsd" version="3.0" name="TestSuite" time="105.676" tests="22" errors="0" skipped="0" failures="0">
  <properties>
    <property name="java.specification.version" value="21"/>
    <property name="webdriver.chrome.driver" value="Drivers/chromedriver.exe"/>
    <property name="sun.cpu.isalist" value="amd64"/>
    <property name="sun.jnu.encoding" value="Cp1252"/>
    <property name="java.class.path" value="C:\Users\leand\Desktop\Proyectos\Otros Proyectos\Automation\Primer Proyecto\primer_proyecto\target\test-classes;C:\Users\leand\Desktop\Proyectos\Otros Proyectos\Automation\Primer Proyecto\primer_proyecto\target\classes;C:\Users\leand\.m2\repository\org\testng\testng\7.9.0\testng-7.9.0.jar;C:\Users\leand\.m2\repository\org\slf4j\slf4j-api\1.7.36\slf4j-api-1.7.36.jar;C:\Users\leand\.m2\repository\com\beust\jcommander\1.82\jcommander-1.82.jar;C:\Users\leand\.m2\repository\org\webjars\jquery\3.7.1\jquery-3.7.1.jar;C:\Users\leand\.m2\repository\org\seleniumhq\selenium\selenium-java\4.18.1\selenium-java-4.18.1.jar;C:\Users\leand\.m2\repository\org\seleniumhq\selenium\selenium-api\4.18.1\selenium-api-4.18.1.jar;C:\Users\leand\.m2\repository\org\seleniumhq\selenium\selenium-chrome-driver\4.18.1\selenium-chrome-driver-4.18.1.jar;C:\Users\leand\.m2\repository\com\google\auto\service\auto-service-annotations\1.1.1\auto-service-annotations-1.1.1.jar;C:\Users\leand\.m2\repository\org\seleniumhq\selenium\selenium-chromium-driver\4.18.1\selenium-chromium-driver-4.18.1.jar;C:\Users\leand\.m2\repository\org\seleniumhq\selenium\selenium-json\4.18.1\selenium-json-4.18.1.jar;C:\Users\leand\.m2\repository\org\seleniumhq\selenium\selenium-manager\4.18.1\selenium-manager-4.18.1.jar;C:\Users\leand\.m2\repository\org\seleniumhq\selenium\selenium-devtools-v120\4.18.1\selenium-devtools-v120-4.18.1.jar;C:\Users\leand\.m2\repository\org\seleniumhq\selenium\selenium-devtools-v121\4.18.1\selenium-devtools-v121-4.18.1.jar;C:\Users\leand\.m2\repository\org\seleniumhq\selenium\selenium-devtools-v122\4.18.1\selenium-devtools-v122-4.18.1.jar;C:\Users\leand\.m2\repository\org\seleniumhq\selenium\selenium-devtools-v85\4.18.1\selenium-devtools-v85-4.18.1.jar;C:\Users\leand\.m2\repository\org\seleniumhq\selenium\selenium-edge-driver\4.18.1\selenium-edge-driver-4.18.1.jar;C:\Users\leand\.m2\repository\org\seleniumhq\selenium\selenium-firefox-driver\4.18.1\selenium-firefox-driver-4.18.1.jar;C:\Users\leand\.m2\repository\org\seleniumhq\selenium\selenium-http\4.18.1\selenium-http-4.18.1.jar;C:\Users\leand\.m2\repository\dev\failsafe\failsafe\3.3.2\failsafe-3.3.2.jar;C:\Users\leand\.m2\repository\org\seleniumhq\selenium\selenium-ie-driver\4.18.1\selenium-ie-driver-4.18.1.jar;C:\Users\leand\.m2\repository\org\seleniumhq\selenium\selenium-remote-driver\4.18.1\selenium-remote-driver-4.18.1.jar;C:\Users\leand\.m2\repository\com\google\guava\guava\33.0.0-jre\guava-33.0.0-jre.jar;C:\Users\leand\.m2\repository\com\google\guava\failureaccess\1.0.2\failureaccess-1.0.2.jar;C:\Users\leand\.m2\repository\com\google\guava\listenablefuture\9999.0-empty-to-avoid-conflict-with-guava\listenablefuture-9999.0-empty-to-avoid-conflict-with-guava.jar;C:\Users\leand\.m2\repository\com\google\code\findbugs\jsr305\3.0.2\jsr305-3.0.2.jar;C:\Users\leand\.m2\repository\org\checkerframework\checker-qual\3.41.0\checker-qual-3.41.0.jar;C:\Users\leand\.m2\repository\com\google\errorprone\error_prone_annotations\2.23.0\error_prone_annotations-2.23.0.jar;C:\Users\leand\.m2\repository\com\google\j2objc\j2objc-annotations\2.8\j2objc-annotations-2.8.jar;C:\Users\leand\.m2\repository\io\opentelemetry\semconv\opentelemetry-semconv\1.23.1-alpha\opentelemetry-semconv-1.23.1-alpha.jar;C:\Users\leand\.m2\repository\io\opentelemetry\opentelemetry-api\1.35.0\opentelemetry-api-1.35.0.jar;C:\Users\leand\.m2\repository\io\opentelemetry\opentelemetry-context\1.35.0\opentelemetry-context-1.35.0.jar;C:\Users\leand\.m2\repository\io\opentelemetry\opentelemetry-exporter-logging\1.35.0\opentelemetry-exporter-logging-1.35.0.jar;C:\Users\leand\.m2\repository\io\opentelemetry\opentelemetry-sdk-common\1.35.0\opentelemetry-sdk-common-1.35.0.jar;C:\Users\leand\.m2\repository\io\opentelemetry\opentelemetry-sdk-extension-autoconfigure-spi\1.35.0\opentelemetry-sdk-extension-autoconfigure-spi-1.35.0.jar;C:\Users\leand\.m2\repository\io\opentelemetry\opentelemetry-sdk-extension-autoconfigure\1.35.0\opentelemetry-sdk-extension-autoconfigure-1.35.0.jar;C:\Users\leand\.m2\repository\io\opentelemetry\opentelemetry-api-events\1.35.0-alpha\opentelemetry-api-events-1.35.0-alpha.jar;C:\Users\leand\.m2\repository\io\opentelemetry\opentelemetry-sdk-trace\1.35.0\opentelemetry-sdk-trace-1.35.0.jar;C:\Users\leand\.m2\repository\io\opentelemetry\opentelemetry-extension-incubator\1.35.0-alpha\opentelemetry-extension-incubator-1.35.0-alpha.jar;C:\Users\leand\.m2\repository\io\opentelemetry\opentelemetry-sdk\1.35.0\opentelemetry-sdk-1.35.0.jar;C:\Users\leand\.m2\repository\io\opentelemetry\opentelemetry-sdk-metrics\1.35.0\opentelemetry-sdk-metrics-1.35.0.jar;C:\Users\leand\.m2\repository\io\opentelemetry\opentelemetry-sdk-logs\1.35.0\opentelemetry-sdk-logs-1.35.0.jar;C:\Users\leand\.m2\repository\net\bytebuddy\byte-buddy\1.14.12\byte-buddy-1.14.12.jar;C:\Users\leand\.m2\repository\org\seleniumhq\selenium\selenium-os\4.18.1\selenium-os-4.18.1.jar;C:\Users\leand\.m2\repository\org\apache\commons\commons-exec\1.3\commons-exec-1.3.jar;C:\Users\leand\.m2\repository\org\seleniumhq\selenium\selenium-safari-driver\4.18.1\selenium-safari-driver-4.18.1.jar;C:\Users\leand\.m2\repository\org\seleniumhq\selenium\selenium-support\4.18.1\selenium-support-4.18.1.jar;C:\Users\leand\.m2\repository\commons-io\commons-io\2.15.1\commons-io-2.15.1.jar;C:\Users\leand\.m2\repository\org\apache\logging\log4j\log4j-core\2.23.1\log4j-core-2.23.1.jar;C:\Users\leand\.m2\repository\org\apache\logging\log4j\log4j-api\2.23.1\log4j-api-2.23.1.jar;C:\Users\leand\.m2\repository\com\aventstack\extentreports\5.1.1\extentreports-5.1.1.jar;C:\Users\leand\.m2\repository\io\reactivex\rxjava3\rxjava\3.1.6\rxjava-3.1.6.jar;C:\Users\leand\.m2\repository\org\reactivestreams\reactive-streams\1.0.4\reactive-streams-1.0.4.jar;C:\Users\leand\.m2\repository\org\freemarker\freemarker\2.3.32\freemarker-2.3.32.jar;C:\Users\leand\.m2\repository\org\projectlombok\lombok\1.18.26\lombok-1.18.26.jar;C:\Users\leand\.m2\repository\com\google\code\gson\gson\2.10.1\gson-2.10.1.jar;"/>
    <property name="java.vm.vendor" value="Oracle Corporation"/>
    <property name="sun.arch.data.model" value="64"/>
    <property name="user.variant" value=""/>
    <property name="java.vendor.url" value="https://java.oracle.com/"/>
    <property name="user.timezone" value="America/Buenos_Aires"/>
    <property name="os.name" value="Windows 11"/>
    <property name="java.vm.specification.version" value="21"/>
    <property name="sun.java.launcher" value="SUN_STANDARD"/>
    <property name="user.country" value="AR"/>
    <property name="sun.boot.library.path" value="C:\Program Files\Java\jdk-21\bin"/>
    <property name="sun.java.command" value="C:\Users\leand\AppData\Local\Temp\surefire16852353190958024747\surefirebooter-20240425193003560_3.jar C:\Users\leand\AppData\Local\Temp\surefire16852353190958024747 2024-04-25T19-30-03_463-jvmRun1 surefire-20240425193003560_1tmp surefire_0-20240425193003560_2tmp"/>
    <property name="jdk.debug" value="release"/>
    <property name="surefire.test.class.path" value="C:\Users\leand\Desktop\Proyectos\Otros Proyectos\Automation\Primer Proyecto\primer_proyecto\target\test-classes;C:\Users\leand\Desktop\Proyectos\Otros Proyectos\Automation\Primer Proyecto\primer_proyecto\target\classes;C:\Users\leand\.m2\repository\org\testng\testng\7.9.0\testng-7.9.0.jar;C:\Users\leand\.m2\repository\org\slf4j\slf4j-api\1.7.36\slf4j-api-1.7.36.jar;C:\Users\leand\.m2\repository\com\beust\jcommander\1.82\jcommander-1.82.jar;C:\Users\leand\.m2\repository\org\webjars\jquery\3.7.1\jquery-3.7.1.jar;C:\Users\leand\.m2\repository\org\seleniumhq\selenium\selenium-java\4.18.1\selenium-java-4.18.1.jar;C:\Users\leand\.m2\repository\org\seleniumhq\selenium\selenium-api\4.18.1\selenium-api-4.18.1.jar;C:\Users\leand\.m2\repository\org\seleniumhq\selenium\selenium-chrome-driver\4.18.1\selenium-chrome-driver-4.18.1.jar;C:\Users\leand\.m2\repository\com\google\auto\service\auto-service-annotations\1.1.1\auto-service-annotations-1.1.1.jar;C:\Users\leand\.m2\repository\org\seleniumhq\selenium\selenium-chromium-driver\4.18.1\selenium-chromium-driver-4.18.1.jar;C:\Users\leand\.m2\repository\org\seleniumhq\selenium\selenium-json\4.18.1\selenium-json-4.18.1.jar;C:\Users\leand\.m2\repository\org\seleniumhq\selenium\selenium-manager\4.18.1\selenium-manager-4.18.1.jar;C:\Users\leand\.m2\repository\org\seleniumhq\selenium\selenium-devtools-v120\4.18.1\selenium-devtools-v120-4.18.1.jar;C:\Users\leand\.m2\repository\org\seleniumhq\selenium\selenium-devtools-v121\4.18.1\selenium-devtools-v121-4.18.1.jar;C:\Users\leand\.m2\repository\org\seleniumhq\selenium\selenium-devtools-v122\4.18.1\selenium-devtools-v122-4.18.1.jar;C:\Users\leand\.m2\repository\org\seleniumhq\selenium\selenium-devtools-v85\4.18.1\selenium-devtools-v85-4.18.1.jar;C:\Users\leand\.m2\repository\org\seleniumhq\selenium\selenium-edge-driver\4.18.1\selenium-edge-driver-4.18.1.jar;C:\Users\leand\.m2\repository\org\seleniumhq\selenium\selenium-firefox-driver\4.18.1\selenium-firefox-driver-4.18.1.jar;C:\Users\leand\.m2\repository\org\seleniumhq\selenium\selenium-http\4.18.1\selenium-http-4.18.1.jar;C:\Users\leand\.m2\repository\dev\failsafe\failsafe\3.3.2\failsafe-3.3.2.jar;C:\Users\leand\.m2\repository\org\seleniumhq\selenium\selenium-ie-driver\4.18.1\selenium-ie-driver-4.18.1.jar;C:\Users\leand\.m2\repository\org\seleniumhq\selenium\selenium-remote-driver\4.18.1\selenium-remote-driver-4.18.1.jar;C:\Users\leand\.m2\repository\com\google\guava\guava\33.0.0-jre\guava-33.0.0-jre.jar;C:\Users\leand\.m2\repository\com\google\guava\failureaccess\1.0.2\failureaccess-1.0.2.jar;C:\Users\leand\.m2\repository\com\google\guava\listenablefuture\9999.0-empty-to-avoid-conflict-with-guava\listenablefuture-9999.0-empty-to-avoid-conflict-with-guava.jar;C:\Users\leand\.m2\repository\com\google\code\findbugs\jsr305\3.0.2\jsr305-3.0.2.jar;C:\Users\leand\.m2\repository\org\checkerframework\checker-qual\3.41.0\checker-qual-3.41.0.jar;C:\Users\leand\.m2\repository\com\google\errorprone\error_prone_annotations\2.23.0\error_prone_annotations-2.23.0.jar;C:\Users\leand\.m2\repository\com\google\j2objc\j2objc-annotations\2.8\j2objc-annotations-2.8.jar;C:\Users\leand\.m2\repository\io\opentelemetry\semconv\opentelemetry-semconv\1.23.1-alpha\opentelemetry-semconv-1.23.1-alpha.jar;C:\Users\leand\.m2\repository\io\opentelemetry\opentelemetry-api\1.35.0\opentelemetry-api-1.35.0.jar;C:\Users\leand\.m2\repository\io\opentelemetry\opentelemetry-context\1.35.0\opentelemetry-context-1.35.0.jar;C:\Users\leand\.m2\repository\io\opentelemetry\opentelemetry-exporter-logging\1.35.0\opentelemetry-exporter-logging-1.35.0.jar;C:\Users\leand\.m2\repository\io\opentelemetry\opentelemetry-sdk-common\1.35.0\opentelemetry-sdk-common-1.35.0.jar;C:\Users\leand\.m2\repository\io\opentelemetry\opentelemetry-sdk-extension-autoconfigure-spi\1.35.0\opentelemetry-sdk-extension-autoconfigure-spi-1.35.0.jar;C:\Users\leand\.m2\repository\io\opentelemetry\opentelemetry-sdk-extension-autoconfigure\1.35.0\opentelemetry-sdk-extension-autoconfigure-1.35.0.jar;C:\Users\leand\.m2\repository\io\opentelemetry\opentelemetry-api-events\1.35.0-alpha\opentelemetry-api-events-1.35.0-alpha.jar;C:\Users\leand\.m2\repository\io\opentelemetry\opentelemetry-sdk-trace\1.35.0\opentelemetry-sdk-trace-1.35.0.jar;C:\Users\leand\.m2\repository\io\opentelemetry\opentelemetry-extension-incubator\1.35.0-alpha\opentelemetry-extension-incubator-1.35.0-alpha.jar;C:\Users\leand\.m2\repository\io\opentelemetry\opentelemetry-sdk\1.35.0\opentelemetry-sdk-1.35.0.jar;C:\Users\leand\.m2\repository\io\opentelemetry\opentelemetry-sdk-metrics\1.35.0\opentelemetry-sdk-metrics-1.35.0.jar;C:\Users\leand\.m2\repository\io\opentelemetry\opentelemetry-sdk-logs\1.35.0\opentelemetry-sdk-logs-1.35.0.jar;C:\Users\leand\.m2\repository\net\bytebuddy\byte-buddy\1.14.12\byte-buddy-1.14.12.jar;C:\Users\leand\.m2\repository\org\seleniumhq\selenium\selenium-os\4.18.1\selenium-os-4.18.1.jar;C:\Users\leand\.m2\repository\org\apache\commons\commons-exec\1.3\commons-exec-1.3.jar;C:\Users\leand\.m2\repository\org\seleniumhq\selenium\selenium-safari-driver\4.18.1\selenium-safari-driver-4.18.1.jar;C:\Users\leand\.m2\repository\org\seleniumhq\selenium\selenium-support\4.18.1\selenium-support-4.18.1.jar;C:\Users\leand\.m2\repository\commons-io\commons-io\2.15.1\commons-io-2.15.1.jar;C:\Users\leand\.m2\repository\org\apache\logging\log4j\log4j-core\2.23.1\log4j-core-2.23.1.jar;C:\Users\leand\.m2\repository\org\apache\logging\log4j\log4j-api\2.23.1\log4j-api-2.23.1.jar;C:\Users\leand\.m2\repository\com\aventstack\extentreports\5.1.1\extentreports-5.1.1.jar;C:\Users\leand\.m2\repository\io\reactivex\rxjava3\rxjava\3.1.6\rxjava-3.1.6.jar;C:\Users\leand\.m2\repository\org\reactivestreams\reactive-streams\1.0.4\reactive-streams-1.0.4.jar;C:\Users\leand\.m2\repository\org\freemarker\freemarker\2.3.32\freemarker-2.3.32.jar;C:\Users\leand\.m2\repository\org\projectlombok\lombok\1.18.26\lombok-1.18.26.jar;C:\Users\leand\.m2\repository\com\google\code\gson\gson\2.10.1\gson-2.10.1.jar;"/>
    <property name="sun.cpu.endian" value="little"/>
    <property name="user.home" value="C:\Users\leand"/>
    <property name="user.language" value="es"/>
    <property name="java.specification.vendor" value="Oracle Corporation"/>
    <property name="java.version.date" value="2024-01-16"/>
    <property name="java.home" value="C:\Program Files\Java\jdk-21"/>
    <property name="file.separator" value="\"/>
    <property name="basedir" value="C:\Users\leand\Desktop\Proyectos\Otros Proyectos\Automation\Primer Proyecto\primer_proyecto"/>
    <property name="java.vm.compressedOopsMode" value="Zero based"/>
    <property name="line.separator" value="&#10;"/>
    <property name="java.vm.specification.vendor" value="Oracle Corporation"/>
    <property name="java.specification.name" value="Java Platform API Specification"/>
    <property name="surefire.real.class.path" value="C:\Users\leand\AppData\Local\Temp\surefire16852353190958024747\surefirebooter-20240425193003560_3.jar"/>
    <property name="user.script" value=""/>
    <property name="sun.management.compiler" value="HotSpot 64-Bit Tiered Compilers"/>
    <property name="java.runtime.version" value="21.0.2+13-LTS-58"/>
    <property name="user.name" value="leand"/>
    <property name="stdout.encoding" value="Cp1252"/>
    <property name="path.separator" value=";"/>
    <property name="os.version" value="10.0"/>
    <property name="java.runtime.name" value="Java(TM) SE Runtime Environment"/>
    <property name="file.encoding" value="UTF-8"/>
    <property name="java.vm.name" value="Java HotSpot(TM) 64-Bit Server VM"/>
    <property name="localRepository" value="C:\Users\leand\.m2\repository"/>
    <property name="java.vendor.url.bug" value="https://bugreport.java.com/bugreport/"/>
    <property name="java.io.tmpdir" value="C:\Users\leand\AppData\Local\Temp\"/>
    <property name="java.version" value="21.0.2"/>
    <property name="user.dir" value="C:\Users\leand\Desktop\Proyectos\Otros Proyectos\Automation\Primer Proyecto\primer_proyecto"/>
    <property name="os.arch" value="amd64"/>
    <property name="java.vm.specification.name" value="Java Virtual Machine Specification"/>
    <property name="sun.os.patch.level" value=""/>
    <property name="native.encoding" value="Cp1252"/>
    <property name="java.library.path" value="C:\Program Files\Java\jdk-21\bin;C:\Windows\Sun\Java\bin;C:\Windows\system32;C:\Windows;C:\Program Files\Common Files\Oracle\Java\javapath;C:\Windows\system32;C:\Windows;C:\Windows\System32\Wbem;C:\Windows\System32\WindowsPowerShell\v1.0\;C:\Windows\System32\OpenSSH\;C:\Program Files (x86)\NVIDIA Corporation\PhysX\Common;C:\Program Files\NVIDIA Corporation\NVIDIA NvDLISR;C:\Program Files\dotnet\;C:\Program Files (x86)\Windows Kits\10\Windows Performance Toolkit\;C:\Program Files\nodejs\;C:\Program Files\apache-maven-3.9.6\bin;C:\Program Files\Git\cmd;C:\Users\leand\AppData\Local\Microsoft\WindowsApps;C:\Users\leand\AppData\Local\GitHubDesktop\bin;C:\Users\leand\.dotnet\tools;C:\Users\leand\AppData\Local\Programs\Microsoft VS Code\bin;C:\Users\leand\AppData\Roaming\npm;."/>
    <property name="java.vm.info" value="mixed mode, sharing"/>
    <property name="stderr.encoding" value="Cp1252"/>
    <property name="java.vendor" value="Oracle Corporation"/>
    <property name="java.vm.version" value="21.0.2+13-LTS-58"/>
    <property name="sun.io.unicode.encoding" value="UnicodeLittle"/>
    <property name="java.class.version" value="65.0"/>
  </properties>
  <testcase name="goToCheckoutOne" classname="tests.CartTest" time="1.906">
    <system-out><![CDATA[2024-04-25 19:30:06.062 [main] DEBUG components.LoginComponent - Enter Username: standard_user
2024-04-25 19:30:06.124 [main] DEBUG components.LoginComponent - Enter Password: secret_sauce
2024-04-25 19:30:06.172 [main] DEBUG components.LoginComponent - Click Login button
2024-04-25 19:30:06.234 [main] DEBUG components.HeaderComponent - Initialize Menu Component
2024-04-25 19:30:06.277 [main] DEBUG components.HeaderComponent - Create new MenuListComponent instance
2024-04-25 19:30:06.298 [main] DEBUG components.MenuListComponent - Click Close Menu button
2024-04-25 19:30:06.893 [main] DEBUG components.HeaderComponent - Click Cart button
2024-04-25 19:30:06.933 [main] DEBUG components.HeaderComponent - Initialize Menu Component
2024-04-25 19:30:06.955 [main] DEBUG components.HeaderComponent - Create new MenuListComponent instance
2024-04-25 19:30:06.961 [main] DEBUG components.MenuListComponent - Click Close Menu button
2024-04-25 19:30:07.545 [main] DEBUG components.cart.CartItemListComponent - Initialize CartItems list
2024-04-25 19:30:07.554 [main] DEBUG components.cart.CartFooter - Click Checkout button
]]></system-out>
    <system-err><![CDATA[SLF4J: Failed to load class "org.slf4j.impl.StaticLoggerBinder".
SLF4J: Defaulting to no-operation (NOP) logger implementation
SLF4J: See http://www.slf4j.org/codes.html#StaticLoggerBinder for further details.
abr 25, 2024 7:30:05 P. M. org.openqa.selenium.devtools.CdpVersionFinder findNearestMatch
WARNING: Unable to find an exact match for CDP version 124, returning the closest version; found: 122; Please update to a Selenium version that supports CDP version 124
]]></system-err>
  </testcase>
  <testcase name="goToInventoryA" classname="tests.CartTest" time="2.496">
    <system-out><![CDATA[El test Go to checkout step one resultó: 1
2024-04-25 19:30:08.891 [main] DEBUG components.LoginComponent - Enter Username: standard_user
2024-04-25 19:30:08.962 [main] DEBUG components.LoginComponent - Enter Password: secret_sauce
2024-04-25 19:30:09.018 [main] DEBUG components.LoginComponent - Click Login button
2024-04-25 19:30:09.112 [main] DEBUG components.HeaderComponent - Initialize Menu Component
2024-04-25 19:30:09.146 [main] DEBUG components.HeaderComponent - Create new MenuListComponent instance
2024-04-25 19:30:09.154 [main] DEBUG components.MenuListComponent - Click Close Menu button
2024-04-25 19:30:09.720 [main] DEBUG components.HeaderComponent - Click Cart button
2024-04-25 19:30:09.757 [main] DEBUG components.HeaderComponent - Initialize Menu Component
2024-04-25 19:30:09.778 [main] DEBUG components.HeaderComponent - Create new MenuListComponent instance
2024-04-25 19:30:09.783 [main] DEBUG components.MenuListComponent - Click Close Menu button
2024-04-25 19:30:10.357 [main] DEBUG components.cart.CartItemListComponent - Initialize CartItems list
2024-04-25 19:30:10.698 [main] DEBUG components.MenuListComponent - Click All Items button
2024-04-25 19:30:10.760 [main] DEBUG components.HeaderComponent - Initialize Menu Component
2024-04-25 19:30:10.786 [main] DEBUG components.HeaderComponent - Create new MenuListComponent instance
2024-04-25 19:30:10.794 [main] DEBUG components.MenuListComponent - Click Close Menu button
]]></system-out>
    <system-err><![CDATA[abr 25, 2024 7:30:07 P. M. org.openqa.selenium.remote.http.WebSocket$Listener onError
WARNING: Connection reset
java.net.SocketException: Connection reset
	at java.base/sun.nio.ch.SocketChannelImpl.throwConnectionReset(SocketChannelImpl.java:401)
	at java.base/sun.nio.ch.SocketChannelImpl.read(SocketChannelImpl.java:434)
	at java.net.http/jdk.internal.net.http.SocketTube.readAvailable(SocketTube.java:1178)
	at java.net.http/jdk.internal.net.http.SocketTube$InternalReadPublisher$InternalReadSubscription.read(SocketTube.java:841)
	at java.net.http/jdk.internal.net.http.SocketTube$SocketFlowTask.run(SocketTube.java:181)
	at java.net.http/jdk.internal.net.http.common.SequentialScheduler$SchedulableTask.run(SequentialScheduler.java:207)
	at java.net.http/jdk.internal.net.http.common.SequentialScheduler.runOrSchedule(SequentialScheduler.java:280)
	at java.net.http/jdk.internal.net.http.common.SequentialScheduler.runOrSchedule(SequentialScheduler.java:233)
	at java.net.http/jdk.internal.net.http.SocketTube$InternalReadPublisher$InternalReadSubscription.signalReadable(SocketTube.java:782)
	at java.net.http/jdk.internal.net.http.SocketTube$InternalReadPublisher$ReadEvent.signalEvent(SocketTube.java:965)
	at java.net.http/jdk.internal.net.http.SocketTube$SocketFlowEvent.handle(SocketTube.java:253)
	at java.net.http/jdk.internal.net.http.HttpClientImpl$SelectorManager.handleEvent(HttpClientImpl.java:1467)
	at java.net.http/jdk.internal.net.http.HttpClientImpl$SelectorManager.lambda$run$3(HttpClientImpl.java:1412)
	at java.base/java.util.ArrayList.forEach(ArrayList.java:1596)
	at java.net.http/jdk.internal.net.http.HttpClientImpl$SelectorManager.run(HttpClientImpl.java:1412)

abr 25, 2024 7:30:08 P. M. org.openqa.selenium.devtools.CdpVersionFinder findNearestMatch
WARNING: Unable to find an exact match for CDP version 124, returning the closest version; found: 122; Please update to a Selenium version that supports CDP version 124
]]></system-err>
  </testcase>
  <testcase name="goToInventoryB" classname="tests.CartTest" time="2.472">
    <system-out><![CDATA[El test Go back to inventory page using All items button in menu resultó: 1
2024-04-25 19:30:12.436 [main] DEBUG components.LoginComponent - Enter Username: standard_user
2024-04-25 19:30:12.506 [main] DEBUG components.LoginComponent - Enter Password: secret_sauce
2024-04-25 19:30:12.579 [main] DEBUG components.LoginComponent - Click Login button
2024-04-25 19:30:12.663 [main] DEBUG components.HeaderComponent - Initialize Menu Component
2024-04-25 19:30:12.696 [main] DEBUG components.HeaderComponent - Create new MenuListComponent instance
2024-04-25 19:30:12.703 [main] DEBUG components.MenuListComponent - Click Close Menu button
2024-04-25 19:30:13.254 [main] DEBUG components.HeaderComponent - Click Cart button
2024-04-25 19:30:13.287 [main] DEBUG components.HeaderComponent - Initialize Menu Component
2024-04-25 19:30:13.310 [main] DEBUG components.HeaderComponent - Create new MenuListComponent instance
2024-04-25 19:30:13.318 [main] DEBUG components.MenuListComponent - Click Close Menu button
2024-04-25 19:30:13.893 [main] DEBUG components.cart.CartItemListComponent - Initialize CartItems list
2024-04-25 19:30:13.900 [main] DEBUG components.cart.CartFooter - Click Continue Shopping button
2024-04-25 19:30:13.936 [main] DEBUG components.HeaderComponent - Initialize Menu Component
2024-04-25 19:30:13.957 [main] DEBUG components.HeaderComponent - Create new MenuListComponent instance
2024-04-25 19:30:13.962 [main] DEBUG components.MenuListComponent - Click Close Menu button
2024-04-25 19:30:14.520 [main] DEBUG components.HeaderComponent - Initialize Menu Component
2024-04-25 19:30:14.852 [main] DEBUG components.HeaderComponent - Create new MenuListComponent instance
2024-04-25 19:30:14.861 [main] DEBUG components.MenuListComponent - Click Close Menu button
]]></system-out>
    <system-err><![CDATA[abr 25, 2024 7:30:11 P. M. org.openqa.selenium.remote.http.WebSocket$Listener onError
WARNING: Connection reset
java.net.SocketException: Connection reset
	at java.base/sun.nio.ch.SocketChannelImpl.throwConnectionReset(SocketChannelImpl.java:401)
	at java.base/sun.nio.ch.SocketChannelImpl.read(SocketChannelImpl.java:434)
	at java.net.http/jdk.internal.net.http.SocketTube.readAvailable(SocketTube.java:1178)
	at java.net.http/jdk.internal.net.http.SocketTube$InternalReadPublisher$InternalReadSubscription.read(SocketTube.java:841)
	at java.net.http/jdk.internal.net.http.SocketTube$SocketFlowTask.run(SocketTube.java:181)
	at java.net.http/jdk.internal.net.http.common.SequentialScheduler$SchedulableTask.run(SequentialScheduler.java:207)
	at java.net.http/jdk.internal.net.http.common.SequentialScheduler.runOrSchedule(SequentialScheduler.java:280)
	at java.net.http/jdk.internal.net.http.common.SequentialScheduler.runOrSchedule(SequentialScheduler.java:233)
	at java.net.http/jdk.internal.net.http.SocketTube$InternalReadPublisher$InternalReadSubscription.signalReadable(SocketTube.java:782)
	at java.net.http/jdk.internal.net.http.SocketTube$InternalReadPublisher$ReadEvent.signalEvent(SocketTube.java:965)
	at java.net.http/jdk.internal.net.http.SocketTube$SocketFlowEvent.handle(SocketTube.java:253)
	at java.net.http/jdk.internal.net.http.HttpClientImpl$SelectorManager.handleEvent(HttpClientImpl.java:1467)
	at java.net.http/jdk.internal.net.http.HttpClientImpl$SelectorManager.lambda$run$3(HttpClientImpl.java:1412)
	at java.base/java.util.ArrayList.forEach(ArrayList.java:1596)
	at java.net.http/jdk.internal.net.http.HttpClientImpl$SelectorManager.run(HttpClientImpl.java:1412)

abr 25, 2024 7:30:12 P. M. org.openqa.selenium.devtools.CdpVersionFinder findNearestMatch
WARNING: Unable to find an exact match for CDP version 124, returning the closest version; found: 122; Please update to a Selenium version that supports CDP version 124
]]></system-err>
  </testcase>
  <testcase name="backHome" classname="tests.CheckoutCompleteTest" time="2.507">
    <system-out><![CDATA[El test Go back to inventory page using Continue Shopping button resultó: 1
2024-04-25 19:30:15.950 [main] DEBUG components.LoginComponent - Enter Username: standard_user
2024-04-25 19:30:16.020 [main] DEBUG components.LoginComponent - Enter Password: secret_sauce
2024-04-25 19:30:16.074 [main] DEBUG components.LoginComponent - Click Login button
2024-04-25 19:30:16.169 [main] DEBUG components.HeaderComponent - Initialize Menu Component
2024-04-25 19:30:16.204 [main] DEBUG components.HeaderComponent - Create new MenuListComponent instance
2024-04-25 19:30:16.213 [main] DEBUG components.MenuListComponent - Click Close Menu button
2024-04-25 19:30:16.784 [main] DEBUG components.inventory.InventoryListComponent - Initialize Inventory List
2024-04-25 19:30:16.806 [main] DEBUG components.inventory.InventoryItem - Get Item name: Sauce Labs Backpack
2024-04-25 19:30:16.806 [main] DEBUG components.inventory.InventoryListComponent - Adding Item: Sauce Labs Backpack
2024-04-25 19:30:16.815 [main] DEBUG components.inventory.InventoryItem - Get Item name: Sauce Labs Bike Light
2024-04-25 19:30:16.815 [main] DEBUG components.inventory.InventoryListComponent - Adding Item: Sauce Labs Bike Light
2024-04-25 19:30:16.824 [main] DEBUG components.inventory.InventoryItem - Get Item name: Sauce Labs Bolt T-Shirt
2024-04-25 19:30:16.824 [main] DEBUG components.inventory.InventoryListComponent - Adding Item: Sauce Labs Bolt T-Shirt
2024-04-25 19:30:16.834 [main] DEBUG components.inventory.InventoryItem - Get Item name: Sauce Labs Fleece Jacket
2024-04-25 19:30:16.834 [main] DEBUG components.inventory.InventoryListComponent - Adding Item: Sauce Labs Fleece Jacket
2024-04-25 19:30:16.847 [main] DEBUG components.inventory.InventoryItem - Get Item name: Sauce Labs Onesie
2024-04-25 19:30:16.847 [main] DEBUG components.inventory.InventoryListComponent - Adding Item: Sauce Labs Onesie
2024-04-25 19:30:16.870 [main] DEBUG components.inventory.InventoryItem - Get Item name: Test.allTheThings() T-Shirt (Red)
2024-04-25 19:30:16.870 [main] DEBUG components.inventory.InventoryListComponent - Adding Item: Test.allTheThings() T-Shirt (Red)
2024-04-25 19:30:16.883 [main] DEBUG components.inventory.InventoryItem - Get Item name: Sauce Labs Backpack
2024-04-25 19:30:16.883 [main] DEBUG components.inventory.InventoryListComponent - Get Item 'Sauce Labs Backpack' with ID '0'
2024-04-25 19:30:16.883 [main] DEBUG components.inventory.InventoryItem - Click Add/Remove button
2024-04-25 19:30:16.909 [main] DEBUG components.HeaderComponent - Click Cart button
2024-04-25 19:30:16.944 [main] DEBUG components.HeaderComponent - Initialize Menu Component
2024-04-25 19:30:16.969 [main] DEBUG components.HeaderComponent - Create new MenuListComponent instance
2024-04-25 19:30:16.974 [main] DEBUG components.MenuListComponent - Click Close Menu button
2024-04-25 19:30:17.541 [main] DEBUG components.cart.CartItemListComponent - Initialize CartItems list
2024-04-25 19:30:17.584 [main] DEBUG components.cart.CartItem - Get Item name: Sauce Labs Backpack
2024-04-25 19:30:17.584 [main] DEBUG components.cart.CartItemListComponent - Adding CartItem: Sauce Labs Backpack
2024-04-25 19:30:17.584 [main] DEBUG components.cart.CartFooter - Click Checkout button
2024-04-25 19:30:17.636 [main] DEBUG components.checkoutOne.BuyerDataComponent - Enter First Name: test
2024-04-25 19:30:17.674 [main] DEBUG components.checkoutOne.BuyerDataComponent - Enter Last Name: test
2024-04-25 19:30:17.712 [main] DEBUG components.checkoutOne.BuyerDataComponent - Enter Postal Code: 1234
2024-04-25 19:30:17.852 [main] DEBUG components.HeaderComponent - Initialize Menu Component
2024-04-25 19:30:17.897 [main] DEBUG components.HeaderComponent - Create new MenuListComponent instance
2024-04-25 19:30:17.903 [main] DEBUG components.MenuListComponent - Click Close Menu button
]]></system-out>
    <system-err><![CDATA[abr 25, 2024 7:30:14 P. M. org.openqa.selenium.remote.http.WebSocket$Listener onError
WARNING: Connection reset
java.net.SocketException: Connection reset
	at java.base/sun.nio.ch.SocketChannelImpl.throwConnectionReset(SocketChannelImpl.java:401)
	at java.base/sun.nio.ch.SocketChannelImpl.read(SocketChannelImpl.java:434)
	at java.net.http/jdk.internal.net.http.SocketTube.readAvailable(SocketTube.java:1178)
	at java.net.http/jdk.internal.net.http.SocketTube$InternalReadPublisher$InternalReadSubscription.read(SocketTube.java:841)
	at java.net.http/jdk.internal.net.http.SocketTube$SocketFlowTask.run(SocketTube.java:181)
	at java.net.http/jdk.internal.net.http.common.SequentialScheduler$SchedulableTask.run(SequentialScheduler.java:207)
	at java.net.http/jdk.internal.net.http.common.SequentialScheduler.runOrSchedule(SequentialScheduler.java:280)
	at java.net.http/jdk.internal.net.http.common.SequentialScheduler.runOrSchedule(SequentialScheduler.java:233)
	at java.net.http/jdk.internal.net.http.SocketTube$InternalReadPublisher$InternalReadSubscription.signalReadable(SocketTube.java:782)
	at java.net.http/jdk.internal.net.http.SocketTube$InternalReadPublisher$ReadEvent.signalEvent(SocketTube.java:965)
	at java.net.http/jdk.internal.net.http.SocketTube$SocketFlowEvent.handle(SocketTube.java:253)
	at java.net.http/jdk.internal.net.http.HttpClientImpl$SelectorManager.handleEvent(HttpClientImpl.java:1467)
	at java.net.http/jdk.internal.net.http.HttpClientImpl$SelectorManager.lambda$run$3(HttpClientImpl.java:1412)
	at java.base/java.util.ArrayList.forEach(ArrayList.java:1596)
	at java.net.http/jdk.internal.net.http.HttpClientImpl$SelectorManager.run(HttpClientImpl.java:1412)

abr 25, 2024 7:30:15 P. M. org.openqa.selenium.devtools.CdpVersionFinder findNearestMatch
WARNING: Unable to find an exact match for CDP version 124, returning the closest version; found: 122; Please update to a Selenium version that supports CDP version 124
]]></system-err>
  </testcase>
  <testcase name="backToCart" classname="tests.CheckoutOneTest" time="2.54">
    <system-out><![CDATA[El test Go back to home page resultó: 1
2024-04-25 19:30:19.540 [main] DEBUG components.LoginComponent - Enter Username: standard_user
2024-04-25 19:30:19.607 [main] DEBUG components.LoginComponent - Enter Password: secret_sauce
2024-04-25 19:30:19.692 [main] DEBUG components.LoginComponent - Click Login button
2024-04-25 19:30:19.757 [main] DEBUG components.HeaderComponent - Initialize Menu Component
2024-04-25 19:30:19.790 [main] DEBUG components.HeaderComponent - Create new MenuListComponent instance
2024-04-25 19:30:19.798 [main] DEBUG components.MenuListComponent - Click Close Menu button
2024-04-25 19:30:20.369 [main] DEBUG components.HeaderComponent - Click Cart button
2024-04-25 19:30:20.424 [main] DEBUG components.HeaderComponent - Initialize Menu Component
2024-04-25 19:30:20.447 [main] DEBUG components.HeaderComponent - Create new MenuListComponent instance
2024-04-25 19:30:20.452 [main] DEBUG components.MenuListComponent - Click Close Menu button
2024-04-25 19:30:21.007 [main] DEBUG components.cart.CartItemListComponent - Initialize CartItems list
2024-04-25 19:30:21.013 [main] DEBUG components.cart.CartFooter - Click Checkout button
2024-04-25 19:30:21.077 [main] DEBUG components.HeaderComponent - Initialize Menu Component
2024-04-25 19:30:21.096 [main] DEBUG components.HeaderComponent - Create new MenuListComponent instance
2024-04-25 19:30:21.102 [main] DEBUG components.MenuListComponent - Click Close Menu button
2024-04-25 19:30:21.667 [main] DEBUG components.cart.CartItemListComponent - Initialize CartItems list
2024-04-25 19:30:21.677 [main] DEBUG components.HeaderComponent - Initialize Menu Component
2024-04-25 19:30:22.020 [main] DEBUG components.HeaderComponent - Create new MenuListComponent instance
2024-04-25 19:30:22.025 [main] DEBUG components.MenuListComponent - Click Close Menu button
2024-04-25 19:30:22.064 [main] DEBUG components.cart.CartItemListComponent - Initialize CartItems list
]]></system-out>
    <system-err><![CDATA[abr 25, 2024 7:30:18 P. M. org.openqa.selenium.remote.http.WebSocket$Listener onError
WARNING: Connection reset
java.net.SocketException: Connection reset
	at java.base/sun.nio.ch.SocketChannelImpl.throwConnectionReset(SocketChannelImpl.java:401)
	at java.base/sun.nio.ch.SocketChannelImpl.read(SocketChannelImpl.java:434)
	at java.net.http/jdk.internal.net.http.SocketTube.readAvailable(SocketTube.java:1178)
	at java.net.http/jdk.internal.net.http.SocketTube$InternalReadPublisher$InternalReadSubscription.read(SocketTube.java:841)
	at java.net.http/jdk.internal.net.http.SocketTube$SocketFlowTask.run(SocketTube.java:181)
	at java.net.http/jdk.internal.net.http.common.SequentialScheduler$SchedulableTask.run(SequentialScheduler.java:207)
	at java.net.http/jdk.internal.net.http.common.SequentialScheduler.runOrSchedule(SequentialScheduler.java:280)
	at java.net.http/jdk.internal.net.http.common.SequentialScheduler.runOrSchedule(SequentialScheduler.java:233)
	at java.net.http/jdk.internal.net.http.SocketTube$InternalReadPublisher$InternalReadSubscription.signalReadable(SocketTube.java:782)
	at java.net.http/jdk.internal.net.http.SocketTube$InternalReadPublisher$ReadEvent.signalEvent(SocketTube.java:965)
	at java.net.http/jdk.internal.net.http.SocketTube$SocketFlowEvent.handle(SocketTube.java:253)
	at java.net.http/jdk.internal.net.http.HttpClientImpl$SelectorManager.handleEvent(HttpClientImpl.java:1467)
	at java.net.http/jdk.internal.net.http.HttpClientImpl$SelectorManager.lambda$run$3(HttpClientImpl.java:1412)
	at java.base/java.util.ArrayList.forEach(ArrayList.java:1596)
	at java.net.http/jdk.internal.net.http.HttpClientImpl$SelectorManager.run(HttpClientImpl.java:1412)

abr 25, 2024 7:30:19 P. M. org.openqa.selenium.devtools.CdpVersionFinder findNearestMatch
WARNING: Unable to find an exact match for CDP version 124, returning the closest version; found: 122; Please update to a Selenium version that supports CDP version 124
]]></system-err>
  </testcase>
  <testcase name="continueToCheckout2" classname="tests.CheckoutOneTest" time="1.676">
    <system-out><![CDATA[El test Go back to cart with cancel button resultó: 1
2024-04-25 19:30:23.083 [main] DEBUG components.LoginComponent - Enter Username: standard_user
2024-04-25 19:30:23.156 [main] DEBUG components.LoginComponent - Enter Password: secret_sauce
2024-04-25 19:30:23.244 [main] DEBUG components.LoginComponent - Click Login button
2024-04-25 19:30:23.313 [main] DEBUG components.HeaderComponent - Initialize Menu Component
2024-04-25 19:30:23.347 [main] DEBUG components.HeaderComponent - Create new MenuListComponent instance
2024-04-25 19:30:23.354 [main] DEBUG components.MenuListComponent - Click Close Menu button
2024-04-25 19:30:23.925 [main] DEBUG components.HeaderComponent - Click Cart button
2024-04-25 19:30:23.964 [main] DEBUG components.HeaderComponent - Initialize Menu Component
2024-04-25 19:30:23.984 [main] DEBUG components.HeaderComponent - Create new MenuListComponent instance
2024-04-25 19:30:23.990 [main] DEBUG components.MenuListComponent - Click Close Menu button
2024-04-25 19:30:24.548 [main] DEBUG components.cart.CartItemListComponent - Initialize CartItems list
2024-04-25 19:30:24.555 [main] DEBUG components.cart.CartFooter - Click Checkout button
2024-04-25 19:30:24.590 [main] DEBUG components.checkoutOne.BuyerDataComponent - Enter First Name: test
2024-04-25 19:30:24.627 [main] DEBUG components.checkoutOne.BuyerDataComponent - Enter Last Name: test
2024-04-25 19:30:24.666 [main] DEBUG components.checkoutOne.BuyerDataComponent - Enter Postal Code: 1234
]]></system-out>
    <system-err><![CDATA[abr 25, 2024 7:30:22 P. M. org.openqa.selenium.devtools.CdpVersionFinder findNearestMatch
WARNING: Unable to find an exact match for CDP version 124, returning the closest version; found: 122; Please update to a Selenium version that supports CDP version 124
]]></system-err>
  </testcase>
  <testcase name="continueToCheckout2WithNoData" classname="tests.CheckoutOneTest" time="1.57">
    <system-out><![CDATA[El test Continue to checkout 2 resultó: 1
2024-04-25 19:30:25.822 [main] DEBUG components.LoginComponent - Enter Username: standard_user
2024-04-25 19:30:25.891 [main] DEBUG components.LoginComponent - Enter Password: secret_sauce
2024-04-25 19:30:25.962 [main] DEBUG components.LoginComponent - Click Login button
2024-04-25 19:30:26.031 [main] DEBUG components.HeaderComponent - Initialize Menu Component
2024-04-25 19:30:26.065 [main] DEBUG components.HeaderComponent - Create new MenuListComponent instance
2024-04-25 19:30:26.073 [main] DEBUG components.MenuListComponent - Click Close Menu button
2024-04-25 19:30:26.627 [main] DEBUG components.HeaderComponent - Click Cart button
2024-04-25 19:30:26.660 [main] DEBUG components.HeaderComponent - Initialize Menu Component
2024-04-25 19:30:26.685 [main] DEBUG components.HeaderComponent - Create new MenuListComponent instance
2024-04-25 19:30:26.702 [main] DEBUG components.MenuListComponent - Click Close Menu button
2024-04-25 19:30:27.274 [main] DEBUG components.cart.CartItemListComponent - Initialize CartItems list
2024-04-25 19:30:27.281 [main] DEBUG components.cart.CartFooter - Click Checkout button
2024-04-25 19:30:27.383 [main] DEBUG components.checkoutOne.BuyerDataComponent - Is error field displayed: true
]]></system-out>
    <system-err><![CDATA[abr 25, 2024 7:30:25 P. M. org.openqa.selenium.devtools.CdpVersionFinder findNearestMatch
WARNING: Unable to find an exact match for CDP version 124, returning the closest version; found: 122; Please update to a Selenium version that supports CDP version 124
]]></system-err>
  </testcase>
  <testcase name="cancelCheckout" classname="tests.CheckoutTwoTest" time="2.653">
    <system-out><![CDATA[El test Continue to checkout 2 without inserting info resultó: 1
2024-04-25 19:30:28.433 [main] DEBUG components.LoginComponent - Enter Username: standard_user
2024-04-25 19:30:28.537 [main] DEBUG components.LoginComponent - Enter Password: secret_sauce
2024-04-25 19:30:28.592 [main] DEBUG components.LoginComponent - Click Login button
2024-04-25 19:30:28.657 [main] DEBUG components.HeaderComponent - Initialize Menu Component
2024-04-25 19:30:28.690 [main] DEBUG components.HeaderComponent - Create new MenuListComponent instance
2024-04-25 19:30:28.698 [main] DEBUG components.MenuListComponent - Click Close Menu button
2024-04-25 19:30:29.276 [main] DEBUG components.HeaderComponent - Click Cart button
2024-04-25 19:30:29.312 [main] DEBUG components.HeaderComponent - Initialize Menu Component
2024-04-25 19:30:29.332 [main] DEBUG components.HeaderComponent - Create new MenuListComponent instance
2024-04-25 19:30:29.337 [main] DEBUG components.MenuListComponent - Click Close Menu button
2024-04-25 19:30:29.886 [main] DEBUG components.cart.CartItemListComponent - Initialize CartItems list
2024-04-25 19:30:29.892 [main] DEBUG components.cart.CartFooter - Click Checkout button
2024-04-25 19:30:29.924 [main] DEBUG components.checkoutOne.BuyerDataComponent - Enter First Name: test
2024-04-25 19:30:29.961 [main] DEBUG components.checkoutOne.BuyerDataComponent - Enter Last Name: test
2024-04-25 19:30:30.009 [main] DEBUG components.checkoutOne.BuyerDataComponent - Enter Postal Code: 1234
2024-04-25 19:30:30.112 [main] DEBUG components.HeaderComponent - Initialize Menu Component
2024-04-25 19:30:30.136 [main] DEBUG components.HeaderComponent - Create new MenuListComponent instance
2024-04-25 19:30:30.140 [main] DEBUG components.MenuListComponent - Click Close Menu button
2024-04-25 19:30:30.694 [main] DEBUG components.HeaderComponent - Initialize Menu Component
2024-04-25 19:30:31.036 [main] DEBUG components.HeaderComponent - Create new MenuListComponent instance
2024-04-25 19:30:31.041 [main] DEBUG components.MenuListComponent - Click Close Menu button
]]></system-out>
    <system-err><![CDATA[abr 25, 2024 7:30:28 P. M. org.openqa.selenium.devtools.CdpVersionFinder findNearestMatch
WARNING: Unable to find an exact match for CDP version 124, returning the closest version; found: 122; Please update to a Selenium version that supports CDP version 124
]]></system-err>
  </testcase>
  <testcase name="finishCheckout" classname="tests.CheckoutTwoTest" time="1.818">
    <system-out><![CDATA[El test Cancel checkout resultó: 1
2024-04-25 19:30:32.202 [main] DEBUG components.LoginComponent - Enter Username: standard_user
2024-04-25 19:30:32.304 [main] DEBUG components.LoginComponent - Enter Password: secret_sauce
2024-04-25 19:30:32.361 [main] DEBUG components.LoginComponent - Click Login button
2024-04-25 19:30:32.430 [main] DEBUG components.HeaderComponent - Initialize Menu Component
2024-04-25 19:30:32.456 [main] DEBUG components.HeaderComponent - Create new MenuListComponent instance
2024-04-25 19:30:32.468 [main] DEBUG components.MenuListComponent - Click Close Menu button
2024-04-25 19:30:33.049 [main] DEBUG components.inventory.InventoryListComponent - Initialize Inventory List
2024-04-25 19:30:33.071 [main] DEBUG components.inventory.InventoryItem - Get Item name: Sauce Labs Backpack
2024-04-25 19:30:33.071 [main] DEBUG components.inventory.InventoryListComponent - Adding Item: Sauce Labs Backpack
2024-04-25 19:30:33.079 [main] DEBUG components.inventory.InventoryItem - Get Item name: Sauce Labs Bike Light
2024-04-25 19:30:33.079 [main] DEBUG components.inventory.InventoryListComponent - Adding Item: Sauce Labs Bike Light
2024-04-25 19:30:33.088 [main] DEBUG components.inventory.InventoryItem - Get Item name: Sauce Labs Bolt T-Shirt
2024-04-25 19:30:33.088 [main] DEBUG components.inventory.InventoryListComponent - Adding Item: Sauce Labs Bolt T-Shirt
2024-04-25 19:30:33.096 [main] DEBUG components.inventory.InventoryItem - Get Item name: Sauce Labs Fleece Jacket
2024-04-25 19:30:33.096 [main] DEBUG components.inventory.InventoryListComponent - Adding Item: Sauce Labs Fleece Jacket
2024-04-25 19:30:33.104 [main] DEBUG components.inventory.InventoryItem - Get Item name: Sauce Labs Onesie
2024-04-25 19:30:33.104 [main] DEBUG components.inventory.InventoryListComponent - Adding Item: Sauce Labs Onesie
2024-04-25 19:30:33.112 [main] DEBUG components.inventory.InventoryItem - Get Item name: Test.allTheThings() T-Shirt (Red)
2024-04-25 19:30:33.112 [main] DEBUG components.inventory.InventoryListComponent - Adding Item: Test.allTheThings() T-Shirt (Red)
2024-04-25 19:30:33.120 [main] DEBUG components.inventory.InventoryItem - Get Item name: Sauce Labs Backpack
2024-04-25 19:30:33.120 [main] DEBUG components.inventory.InventoryListComponent - Get Item 'Sauce Labs Backpack' with ID '0'
2024-04-25 19:30:33.120 [main] DEBUG components.inventory.InventoryItem - Click Add/Remove button
2024-04-25 19:30:33.144 [main] DEBUG components.HeaderComponent - Click Cart button
2024-04-25 19:30:33.185 [main] DEBUG components.HeaderComponent - Initialize Menu Component
2024-04-25 19:30:33.209 [main] DEBUG components.HeaderComponent - Create new MenuListComponent instance
2024-04-25 19:30:33.213 [main] DEBUG components.MenuListComponent - Click Close Menu button
2024-04-25 19:30:33.785 [main] DEBUG components.cart.CartItemListComponent - Initialize CartItems list
2024-04-25 19:30:33.801 [main] DEBUG components.cart.CartItem - Get Item name: Sauce Labs Backpack
2024-04-25 19:30:33.801 [main] DEBUG components.cart.CartItemListComponent - Adding CartItem: Sauce Labs Backpack
2024-04-25 19:30:33.801 [main] DEBUG components.cart.CartFooter - Click Checkout button
2024-04-25 19:30:33.838 [main] DEBUG components.checkoutOne.BuyerDataComponent - Enter First Name: test
2024-04-25 19:30:33.873 [main] DEBUG components.checkoutOne.BuyerDataComponent - Enter Last Name: test
2024-04-25 19:30:33.906 [main] DEBUG components.checkoutOne.BuyerDataComponent - Enter Postal Code: 1234
]]></system-out>
    <system-err><![CDATA[abr 25, 2024 7:30:31 P. M. org.openqa.selenium.devtools.CdpVersionFinder findNearestMatch
WARNING: Unable to find an exact match for CDP version 124, returning the closest version; found: 122; Please update to a Selenium version that supports CDP version 124
]]></system-err>
  </testcase>
  <testcase name="closeMenu" classname="tests.InventoryTest" time="2.417">
    <system-out><![CDATA[El test Finish checkout resultó: 1
2024-04-25 19:30:35.149 [main] DEBUG components.LoginComponent - Enter Username: standard_user
2024-04-25 19:30:35.223 [main] DEBUG components.LoginComponent - Enter Password: secret_sauce
2024-04-25 19:30:35.309 [main] DEBUG components.LoginComponent - Click Login button
2024-04-25 19:30:35.379 [main] DEBUG components.HeaderComponent - Initialize Menu Component
2024-04-25 19:30:35.423 [main] DEBUG components.HeaderComponent - Create new MenuListComponent instance
2024-04-25 19:30:35.433 [main] DEBUG components.MenuListComponent - Click Close Menu button
2024-04-25 19:30:36.338 [main] DEBUG components.MenuListComponent - Click Close Menu button
2024-04-25 19:30:36.378 [main] DEBUG components.HeaderComponent - Initialize Menu Component
2024-04-25 19:30:36.463 [main] DEBUG components.HeaderComponent - Create new MenuListComponent instance
2024-04-25 19:30:36.467 [main] DEBUG components.MenuListComponent - Click Close Menu button
2024-04-25 19:30:37.556 [main] DEBUG components.MenuListComponent - Is menu closed: true
2024-04-25 19:30:37.556 [main] DEBUG components.HeaderComponent - Is menu closed: true
]]></system-out>
    <system-err><![CDATA[abr 25, 2024 7:30:34 P. M. org.openqa.selenium.devtools.CdpVersionFinder findNearestMatch
WARNING: Unable to find an exact match for CDP version 124, returning the closest version; found: 122; Please update to a Selenium version that supports CDP version 124
]]></system-err>
  </testcase>
  <testcase name="filterChange" classname="tests.InventoryTest" time="1.248">
    <system-out><![CDATA[El test Close hamburger menu resultó: 1
2024-04-25 19:30:38.635 [main] DEBUG components.LoginComponent - Enter Username: standard_user
2024-04-25 19:30:38.702 [main] DEBUG components.LoginComponent - Enter Password: secret_sauce
2024-04-25 19:30:38.765 [main] DEBUG components.LoginComponent - Click Login button
2024-04-25 19:30:38.863 [main] DEBUG components.HeaderComponent - Initialize Menu Component
2024-04-25 19:30:38.901 [main] DEBUG components.HeaderComponent - Create new MenuListComponent instance
2024-04-25 19:30:38.908 [main] DEBUG components.MenuListComponent - Click Close Menu button
2024-04-25 19:30:39.469 [main] DEBUG components.inventory.SecondaryHeaderComponent - Select filter with index: 3
2024-04-25 19:30:39.587 [main] DEBUG components.inventory.SecondaryHeaderComponent - Get selected filter: Price (high to low)
2024-04-25 19:30:39.587 [main] DEBUG components.inventory.SecondaryHeaderComponent - Selected filter: Price (high to low)
2024-04-25 19:30:39.591 [main] DEBUG components.HeaderComponent - Initialize Menu Component
2024-04-25 19:30:39.797 [main] DEBUG components.HeaderComponent - Create new MenuListComponent instance
2024-04-25 19:30:39.813 [main] DEBUG components.MenuListComponent - Click Close Menu button
2024-04-25 19:30:39.875 [main] DEBUG components.inventory.SecondaryHeaderComponent - Get selected filter: Price (high to low)
]]></system-out>
    <system-err><![CDATA[abr 25, 2024 7:30:38 P. M. org.openqa.selenium.devtools.CdpVersionFinder findNearestMatch
WARNING: Unable to find an exact match for CDP version 124, returning the closest version; found: 122; Please update to a Selenium version that supports CDP version 124
]]></system-err>
  </testcase>
  <testcase name="goToAboutPage" classname="tests.InventoryTest" time="5.452">
    <system-out><![CDATA[El test Change the shop filter resultó: 1
2024-04-25 19:30:40.986 [main] DEBUG components.LoginComponent - Enter Username: standard_user
2024-04-25 19:30:41.074 [main] DEBUG components.LoginComponent - Enter Password: secret_sauce
2024-04-25 19:30:41.152 [main] DEBUG components.LoginComponent - Click Login button
2024-04-25 19:30:41.230 [main] DEBUG components.HeaderComponent - Initialize Menu Component
2024-04-25 19:30:41.269 [main] DEBUG components.HeaderComponent - Create new MenuListComponent instance
2024-04-25 19:30:41.275 [main] DEBUG components.MenuListComponent - Click Close Menu button
2024-04-25 19:30:42.177 [main] DEBUG components.MenuListComponent - Click About button
]]></system-out>
    <system-err><![CDATA[abr 25, 2024 7:30:40 P. M. org.openqa.selenium.devtools.CdpVersionFinder findNearestMatch
WARNING: Unable to find an exact match for CDP version 124, returning the closest version; found: 122; Please update to a Selenium version that supports CDP version 124
]]></system-err>
  </testcase>
  <testcase name="goToCart" classname="tests.InventoryTest" time="1.885">
    <system-out><![CDATA[El test Go to about page resultó: 1
2024-04-25 19:30:47.775 [main] DEBUG components.LoginComponent - Enter Username: standard_user
2024-04-25 19:30:47.841 [main] DEBUG components.LoginComponent - Enter Password: secret_sauce
2024-04-25 19:30:47.936 [main] DEBUG components.LoginComponent - Click Login button
2024-04-25 19:30:48.001 [main] DEBUG components.HeaderComponent - Initialize Menu Component
2024-04-25 19:30:48.034 [main] DEBUG components.HeaderComponent - Create new MenuListComponent instance
2024-04-25 19:30:48.041 [main] DEBUG components.MenuListComponent - Click Close Menu button
2024-04-25 19:30:48.599 [main] DEBUG components.HeaderComponent - Click Cart button
2024-04-25 19:30:48.634 [main] DEBUG components.HeaderComponent - Initialize Menu Component
2024-04-25 19:30:48.688 [main] DEBUG components.HeaderComponent - Create new MenuListComponent instance
2024-04-25 19:30:48.697 [main] DEBUG components.MenuListComponent - Click Close Menu button
2024-04-25 19:30:49.258 [main] DEBUG components.cart.CartItemListComponent - Initialize CartItems list
2024-04-25 19:30:49.270 [main] DEBUG components.HeaderComponent - Initialize Menu Component
2024-04-25 19:30:49.601 [main] DEBUG components.HeaderComponent - Create new MenuListComponent instance
2024-04-25 19:30:49.606 [main] DEBUG components.MenuListComponent - Click Close Menu button
2024-04-25 19:30:49.645 [main] DEBUG components.cart.CartItemListComponent - Initialize CartItems list
]]></system-out>
    <system-err><![CDATA[abr 25, 2024 7:30:47 P. M. org.openqa.selenium.devtools.CdpVersionFinder findNearestMatch
WARNING: Unable to find an exact match for CDP version 124, returning the closest version; found: 122; Please update to a Selenium version that supports CDP version 124
]]></system-err>
  </testcase>
  <testcase name="goToCartWithAddedItem" classname="tests.InventoryTest" time="1.901">
    <system-out><![CDATA[El test Go to cart resultó: 1
2024-04-25 19:30:50.754 [main] DEBUG components.LoginComponent - Enter Username: standard_user
2024-04-25 19:30:50.825 [main] DEBUG components.LoginComponent - Enter Password: secret_sauce
2024-04-25 19:30:50.876 [main] DEBUG components.LoginComponent - Click Login button
2024-04-25 19:30:50.969 [main] DEBUG components.HeaderComponent - Initialize Menu Component
2024-04-25 19:30:51.005 [main] DEBUG components.HeaderComponent - Create new MenuListComponent instance
2024-04-25 19:30:51.011 [main] DEBUG components.MenuListComponent - Click Close Menu button
2024-04-25 19:30:51.579 [main] DEBUG components.inventory.InventoryListComponent - Initialize Inventory List
2024-04-25 19:30:51.597 [main] DEBUG components.inventory.InventoryItem - Get Item name: Sauce Labs Backpack
2024-04-25 19:30:51.597 [main] DEBUG components.inventory.InventoryListComponent - Adding Item: Sauce Labs Backpack
2024-04-25 19:30:51.606 [main] DEBUG components.inventory.InventoryItem - Get Item name: Sauce Labs Bike Light
2024-04-25 19:30:51.606 [main] DEBUG components.inventory.InventoryListComponent - Adding Item: Sauce Labs Bike Light
2024-04-25 19:30:51.614 [main] DEBUG components.inventory.InventoryItem - Get Item name: Sauce Labs Bolt T-Shirt
2024-04-25 19:30:51.614 [main] DEBUG components.inventory.InventoryListComponent - Adding Item: Sauce Labs Bolt T-Shirt
2024-04-25 19:30:51.621 [main] DEBUG components.inventory.InventoryItem - Get Item name: Sauce Labs Fleece Jacket
2024-04-25 19:30:51.621 [main] DEBUG components.inventory.InventoryListComponent - Adding Item: Sauce Labs Fleece Jacket
2024-04-25 19:30:51.629 [main] DEBUG components.inventory.InventoryItem - Get Item name: Sauce Labs Onesie
2024-04-25 19:30:51.629 [main] DEBUG components.inventory.InventoryListComponent - Adding Item: Sauce Labs Onesie
2024-04-25 19:30:51.638 [main] DEBUG components.inventory.InventoryItem - Get Item name: Test.allTheThings() T-Shirt (Red)
2024-04-25 19:30:51.638 [main] DEBUG components.inventory.InventoryListComponent - Adding Item: Test.allTheThings() T-Shirt (Red)
2024-04-25 19:30:51.647 [main] DEBUG components.inventory.InventoryItem - Get Item name: Sauce Labs Backpack
2024-04-25 19:30:51.647 [main] DEBUG components.inventory.InventoryListComponent - Get Item 'Sauce Labs Backpack' with ID '0'
2024-04-25 19:30:51.655 [main] DEBUG components.inventory.InventoryItem - Get Item name: Sauce Labs Backpack
2024-04-25 19:30:51.655 [main] DEBUG components.inventory.InventoryItem - Click Add/Remove button
2024-04-25 19:30:51.712 [main] DEBUG components.HeaderComponent - Initialize Menu Component
2024-04-25 19:30:51.918 [main] DEBUG components.HeaderComponent - Create new MenuListComponent instance
2024-04-25 19:30:51.921 [main] DEBUG components.MenuListComponent - Click Close Menu button
2024-04-25 19:30:51.979 [main] DEBUG components.HeaderComponent - Click Cart button
2024-04-25 19:30:52.029 [main] DEBUG components.HeaderComponent - Initialize Menu Component
2024-04-25 19:30:52.055 [main] DEBUG components.HeaderComponent - Create new MenuListComponent instance
2024-04-25 19:30:52.063 [main] DEBUG components.MenuListComponent - Click Close Menu button
2024-04-25 19:30:52.613 [main] DEBUG components.cart.CartItemListComponent - Initialize CartItems list
2024-04-25 19:30:52.629 [main] DEBUG components.cart.CartItem - Get Item name: Sauce Labs Backpack
2024-04-25 19:30:52.629 [main] DEBUG components.cart.CartItemListComponent - Adding CartItem: Sauce Labs Backpack
2024-04-25 19:30:52.637 [main] DEBUG components.cart.CartItem - Get Item name: Sauce Labs Backpack
2024-04-25 19:30:52.638 [main] DEBUG components.cart.CartItemListComponent - Get CartItem 'Sauce Labs Backpack'' with index '0'
2024-04-25 19:30:52.646 [main] DEBUG components.cart.CartItem - Get Item name: Sauce Labs Backpack
]]></system-out>
    <system-err><![CDATA[abr 25, 2024 7:30:49 P. M. org.openqa.selenium.remote.http.WebSocket$Listener onError
WARNING: Connection reset
java.net.SocketException: Connection reset
	at java.base/sun.nio.ch.SocketChannelImpl.throwConnectionReset(SocketChannelImpl.java:401)
	at java.base/sun.nio.ch.SocketChannelImpl.read(SocketChannelImpl.java:434)
	at java.net.http/jdk.internal.net.http.SocketTube.readAvailable(SocketTube.java:1178)
	at java.net.http/jdk.internal.net.http.SocketTube$InternalReadPublisher$InternalReadSubscription.read(SocketTube.java:841)
	at java.net.http/jdk.internal.net.http.SocketTube$SocketFlowTask.run(SocketTube.java:181)
	at java.net.http/jdk.internal.net.http.common.SequentialScheduler$SchedulableTask.run(SequentialScheduler.java:207)
	at java.net.http/jdk.internal.net.http.common.SequentialScheduler.runOrSchedule(SequentialScheduler.java:280)
	at java.net.http/jdk.internal.net.http.common.SequentialScheduler.runOrSchedule(SequentialScheduler.java:233)
	at java.net.http/jdk.internal.net.http.SocketTube$InternalReadPublisher$InternalReadSubscription.signalReadable(SocketTube.java:782)
	at java.net.http/jdk.internal.net.http.SocketTube$InternalReadPublisher$ReadEvent.signalEvent(SocketTube.java:965)
	at java.net.http/jdk.internal.net.http.SocketTube$SocketFlowEvent.handle(SocketTube.java:253)
	at java.net.http/jdk.internal.net.http.HttpClientImpl$SelectorManager.handleEvent(HttpClientImpl.java:1467)
	at java.net.http/jdk.internal.net.http.HttpClientImpl$SelectorManager.lambda$run$3(HttpClientImpl.java:1412)
	at java.base/java.util.ArrayList.forEach(ArrayList.java:1596)
	at java.net.http/jdk.internal.net.http.HttpClientImpl$SelectorManager.run(HttpClientImpl.java:1412)

abr 25, 2024 7:30:50 P. M. org.openqa.selenium.devtools.CdpVersionFinder findNearestMatch
WARNING: Unable to find an exact match for CDP version 124, returning the closest version; found: 122; Please update to a Selenium version that supports CDP version 124
]]></system-err>
  </testcase>
  <testcase name="goToInventory" classname="tests.InventoryTest" time="2.942">
    <system-out><![CDATA[El test Add item to cart and check if its the same item resultó: 1
2024-04-25 19:30:53.696 [main] DEBUG components.LoginComponent - Enter Username: standard_user
2024-04-25 19:30:53.790 [main] DEBUG components.LoginComponent - Enter Password: secret_sauce
2024-04-25 19:30:53.850 [main] DEBUG components.LoginComponent - Click Login button
2024-04-25 19:30:53.920 [main] DEBUG components.HeaderComponent - Initialize Menu Component
2024-04-25 19:30:53.973 [main] DEBUG components.HeaderComponent - Create new MenuListComponent instance
2024-04-25 19:30:53.986 [main] DEBUG components.MenuListComponent - Click Close Menu button
2024-04-25 19:30:54.537 [main] DEBUG components.HeaderComponent - Click Cart button
2024-04-25 19:30:54.569 [main] DEBUG components.HeaderComponent - Initialize Menu Component
2024-04-25 19:30:54.590 [main] DEBUG components.HeaderComponent - Create new MenuListComponent instance
2024-04-25 19:30:54.595 [main] DEBUG components.MenuListComponent - Click Close Menu button
2024-04-25 19:30:55.146 [main] DEBUG components.cart.CartItemListComponent - Initialize CartItems list
2024-04-25 19:30:55.495 [main] DEBUG components.MenuListComponent - Click All Items button
2024-04-25 19:30:56.062 [main] DEBUG components.HeaderComponent - Initialize Menu Component
2024-04-25 19:30:56.083 [main] DEBUG components.HeaderComponent - Create new MenuListComponent instance
2024-04-25 19:30:56.088 [main] DEBUG components.MenuListComponent - Click Close Menu button
]]></system-out>
    <system-err><![CDATA[abr 25, 2024 7:30:52 P. M. org.openqa.selenium.remote.http.WebSocket$Listener onError
WARNING: Connection reset
java.net.SocketException: Connection reset
	at java.base/sun.nio.ch.SocketChannelImpl.throwConnectionReset(SocketChannelImpl.java:401)
	at java.base/sun.nio.ch.SocketChannelImpl.read(SocketChannelImpl.java:434)
	at java.net.http/jdk.internal.net.http.SocketTube.readAvailable(SocketTube.java:1178)
	at java.net.http/jdk.internal.net.http.SocketTube$InternalReadPublisher$InternalReadSubscription.read(SocketTube.java:841)
	at java.net.http/jdk.internal.net.http.SocketTube$SocketFlowTask.run(SocketTube.java:181)
	at java.net.http/jdk.internal.net.http.common.SequentialScheduler$SchedulableTask.run(SequentialScheduler.java:207)
	at java.net.http/jdk.internal.net.http.common.SequentialScheduler.runOrSchedule(SequentialScheduler.java:280)
	at java.net.http/jdk.internal.net.http.common.SequentialScheduler.runOrSchedule(SequentialScheduler.java:233)
	at java.net.http/jdk.internal.net.http.SocketTube$InternalReadPublisher$InternalReadSubscription.signalReadable(SocketTube.java:782)
	at java.net.http/jdk.internal.net.http.SocketTube$InternalReadPublisher$ReadEvent.signalEvent(SocketTube.java:965)
	at java.net.http/jdk.internal.net.http.SocketTube$SocketFlowEvent.handle(SocketTube.java:253)
	at java.net.http/jdk.internal.net.http.HttpClientImpl$SelectorManager.handleEvent(HttpClientImpl.java:1467)
	at java.net.http/jdk.internal.net.http.HttpClientImpl$SelectorManager.lambda$run$3(HttpClientImpl.java:1412)
	at java.base/java.util.ArrayList.forEach(ArrayList.java:1596)
	at java.net.http/jdk.internal.net.http.HttpClientImpl$SelectorManager.run(HttpClientImpl.java:1412)

abr 25, 2024 7:30:53 P. M. org.openqa.selenium.devtools.CdpVersionFinder findNearestMatch
WARNING: Unable to find an exact match for CDP version 124, returning the closest version; found: 122; Please update to a Selenium version that supports CDP version 124
]]></system-err>
  </testcase>
  <testcase name="goToItemPageFromImage" classname="tests.InventoryTest" time="1.964">
    <system-out><![CDATA[El test Go back to Inventory page resultó: 1
2024-04-25 19:30:57.711 [main] DEBUG components.LoginComponent - Enter Username: standard_user
2024-04-25 19:30:57.807 [main] DEBUG components.LoginComponent - Enter Password: secret_sauce
2024-04-25 19:30:57.866 [main] DEBUG components.LoginComponent - Click Login button
2024-04-25 19:30:57.933 [main] DEBUG components.HeaderComponent - Initialize Menu Component
2024-04-25 19:30:57.967 [main] DEBUG components.HeaderComponent - Create new MenuListComponent instance
2024-04-25 19:30:57.974 [main] DEBUG components.MenuListComponent - Click Close Menu button
2024-04-25 19:30:58.557 [main] DEBUG components.inventory.InventoryListComponent - Initialize Inventory List
2024-04-25 19:30:58.575 [main] DEBUG components.inventory.InventoryItem - Get Item name: Sauce Labs Backpack
2024-04-25 19:30:58.575 [main] DEBUG components.inventory.InventoryListComponent - Adding Item: Sauce Labs Backpack
2024-04-25 19:30:58.583 [main] DEBUG components.inventory.InventoryItem - Get Item name: Sauce Labs Bike Light
2024-04-25 19:30:58.583 [main] DEBUG components.inventory.InventoryListComponent - Adding Item: Sauce Labs Bike Light
2024-04-25 19:30:58.590 [main] DEBUG components.inventory.InventoryItem - Get Item name: Sauce Labs Bolt T-Shirt
2024-04-25 19:30:58.590 [main] DEBUG components.inventory.InventoryListComponent - Adding Item: Sauce Labs Bolt T-Shirt
2024-04-25 19:30:58.597 [main] DEBUG components.inventory.InventoryItem - Get Item name: Sauce Labs Fleece Jacket
2024-04-25 19:30:58.598 [main] DEBUG components.inventory.InventoryListComponent - Adding Item: Sauce Labs Fleece Jacket
2024-04-25 19:30:58.605 [main] DEBUG components.inventory.InventoryItem - Get Item name: Sauce Labs Onesie
2024-04-25 19:30:58.605 [main] DEBUG components.inventory.InventoryListComponent - Adding Item: Sauce Labs Onesie
2024-04-25 19:30:58.614 [main] DEBUG components.inventory.InventoryItem - Get Item name: Test.allTheThings() T-Shirt (Red)
2024-04-25 19:30:58.616 [main] DEBUG components.inventory.InventoryListComponent - Adding Item: Test.allTheThings() T-Shirt (Red)
2024-04-25 19:30:58.624 [main] DEBUG components.inventory.InventoryItem - Get Item name: Sauce Labs Backpack
2024-04-25 19:30:58.624 [main] DEBUG components.inventory.InventoryListComponent - Get Item 'Sauce Labs Backpack' with ID '0'
2024-04-25 19:30:58.632 [main] DEBUG components.inventory.InventoryItem - Get Item name: Sauce Labs Backpack
2024-04-25 19:30:58.632 [main] DEBUG components.inventory.InventoryItem - Click Image button
2024-04-25 19:30:58.712 [main] DEBUG components.HeaderComponent - Initialize Menu Component
2024-04-25 19:30:58.734 [main] DEBUG components.HeaderComponent - Create new MenuListComponent instance
2024-04-25 19:30:58.738 [main] DEBUG components.MenuListComponent - Click Close Menu button
2024-04-25 19:30:59.291 [main] DEBUG components.HeaderComponent - Initialize Menu Component
2024-04-25 19:30:59.627 [main] DEBUG components.HeaderComponent - Create new MenuListComponent instance
2024-04-25 19:30:59.631 [main] DEBUG components.MenuListComponent - Click Close Menu button
]]></system-out>
    <system-err><![CDATA[abr 25, 2024 7:30:57 P. M. org.openqa.selenium.devtools.CdpVersionFinder findNearestMatch
WARNING: Unable to find an exact match for CDP version 124, returning the closest version; found: 122; Please update to a Selenium version that supports CDP version 124
]]></system-err>
  </testcase>
  <testcase name="goToItemPageFromLabel" classname="tests.InventoryTest" time="1.928">
    <system-out><![CDATA[El test Go to item page from image resultó: 1
2024-04-25 19:31:00.817 [main] DEBUG components.LoginComponent - Enter Username: standard_user
2024-04-25 19:31:00.883 [main] DEBUG components.LoginComponent - Enter Password: secret_sauce
2024-04-25 19:31:00.936 [main] DEBUG components.LoginComponent - Click Login button
2024-04-25 19:31:01.004 [main] DEBUG components.HeaderComponent - Initialize Menu Component
2024-04-25 19:31:01.071 [main] DEBUG components.HeaderComponent - Create new MenuListComponent instance
2024-04-25 19:31:01.079 [main] DEBUG components.MenuListComponent - Click Close Menu button
2024-04-25 19:31:01.639 [main] DEBUG components.inventory.InventoryListComponent - Initialize Inventory List
2024-04-25 19:31:01.656 [main] DEBUG components.inventory.InventoryItem - Get Item name: Sauce Labs Backpack
2024-04-25 19:31:01.656 [main] DEBUG components.inventory.InventoryListComponent - Adding Item: Sauce Labs Backpack
2024-04-25 19:31:01.665 [main] DEBUG components.inventory.InventoryItem - Get Item name: Sauce Labs Bike Light
2024-04-25 19:31:01.665 [main] DEBUG components.inventory.InventoryListComponent - Adding Item: Sauce Labs Bike Light
2024-04-25 19:31:01.672 [main] DEBUG components.inventory.InventoryItem - Get Item name: Sauce Labs Bolt T-Shirt
2024-04-25 19:31:01.672 [main] DEBUG components.inventory.InventoryListComponent - Adding Item: Sauce Labs Bolt T-Shirt
2024-04-25 19:31:01.680 [main] DEBUG components.inventory.InventoryItem - Get Item name: Sauce Labs Fleece Jacket
2024-04-25 19:31:01.680 [main] DEBUG components.inventory.InventoryListComponent - Adding Item: Sauce Labs Fleece Jacket
2024-04-25 19:31:01.687 [main] DEBUG components.inventory.InventoryItem - Get Item name: Sauce Labs Onesie
2024-04-25 19:31:01.687 [main] DEBUG components.inventory.InventoryListComponent - Adding Item: Sauce Labs Onesie
2024-04-25 19:31:01.695 [main] DEBUG components.inventory.InventoryItem - Get Item name: Test.allTheThings() T-Shirt (Red)
2024-04-25 19:31:01.695 [main] DEBUG components.inventory.InventoryListComponent - Adding Item: Test.allTheThings() T-Shirt (Red)
2024-04-25 19:31:01.703 [main] DEBUG components.inventory.InventoryItem - Get Item name: Sauce Labs Backpack
2024-04-25 19:31:01.703 [main] DEBUG components.inventory.InventoryListComponent - Get Item 'Sauce Labs Backpack' with ID '0'
2024-04-25 19:31:01.711 [main] DEBUG components.inventory.InventoryItem - Get Item name: Sauce Labs Backpack
2024-04-25 19:31:01.711 [main] DEBUG components.inventory.InventoryItem - Click Label button
2024-04-25 19:31:01.741 [main] DEBUG components.HeaderComponent - Initialize Menu Component
2024-04-25 19:31:01.763 [main] DEBUG components.HeaderComponent - Create new MenuListComponent instance
2024-04-25 19:31:01.778 [main] DEBUG components.MenuListComponent - Click Close Menu button
2024-04-25 19:31:02.352 [main] DEBUG components.HeaderComponent - Initialize Menu Component
2024-04-25 19:31:02.689 [main] DEBUG components.HeaderComponent - Create new MenuListComponent instance
2024-04-25 19:31:02.693 [main] DEBUG components.MenuListComponent - Click Close Menu button
]]></system-out>
    <system-err><![CDATA[abr 25, 2024 7:31:00 P. M. org.openqa.selenium.devtools.CdpVersionFinder findNearestMatch
WARNING: Unable to find an exact match for CDP version 124, returning the closest version; found: 122; Please update to a Selenium version that supports CDP version 124
]]></system-err>
  </testcase>
  <testcase name="logout" classname="tests.InventoryTest" time="1.248">
    <system-out><![CDATA[El test Go to item page from label resultó: 1
2024-04-25 19:31:03.759 [main] DEBUG components.LoginComponent - Enter Username: standard_user
2024-04-25 19:31:03.863 [main] DEBUG components.LoginComponent - Enter Password: secret_sauce
2024-04-25 19:31:03.923 [main] DEBUG components.LoginComponent - Click Login button
2024-04-25 19:31:03.996 [main] DEBUG components.HeaderComponent - Initialize Menu Component
2024-04-25 19:31:04.029 [main] DEBUG components.HeaderComponent - Create new MenuListComponent instance
2024-04-25 19:31:04.035 [main] DEBUG components.MenuListComponent - Click Close Menu button
2024-04-25 19:31:04.958 [main] DEBUG components.MenuListComponent - Click Logout button
]]></system-out>
    <system-err><![CDATA[abr 25, 2024 7:31:03 P. M. org.openqa.selenium.devtools.CdpVersionFinder findNearestMatch
WARNING: Unable to find an exact match for CDP version 124, returning the closest version; found: 122; Please update to a Selenium version that supports CDP version 124
]]></system-err>
  </testcase>
  <testcase name="addItemToCart" classname="tests.ItemTest" time="2.197">
    <system-out><![CDATA[El test Try to logout resultó: 1
2024-04-25 19:31:06.080 [main] DEBUG components.LoginComponent - Enter Username: standard_user
2024-04-25 19:31:06.158 [main] DEBUG components.LoginComponent - Enter Password: secret_sauce
2024-04-25 19:31:06.214 [main] DEBUG components.LoginComponent - Click Login button
2024-04-25 19:31:06.276 [main] DEBUG components.HeaderComponent - Initialize Menu Component
2024-04-25 19:31:06.310 [main] DEBUG components.HeaderComponent - Create new MenuListComponent instance
2024-04-25 19:31:06.317 [main] DEBUG components.MenuListComponent - Click Close Menu button
2024-04-25 19:31:06.901 [main] DEBUG components.inventory.InventoryListComponent - Initialize Inventory List
2024-04-25 19:31:06.919 [main] DEBUG components.inventory.InventoryItem - Get Item name: Sauce Labs Backpack
2024-04-25 19:31:06.919 [main] DEBUG components.inventory.InventoryListComponent - Adding Item: Sauce Labs Backpack
2024-04-25 19:31:06.926 [main] DEBUG components.inventory.InventoryItem - Get Item name: Sauce Labs Bike Light
2024-04-25 19:31:06.926 [main] DEBUG components.inventory.InventoryListComponent - Adding Item: Sauce Labs Bike Light
2024-04-25 19:31:06.934 [main] DEBUG components.inventory.InventoryItem - Get Item name: Sauce Labs Bolt T-Shirt
2024-04-25 19:31:06.934 [main] DEBUG components.inventory.InventoryListComponent - Adding Item: Sauce Labs Bolt T-Shirt
2024-04-25 19:31:06.943 [main] DEBUG components.inventory.InventoryItem - Get Item name: Sauce Labs Fleece Jacket
2024-04-25 19:31:06.943 [main] DEBUG components.inventory.InventoryListComponent - Adding Item: Sauce Labs Fleece Jacket
2024-04-25 19:31:06.950 [main] DEBUG components.inventory.InventoryItem - Get Item name: Sauce Labs Onesie
2024-04-25 19:31:06.950 [main] DEBUG components.inventory.InventoryListComponent - Adding Item: Sauce Labs Onesie
2024-04-25 19:31:06.957 [main] DEBUG components.inventory.InventoryItem - Get Item name: Test.allTheThings() T-Shirt (Red)
2024-04-25 19:31:06.957 [main] DEBUG components.inventory.InventoryListComponent - Adding Item: Test.allTheThings() T-Shirt (Red)
2024-04-25 19:31:06.964 [main] DEBUG components.inventory.InventoryItem - Get Item name: Sauce Labs Backpack
2024-04-25 19:31:06.964 [main] DEBUG components.inventory.InventoryListComponent - Get Item 'Sauce Labs Backpack' with ID '0'
2024-04-25 19:31:06.973 [main] DEBUG components.inventory.InventoryItem - Get Item name: Sauce Labs Backpack
2024-04-25 19:31:06.973 [main] DEBUG components.inventory.InventoryItem - Click Label button
2024-04-25 19:31:07.008 [main] DEBUG components.HeaderComponent - Initialize Menu Component
2024-04-25 19:31:07.033 [main] DEBUG components.HeaderComponent - Create new MenuListComponent instance
2024-04-25 19:31:07.038 [main] DEBUG components.MenuListComponent - Click Close Menu button
2024-04-25 19:31:07.626 [main] DEBUG components.HeaderComponent - Click Cart button
2024-04-25 19:31:07.656 [main] DEBUG components.HeaderComponent - Initialize Menu Component
2024-04-25 19:31:07.678 [main] DEBUG components.HeaderComponent - Create new MenuListComponent instance
2024-04-25 19:31:07.683 [main] DEBUG components.MenuListComponent - Click Close Menu button
2024-04-25 19:31:08.236 [main] DEBUG components.cart.CartItemListComponent - Initialize CartItems list
2024-04-25 19:31:08.250 [main] DEBUG components.cart.CartItem - Get Item name: Sauce Labs Backpack
2024-04-25 19:31:08.250 [main] DEBUG components.cart.CartItemListComponent - Adding CartItem: Sauce Labs Backpack
2024-04-25 19:31:08.259 [main] DEBUG components.cart.CartItem - Get Item name: Sauce Labs Backpack
2024-04-25 19:31:08.259 [main] DEBUG components.cart.CartItemListComponent - Get CartItem 'Sauce Labs Backpack'' with index '0'
2024-04-25 19:31:08.268 [main] DEBUG components.cart.CartItem - Get Item name: Sauce Labs Backpack
]]></system-out>
    <system-err><![CDATA[abr 25, 2024 7:31:05 P. M. org.openqa.selenium.devtools.CdpVersionFinder findNearestMatch
WARNING: Unable to find an exact match for CDP version 124, returning the closest version; found: 122; Please update to a Selenium version that supports CDP version 124
]]></system-err>
  </testcase>
  <testcase name="backToInventory" classname="tests.ItemTest" time="2.67">
    <system-out><![CDATA[El test Add item to cart resultó: 1
2024-04-25 19:31:09.298 [main] DEBUG components.LoginComponent - Enter Username: standard_user
2024-04-25 19:31:09.388 [main] DEBUG components.LoginComponent - Enter Password: secret_sauce
2024-04-25 19:31:09.444 [main] DEBUG components.LoginComponent - Click Login button
2024-04-25 19:31:09.510 [main] DEBUG components.HeaderComponent - Initialize Menu Component
2024-04-25 19:31:09.544 [main] DEBUG components.HeaderComponent - Create new MenuListComponent instance
2024-04-25 19:31:09.550 [main] DEBUG components.MenuListComponent - Click Close Menu button
2024-04-25 19:31:10.114 [main] DEBUG components.inventory.InventoryListComponent - Initialize Inventory List
2024-04-25 19:31:10.137 [main] DEBUG components.inventory.InventoryItem - Get Item name: Sauce Labs Backpack
2024-04-25 19:31:10.137 [main] DEBUG components.inventory.InventoryListComponent - Adding Item: Sauce Labs Backpack
2024-04-25 19:31:10.145 [main] DEBUG components.inventory.InventoryItem - Get Item name: Sauce Labs Bike Light
2024-04-25 19:31:10.145 [main] DEBUG components.inventory.InventoryListComponent - Adding Item: Sauce Labs Bike Light
2024-04-25 19:31:10.154 [main] DEBUG components.inventory.InventoryItem - Get Item name: Sauce Labs Bolt T-Shirt
2024-04-25 19:31:10.154 [main] DEBUG components.inventory.InventoryListComponent - Adding Item: Sauce Labs Bolt T-Shirt
2024-04-25 19:31:10.163 [main] DEBUG components.inventory.InventoryItem - Get Item name: Sauce Labs Fleece Jacket
2024-04-25 19:31:10.163 [main] DEBUG components.inventory.InventoryListComponent - Adding Item: Sauce Labs Fleece Jacket
2024-04-25 19:31:10.171 [main] DEBUG components.inventory.InventoryItem - Get Item name: Sauce Labs Onesie
2024-04-25 19:31:10.171 [main] DEBUG components.inventory.InventoryListComponent - Adding Item: Sauce Labs Onesie
2024-04-25 19:31:10.179 [main] DEBUG components.inventory.InventoryItem - Get Item name: Test.allTheThings() T-Shirt (Red)
2024-04-25 19:31:10.179 [main] DEBUG components.inventory.InventoryListComponent - Adding Item: Test.allTheThings() T-Shirt (Red)
2024-04-25 19:31:10.187 [main] DEBUG components.inventory.InventoryItem - Get Item name: Sauce Labs Backpack
2024-04-25 19:31:10.187 [main] DEBUG components.inventory.InventoryListComponent - Get Item 'Sauce Labs Backpack' with ID '0'
2024-04-25 19:31:10.187 [main] DEBUG components.inventory.InventoryItem - Click Label button
2024-04-25 19:31:10.217 [main] DEBUG components.HeaderComponent - Initialize Menu Component
2024-04-25 19:31:10.241 [main] DEBUG components.HeaderComponent - Create new MenuListComponent instance
2024-04-25 19:31:10.246 [main] DEBUG components.MenuListComponent - Click Close Menu button
2024-04-25 19:31:11.018 [main] DEBUG components.HeaderComponent - Initialize Menu Component
2024-04-25 19:31:11.040 [main] DEBUG components.HeaderComponent - Create new MenuListComponent instance
2024-04-25 19:31:11.044 [main] DEBUG components.MenuListComponent - Click Close Menu button
2024-04-25 19:31:11.589 [main] DEBUG components.HeaderComponent - Initialize Menu Component
2024-04-25 19:31:11.922 [main] DEBUG components.HeaderComponent - Create new MenuListComponent instance
2024-04-25 19:31:11.926 [main] DEBUG components.MenuListComponent - Click Close Menu button
]]></system-out>
    <system-err><![CDATA[abr 25, 2024 7:31:08 P. M. org.openqa.selenium.remote.http.WebSocket$Listener onError
WARNING: Connection reset
java.net.SocketException: Connection reset
	at java.base/sun.nio.ch.SocketChannelImpl.throwConnectionReset(SocketChannelImpl.java:401)
	at java.base/sun.nio.ch.SocketChannelImpl.read(SocketChannelImpl.java:434)
	at java.net.http/jdk.internal.net.http.SocketTube.readAvailable(SocketTube.java:1178)
	at java.net.http/jdk.internal.net.http.SocketTube$InternalReadPublisher$InternalReadSubscription.read(SocketTube.java:841)
	at java.net.http/jdk.internal.net.http.SocketTube$SocketFlowTask.run(SocketTube.java:181)
	at java.net.http/jdk.internal.net.http.common.SequentialScheduler$SchedulableTask.run(SequentialScheduler.java:207)
	at java.net.http/jdk.internal.net.http.common.SequentialScheduler.runOrSchedule(SequentialScheduler.java:280)
	at java.net.http/jdk.internal.net.http.common.SequentialScheduler.runOrSchedule(SequentialScheduler.java:233)
	at java.net.http/jdk.internal.net.http.SocketTube$InternalReadPublisher$InternalReadSubscription.signalReadable(SocketTube.java:782)
	at java.net.http/jdk.internal.net.http.SocketTube$InternalReadPublisher$ReadEvent.signalEvent(SocketTube.java:965)
	at java.net.http/jdk.internal.net.http.SocketTube$SocketFlowEvent.handle(SocketTube.java:253)
	at java.net.http/jdk.internal.net.http.HttpClientImpl$SelectorManager.handleEvent(HttpClientImpl.java:1467)
	at java.net.http/jdk.internal.net.http.HttpClientImpl$SelectorManager.lambda$run$3(HttpClientImpl.java:1412)
	at java.base/java.util.ArrayList.forEach(ArrayList.java:1596)
	at java.net.http/jdk.internal.net.http.HttpClientImpl$SelectorManager.run(HttpClientImpl.java:1412)

abr 25, 2024 7:31:08 P. M. org.openqa.selenium.devtools.CdpVersionFinder findNearestMatch
WARNING: Unable to find an exact match for CDP version 124, returning the closest version; found: 122; Please update to a Selenium version that supports CDP version 124
]]></system-err>
  </testcase>
  <testcase name="removeItemFromCart" classname="tests.ItemTest" time="34.009">
    <system-out><![CDATA[El test Go back to inventory resultó: 1
2024-04-25 19:31:13.037 [main] DEBUG components.LoginComponent - Enter Username: standard_user
2024-04-25 19:31:13.112 [main] DEBUG components.LoginComponent - Enter Password: secret_sauce
2024-04-25 19:31:13.206 [main] DEBUG components.LoginComponent - Click Login button
2024-04-25 19:31:13.267 [main] DEBUG components.HeaderComponent - Initialize Menu Component
2024-04-25 19:31:13.301 [main] DEBUG components.HeaderComponent - Create new MenuListComponent instance
2024-04-25 19:31:13.309 [main] DEBUG components.MenuListComponent - Click Close Menu button
2024-04-25 19:31:13.870 [main] DEBUG components.inventory.InventoryListComponent - Initialize Inventory List
2024-04-25 19:31:13.909 [main] DEBUG components.inventory.InventoryItem - Get Item name: Sauce Labs Backpack
2024-04-25 19:31:13.909 [main] DEBUG components.inventory.InventoryListComponent - Adding Item: Sauce Labs Backpack
2024-04-25 19:31:13.922 [main] DEBUG components.inventory.InventoryItem - Get Item name: Sauce Labs Bike Light
2024-04-25 19:31:13.922 [main] DEBUG components.inventory.InventoryListComponent - Adding Item: Sauce Labs Bike Light
2024-04-25 19:31:13.933 [main] DEBUG components.inventory.InventoryItem - Get Item name: Sauce Labs Bolt T-Shirt
2024-04-25 19:31:13.933 [main] DEBUG components.inventory.InventoryListComponent - Adding Item: Sauce Labs Bolt T-Shirt
2024-04-25 19:31:13.942 [main] DEBUG components.inventory.InventoryItem - Get Item name: Sauce Labs Fleece Jacket
2024-04-25 19:31:13.942 [main] DEBUG components.inventory.InventoryListComponent - Adding Item: Sauce Labs Fleece Jacket
2024-04-25 19:31:13.950 [main] DEBUG components.inventory.InventoryItem - Get Item name: Sauce Labs Onesie
2024-04-25 19:31:13.950 [main] DEBUG components.inventory.InventoryListComponent - Adding Item: Sauce Labs Onesie
2024-04-25 19:31:13.959 [main] DEBUG components.inventory.InventoryItem - Get Item name: Test.allTheThings() T-Shirt (Red)
2024-04-25 19:31:13.959 [main] DEBUG components.inventory.InventoryListComponent - Adding Item: Test.allTheThings() T-Shirt (Red)
2024-04-25 19:31:13.959 [main] DEBUG components.inventory.InventoryListComponent - Get Inventory Items
2024-04-25 19:31:13.963 [main] DEBUG components.HeaderComponent - Initialize Menu Component
2024-04-25 19:31:14.241 [main] DEBUG components.HeaderComponent - Create new MenuListComponent instance
2024-04-25 19:31:14.245 [main] DEBUG components.MenuListComponent - Click Close Menu button
2024-04-25 19:31:14.286 [main] DEBUG components.inventory.InventoryListComponent - Initialize Inventory List
2024-04-25 19:31:14.299 [main] DEBUG components.inventory.InventoryItem - Get Item name: Sauce Labs Backpack
2024-04-25 19:31:14.299 [main] DEBUG components.inventory.InventoryListComponent - Adding Item: Sauce Labs Backpack
2024-04-25 19:31:14.306 [main] DEBUG components.inventory.InventoryItem - Get Item name: Sauce Labs Bike Light
2024-04-25 19:31:14.306 [main] DEBUG components.inventory.InventoryListComponent - Adding Item: Sauce Labs Bike Light
2024-04-25 19:31:14.314 [main] DEBUG components.inventory.InventoryItem - Get Item name: Sauce Labs Bolt T-Shirt
2024-04-25 19:31:14.314 [main] DEBUG components.inventory.InventoryListComponent - Adding Item: Sauce Labs Bolt T-Shirt
2024-04-25 19:31:14.322 [main] DEBUG components.inventory.InventoryItem - Get Item name: Sauce Labs Fleece Jacket
2024-04-25 19:31:14.322 [main] DEBUG components.inventory.InventoryListComponent - Adding Item: Sauce Labs Fleece Jacket
2024-04-25 19:31:14.330 [main] DEBUG components.inventory.InventoryItem - Get Item name: Sauce Labs Onesie
2024-04-25 19:31:14.330 [main] DEBUG components.inventory.InventoryListComponent - Adding Item: Sauce Labs Onesie
2024-04-25 19:31:14.337 [main] DEBUG components.inventory.InventoryItem - Get Item name: Test.allTheThings() T-Shirt (Red)
2024-04-25 19:31:14.337 [main] DEBUG components.inventory.InventoryListComponent - Adding Item: Test.allTheThings() T-Shirt (Red)
2024-04-25 19:31:14.346 [main] DEBUG components.inventory.InventoryItem - Get Item name: Sauce Labs Backpack
2024-04-25 19:31:14.346 [main] DEBUG components.inventory.InventoryListComponent - Get Item 'Sauce Labs Backpack' with ID '0'
2024-04-25 19:31:14.354 [main] DEBUG components.inventory.InventoryItem - Get Item name: Sauce Labs Backpack
2024-04-25 19:31:14.354 [main] DEBUG components.inventory.InventoryItem - Click Label button
2024-04-25 19:31:14.383 [main] DEBUG components.HeaderComponent - Initialize Menu Component
2024-04-25 19:31:14.430 [main] DEBUG components.HeaderComponent - Create new MenuListComponent instance
2024-04-25 19:31:14.436 [main] DEBUG components.MenuListComponent - Click Close Menu button
2024-04-25 19:31:14.990 [main] DEBUG components.HeaderComponent - Initialize Menu Component
2024-04-25 19:31:15.324 [main] DEBUG components.HeaderComponent - Create new MenuListComponent instance
2024-04-25 19:31:15.328 [main] DEBUG components.MenuListComponent - Click Close Menu button
2024-04-25 19:31:15.383 [main] DEBUG components.HeaderComponent - Click Cart button
2024-04-25 19:31:15.433 [main] DEBUG components.HeaderComponent - Initialize Menu Component
2024-04-25 19:31:15.451 [main] DEBUG components.HeaderComponent - Create new MenuListComponent instance
2024-04-25 19:31:15.458 [main] DEBUG components.MenuListComponent - Click Close Menu button
2024-04-25 19:31:16.011 [main] DEBUG components.cart.CartItemListComponent - Initialize CartItems list
2024-04-25 19:31:16.026 [main] DEBUG components.cart.CartItem - Get Item name: Sauce Labs Backpack
2024-04-25 19:31:16.026 [main] DEBUG components.cart.CartItemListComponent - Adding CartItem: Sauce Labs Backpack
2024-04-25 19:31:16.030 [main] DEBUG components.cart.CartItemListComponent - Initialize CartItems list
2024-04-25 19:31:16.042 [main] DEBUG components.cart.CartItem - Get Item name: Sauce Labs Backpack
2024-04-25 19:31:16.042 [main] DEBUG components.cart.CartItemListComponent - Adding CartItem: Sauce Labs Backpack
2024-04-25 19:31:16.042 [main] DEBUG components.cart.CartFooter - Click Continue Shopping button
2024-04-25 19:31:16.079 [main] DEBUG components.HeaderComponent - Initialize Menu Component
2024-04-25 19:31:16.099 [main] DEBUG components.HeaderComponent - Create new MenuListComponent instance
2024-04-25 19:31:16.103 [main] DEBUG components.MenuListComponent - Click Close Menu button
2024-04-25 19:31:16.669 [main] DEBUG components.inventory.InventoryListComponent - Initialize Inventory List
2024-04-25 19:31:16.687 [main] DEBUG components.inventory.InventoryItem - Get Item name: Sauce Labs Backpack
2024-04-25 19:31:16.687 [main] DEBUG components.inventory.InventoryListComponent - Adding Item: Sauce Labs Backpack
2024-04-25 19:31:16.694 [main] DEBUG components.inventory.InventoryItem - Get Item name: Sauce Labs Bike Light
2024-04-25 19:31:16.694 [main] DEBUG components.inventory.InventoryListComponent - Adding Item: Sauce Labs Bike Light
2024-04-25 19:31:16.701 [main] DEBUG components.inventory.InventoryItem - Get Item name: Sauce Labs Bolt T-Shirt
2024-04-25 19:31:16.701 [main] DEBUG components.inventory.InventoryListComponent - Adding Item: Sauce Labs Bolt T-Shirt
2024-04-25 19:31:16.710 [main] DEBUG components.inventory.InventoryItem - Get Item name: Sauce Labs Fleece Jacket
2024-04-25 19:31:16.710 [main] DEBUG components.inventory.InventoryListComponent - Adding Item: Sauce Labs Fleece Jacket
2024-04-25 19:31:16.718 [main] DEBUG components.inventory.InventoryItem - Get Item name: Sauce Labs Onesie
2024-04-25 19:31:16.718 [main] DEBUG components.inventory.InventoryListComponent - Adding Item: Sauce Labs Onesie
2024-04-25 19:31:16.725 [main] DEBUG components.inventory.InventoryItem - Get Item name: Test.allTheThings() T-Shirt (Red)
2024-04-25 19:31:16.725 [main] DEBUG components.inventory.InventoryListComponent - Adding Item: Test.allTheThings() T-Shirt (Red)
2024-04-25 19:31:16.732 [main] DEBUG components.inventory.InventoryItem - Get Item name: Sauce Labs Backpack
2024-04-25 19:31:16.732 [main] DEBUG components.inventory.InventoryListComponent - Get Item 'Sauce Labs Backpack' with ID '0'
2024-04-25 19:31:16.732 [main] DEBUG components.inventory.InventoryItem - Click Label button
2024-04-25 19:31:16.761 [main] DEBUG components.HeaderComponent - Initialize Menu Component
2024-04-25 19:31:16.783 [main] DEBUG components.HeaderComponent - Create new MenuListComponent instance
2024-04-25 19:31:16.788 [main] DEBUG components.MenuListComponent - Click Close Menu button
2024-04-25 19:31:17.335 [main] DEBUG components.HeaderComponent - Initialize Menu Component
2024-04-25 19:31:17.676 [main] DEBUG components.HeaderComponent - Create new MenuListComponent instance
2024-04-25 19:31:17.686 [main] DEBUG components.MenuListComponent - Click Close Menu button
2024-04-25 19:31:17.735 [main] DEBUG components.HeaderComponent - Click Cart button
2024-04-25 19:31:17.764 [main] DEBUG components.HeaderComponent - Initialize Menu Component
2024-04-25 19:31:17.786 [main] DEBUG components.HeaderComponent - Create new MenuListComponent instance
2024-04-25 19:31:17.790 [main] DEBUG components.MenuListComponent - Click Close Menu button
2024-04-25 19:31:18.340 [main] DEBUG components.cart.CartItemListComponent - Initialize CartItems list
2024-04-25 19:31:18.347 [main] DEBUG components.cart.CartItemListComponent - Initialize CartItems list
2024-04-25 19:31:18.351 [main] DEBUG components.cart.CartItemListComponent - Initialize CartItems list
2024-04-25 19:31:18.356 [main] DEBUG components.cart.CartItemListComponent - Get Cart Items
2024-04-25 19:31:18.360 [main] DEBUG components.HeaderComponent - Initialize Menu Component
2024-04-25 19:31:18.690 [main] DEBUG components.HeaderComponent - Create new MenuListComponent instance
2024-04-25 19:31:18.700 [main] DEBUG components.MenuListComponent - Click Close Menu button
2024-04-25 19:31:18.736 [main] DEBUG components.cart.CartItemListComponent - Initialize CartItems list
2024-04-25 19:31:18.759 [main] DEBUG components.MenuListComponent - Click All Items button
2024-04-25 19:31:19.313 [main] DEBUG components.HeaderComponent - Initialize Menu Component
2024-04-25 19:31:19.337 [main] DEBUG components.HeaderComponent - Create new MenuListComponent instance
2024-04-25 19:31:19.342 [main] DEBUG components.MenuListComponent - Click Close Menu button
2024-04-25 19:31:19.885 [main] DEBUG components.inventory.InventoryListComponent - Initialize Inventory List
2024-04-25 19:31:19.897 [main] DEBUG components.inventory.InventoryItem - Get Item name: Sauce Labs Backpack
2024-04-25 19:31:19.897 [main] DEBUG components.inventory.InventoryListComponent - Adding Item: Sauce Labs Backpack
2024-04-25 19:31:19.905 [main] DEBUG components.inventory.InventoryItem - Get Item name: Sauce Labs Bike Light
2024-04-25 19:31:19.905 [main] DEBUG components.inventory.InventoryListComponent - Adding Item: Sauce Labs Bike Light
2024-04-25 19:31:19.914 [main] DEBUG components.inventory.InventoryItem - Get Item name: Sauce Labs Bolt T-Shirt
2024-04-25 19:31:19.914 [main] DEBUG components.inventory.InventoryListComponent - Adding Item: Sauce Labs Bolt T-Shirt
2024-04-25 19:31:19.921 [main] DEBUG components.inventory.InventoryItem - Get Item name: Sauce Labs Fleece Jacket
2024-04-25 19:31:19.921 [main] DEBUG components.inventory.InventoryListComponent - Adding Item: Sauce Labs Fleece Jacket
2024-04-25 19:31:19.930 [main] DEBUG components.inventory.InventoryItem - Get Item name: Sauce Labs Onesie
2024-04-25 19:31:19.930 [main] DEBUG components.inventory.InventoryListComponent - Adding Item: Sauce Labs Onesie
2024-04-25 19:31:19.952 [main] DEBUG components.inventory.InventoryItem - Get Item name: Test.allTheThings() T-Shirt (Red)
2024-04-25 19:31:19.952 [main] DEBUG components.inventory.InventoryListComponent - Adding Item: Test.allTheThings() T-Shirt (Red)
2024-04-25 19:31:19.966 [main] DEBUG components.inventory.InventoryItem - Get Item name: Sauce Labs Bike Light
2024-04-25 19:31:19.966 [main] DEBUG components.inventory.InventoryListComponent - Get Item 'Sauce Labs Bike Light' with ID '1'
2024-04-25 19:31:19.974 [main] DEBUG components.inventory.InventoryItem - Get Item name: Sauce Labs Bike Light
2024-04-25 19:31:19.974 [main] DEBUG components.inventory.InventoryItem - Click Label button
2024-04-25 19:31:20.002 [main] DEBUG components.HeaderComponent - Initialize Menu Component
2024-04-25 19:31:20.024 [main] DEBUG components.HeaderComponent - Create new MenuListComponent instance
2024-04-25 19:31:20.028 [main] DEBUG components.MenuListComponent - Click Close Menu button
2024-04-25 19:31:20.577 [main] DEBUG components.HeaderComponent - Initialize Menu Component
2024-04-25 19:31:20.915 [main] DEBUG components.HeaderComponent - Create new MenuListComponent instance
2024-04-25 19:31:20.919 [main] DEBUG components.MenuListComponent - Click Close Menu button
2024-04-25 19:31:20.986 [main] DEBUG components.HeaderComponent - Click Cart button
2024-04-25 19:31:21.019 [main] DEBUG components.HeaderComponent - Initialize Menu Component
2024-04-25 19:31:21.039 [main] DEBUG components.HeaderComponent - Create new MenuListComponent instance
2024-04-25 19:31:21.044 [main] DEBUG components.MenuListComponent - Click Close Menu button
2024-04-25 19:31:21.595 [main] DEBUG components.cart.CartItemListComponent - Initialize CartItems list
2024-04-25 19:31:21.606 [main] DEBUG components.cart.CartItem - Get Item name: Sauce Labs Bike Light
2024-04-25 19:31:21.606 [main] DEBUG components.cart.CartItemListComponent - Adding CartItem: Sauce Labs Bike Light
2024-04-25 19:31:21.610 [main] DEBUG components.cart.CartItemListComponent - Initialize CartItems list
2024-04-25 19:31:21.620 [main] DEBUG components.cart.CartItem - Get Item name: Sauce Labs Bike Light
2024-04-25 19:31:21.620 [main] DEBUG components.cart.CartItemListComponent - Adding CartItem: Sauce Labs Bike Light
2024-04-25 19:31:21.620 [main] DEBUG components.cart.CartFooter - Click Continue Shopping button
2024-04-25 19:31:21.651 [main] DEBUG components.HeaderComponent - Initialize Menu Component
2024-04-25 19:31:21.672 [main] DEBUG components.HeaderComponent - Create new MenuListComponent instance
2024-04-25 19:31:21.676 [main] DEBUG components.MenuListComponent - Click Close Menu button
2024-04-25 19:31:22.240 [main] DEBUG components.inventory.InventoryListComponent - Initialize Inventory List
2024-04-25 19:31:22.251 [main] DEBUG components.inventory.InventoryItem - Get Item name: Sauce Labs Backpack
2024-04-25 19:31:22.251 [main] DEBUG components.inventory.InventoryListComponent - Adding Item: Sauce Labs Backpack
2024-04-25 19:31:22.261 [main] DEBUG components.inventory.InventoryItem - Get Item name: Sauce Labs Bike Light
2024-04-25 19:31:22.261 [main] DEBUG components.inventory.InventoryListComponent - Adding Item: Sauce Labs Bike Light
2024-04-25 19:31:22.268 [main] DEBUG components.inventory.InventoryItem - Get Item name: Sauce Labs Bolt T-Shirt
2024-04-25 19:31:22.268 [main] DEBUG components.inventory.InventoryListComponent - Adding Item: Sauce Labs Bolt T-Shirt
2024-04-25 19:31:22.276 [main] DEBUG components.inventory.InventoryItem - Get Item name: Sauce Labs Fleece Jacket
2024-04-25 19:31:22.276 [main] DEBUG components.inventory.InventoryListComponent - Adding Item: Sauce Labs Fleece Jacket
2024-04-25 19:31:22.283 [main] DEBUG components.inventory.InventoryItem - Get Item name: Sauce Labs Onesie
2024-04-25 19:31:22.283 [main] DEBUG components.inventory.InventoryListComponent - Adding Item: Sauce Labs Onesie
2024-04-25 19:31:22.290 [main] DEBUG components.inventory.InventoryItem - Get Item name: Test.allTheThings() T-Shirt (Red)
2024-04-25 19:31:22.290 [main] DEBUG components.inventory.InventoryListComponent - Adding Item: Test.allTheThings() T-Shirt (Red)
2024-04-25 19:31:22.298 [main] DEBUG components.inventory.InventoryItem - Get Item name: Sauce Labs Bike Light
2024-04-25 19:31:22.298 [main] DEBUG components.inventory.InventoryListComponent - Get Item 'Sauce Labs Bike Light' with ID '1'
2024-04-25 19:31:22.298 [main] DEBUG components.inventory.InventoryItem - Click Label button
2024-04-25 19:31:22.326 [main] DEBUG components.HeaderComponent - Initialize Menu Component
2024-04-25 19:31:22.345 [main] DEBUG components.HeaderComponent - Create new MenuListComponent instance
2024-04-25 19:31:22.350 [main] DEBUG components.MenuListComponent - Click Close Menu button
2024-04-25 19:31:22.893 [main] DEBUG components.HeaderComponent - Initialize Menu Component
2024-04-25 19:31:23.241 [main] DEBUG components.HeaderComponent - Create new MenuListComponent instance
2024-04-25 19:31:23.246 [main] DEBUG components.MenuListComponent - Click Close Menu button
2024-04-25 19:31:23.291 [main] DEBUG components.HeaderComponent - Click Cart button
2024-04-25 19:31:23.320 [main] DEBUG components.HeaderComponent - Initialize Menu Component
2024-04-25 19:31:23.339 [main] DEBUG components.HeaderComponent - Create new MenuListComponent instance
2024-04-25 19:31:23.343 [main] DEBUG components.MenuListComponent - Click Close Menu button
2024-04-25 19:31:23.891 [main] DEBUG components.cart.CartItemListComponent - Initialize CartItems list
2024-04-25 19:31:23.900 [main] DEBUG components.cart.CartItemListComponent - Initialize CartItems list
2024-04-25 19:31:23.904 [main] DEBUG components.cart.CartItemListComponent - Initialize CartItems list
2024-04-25 19:31:23.909 [main] DEBUG components.cart.CartItemListComponent - Get Cart Items
2024-04-25 19:31:23.913 [main] DEBUG components.HeaderComponent - Initialize Menu Component
2024-04-25 19:31:24.251 [main] DEBUG components.HeaderComponent - Create new MenuListComponent instance
2024-04-25 19:31:24.255 [main] DEBUG components.MenuListComponent - Click Close Menu button
2024-04-25 19:31:24.289 [main] DEBUG components.cart.CartItemListComponent - Initialize CartItems list
2024-04-25 19:31:24.310 [main] DEBUG components.MenuListComponent - Click All Items button
2024-04-25 19:31:24.858 [main] DEBUG components.HeaderComponent - Initialize Menu Component
2024-04-25 19:31:24.879 [main] DEBUG components.HeaderComponent - Create new MenuListComponent instance
2024-04-25 19:31:24.884 [main] DEBUG components.MenuListComponent - Click Close Menu button
2024-04-25 19:31:25.428 [main] DEBUG components.inventory.InventoryListComponent - Initialize Inventory List
2024-04-25 19:31:25.439 [main] DEBUG components.inventory.InventoryItem - Get Item name: Sauce Labs Backpack
2024-04-25 19:31:25.439 [main] DEBUG components.inventory.InventoryListComponent - Adding Item: Sauce Labs Backpack
2024-04-25 19:31:25.448 [main] DEBUG components.inventory.InventoryItem - Get Item name: Sauce Labs Bike Light
2024-04-25 19:31:25.448 [main] DEBUG components.inventory.InventoryListComponent - Adding Item: Sauce Labs Bike Light
2024-04-25 19:31:25.455 [main] DEBUG components.inventory.InventoryItem - Get Item name: Sauce Labs Bolt T-Shirt
2024-04-25 19:31:25.455 [main] DEBUG components.inventory.InventoryListComponent - Adding Item: Sauce Labs Bolt T-Shirt
2024-04-25 19:31:25.463 [main] DEBUG components.inventory.InventoryItem - Get Item name: Sauce Labs Fleece Jacket
2024-04-25 19:31:25.463 [main] DEBUG components.inventory.InventoryListComponent - Adding Item: Sauce Labs Fleece Jacket
2024-04-25 19:31:25.470 [main] DEBUG components.inventory.InventoryItem - Get Item name: Sauce Labs Onesie
2024-04-25 19:31:25.470 [main] DEBUG components.inventory.InventoryListComponent - Adding Item: Sauce Labs Onesie
2024-04-25 19:31:25.480 [main] DEBUG components.inventory.InventoryItem - Get Item name: Test.allTheThings() T-Shirt (Red)
2024-04-25 19:31:25.480 [main] DEBUG components.inventory.InventoryListComponent - Adding Item: Test.allTheThings() T-Shirt (Red)
2024-04-25 19:31:25.488 [main] DEBUG components.inventory.InventoryItem - Get Item name: Sauce Labs Bolt T-Shirt
2024-04-25 19:31:25.489 [main] DEBUG components.inventory.InventoryListComponent - Get Item 'Sauce Labs Bolt T-Shirt' with ID '2'
2024-04-25 19:31:25.519 [main] DEBUG components.inventory.InventoryItem - Get Item name: Sauce Labs Bolt T-Shirt
2024-04-25 19:31:25.519 [main] DEBUG components.inventory.InventoryItem - Click Label button
2024-04-25 19:31:25.551 [main] DEBUG components.HeaderComponent - Initialize Menu Component
2024-04-25 19:31:25.573 [main] DEBUG components.HeaderComponent - Create new MenuListComponent instance
2024-04-25 19:31:25.578 [main] DEBUG components.MenuListComponent - Click Close Menu button
2024-04-25 19:31:26.127 [main] DEBUG components.HeaderComponent - Initialize Menu Component
2024-04-25 19:31:26.463 [main] DEBUG components.HeaderComponent - Create new MenuListComponent instance
2024-04-25 19:31:26.467 [main] DEBUG components.MenuListComponent - Click Close Menu button
2024-04-25 19:31:26.525 [main] DEBUG components.HeaderComponent - Click Cart button
2024-04-25 19:31:26.560 [main] DEBUG components.HeaderComponent - Initialize Menu Component
2024-04-25 19:31:26.582 [main] DEBUG components.HeaderComponent - Create new MenuListComponent instance
2024-04-25 19:31:26.588 [main] DEBUG components.MenuListComponent - Click Close Menu button
2024-04-25 19:31:27.141 [main] DEBUG components.cart.CartItemListComponent - Initialize CartItems list
2024-04-25 19:31:27.153 [main] DEBUG components.cart.CartItem - Get Item name: Sauce Labs Bolt T-Shirt
2024-04-25 19:31:27.153 [main] DEBUG components.cart.CartItemListComponent - Adding CartItem: Sauce Labs Bolt T-Shirt
2024-04-25 19:31:27.157 [main] DEBUG components.cart.CartItemListComponent - Initialize CartItems list
2024-04-25 19:31:27.171 [main] DEBUG components.cart.CartItem - Get Item name: Sauce Labs Bolt T-Shirt
2024-04-25 19:31:27.171 [main] DEBUG components.cart.CartItemListComponent - Adding CartItem: Sauce Labs Bolt T-Shirt
2024-04-25 19:31:27.171 [main] DEBUG components.cart.CartFooter - Click Continue Shopping button
2024-04-25 19:31:27.205 [main] DEBUG components.HeaderComponent - Initialize Menu Component
2024-04-25 19:31:27.228 [main] DEBUG components.HeaderComponent - Create new MenuListComponent instance
2024-04-25 19:31:27.234 [main] DEBUG components.MenuListComponent - Click Close Menu button
2024-04-25 19:31:27.794 [main] DEBUG components.inventory.InventoryListComponent - Initialize Inventory List
2024-04-25 19:31:27.806 [main] DEBUG components.inventory.InventoryItem - Get Item name: Sauce Labs Backpack
2024-04-25 19:31:27.806 [main] DEBUG components.inventory.InventoryListComponent - Adding Item: Sauce Labs Backpack
2024-04-25 19:31:27.814 [main] DEBUG components.inventory.InventoryItem - Get Item name: Sauce Labs Bike Light
2024-04-25 19:31:27.814 [main] DEBUG components.inventory.InventoryListComponent - Adding Item: Sauce Labs Bike Light
2024-04-25 19:31:27.822 [main] DEBUG components.inventory.InventoryItem - Get Item name: Sauce Labs Bolt T-Shirt
2024-04-25 19:31:27.822 [main] DEBUG components.inventory.InventoryListComponent - Adding Item: Sauce Labs Bolt T-Shirt
2024-04-25 19:31:27.828 [main] DEBUG components.inventory.InventoryItem - Get Item name: Sauce Labs Fleece Jacket
2024-04-25 19:31:27.828 [main] DEBUG components.inventory.InventoryListComponent - Adding Item: Sauce Labs Fleece Jacket
2024-04-25 19:31:27.836 [main] DEBUG components.inventory.InventoryItem - Get Item name: Sauce Labs Onesie
2024-04-25 19:31:27.836 [main] DEBUG components.inventory.InventoryListComponent - Adding Item: Sauce Labs Onesie
2024-04-25 19:31:27.843 [main] DEBUG components.inventory.InventoryItem - Get Item name: Test.allTheThings() T-Shirt (Red)
2024-04-25 19:31:27.843 [main] DEBUG components.inventory.InventoryListComponent - Adding Item: Test.allTheThings() T-Shirt (Red)
2024-04-25 19:31:27.850 [main] DEBUG components.inventory.InventoryItem - Get Item name: Sauce Labs Bolt T-Shirt
2024-04-25 19:31:27.850 [main] DEBUG components.inventory.InventoryListComponent - Get Item 'Sauce Labs Bolt T-Shirt' with ID '2'
2024-04-25 19:31:27.850 [main] DEBUG components.inventory.InventoryItem - Click Label button
2024-04-25 19:31:27.877 [main] DEBUG components.HeaderComponent - Initialize Menu Component
2024-04-25 19:31:27.896 [main] DEBUG components.HeaderComponent - Create new MenuListComponent instance
2024-04-25 19:31:27.902 [main] DEBUG components.MenuListComponent - Click Close Menu button
2024-04-25 19:31:28.443 [main] DEBUG components.HeaderComponent - Initialize Menu Component
2024-04-25 19:31:28.791 [main] DEBUG components.HeaderComponent - Create new MenuListComponent instance
2024-04-25 19:31:28.797 [main] DEBUG components.MenuListComponent - Click Close Menu button
2024-04-25 19:31:28.849 [main] DEBUG components.HeaderComponent - Click Cart button
2024-04-25 19:31:28.879 [main] DEBUG components.HeaderComponent - Initialize Menu Component
2024-04-25 19:31:28.900 [main] DEBUG components.HeaderComponent - Create new MenuListComponent instance
2024-04-25 19:31:28.907 [main] DEBUG components.MenuListComponent - Click Close Menu button
2024-04-25 19:31:29.464 [main] DEBUG components.cart.CartItemListComponent - Initialize CartItems list
2024-04-25 19:31:29.471 [main] DEBUG components.cart.CartItemListComponent - Initialize CartItems list
2024-04-25 19:31:29.475 [main] DEBUG components.cart.CartItemListComponent - Initialize CartItems list
2024-04-25 19:31:29.478 [main] DEBUG components.cart.CartItemListComponent - Get Cart Items
2024-04-25 19:31:29.482 [main] DEBUG components.HeaderComponent - Initialize Menu Component
2024-04-25 19:31:29.809 [main] DEBUG components.HeaderComponent - Create new MenuListComponent instance
2024-04-25 19:31:29.813 [main] DEBUG components.MenuListComponent - Click Close Menu button
2024-04-25 19:31:29.846 [main] DEBUG components.cart.CartItemListComponent - Initialize CartItems list
2024-04-25 19:31:29.867 [main] DEBUG components.MenuListComponent - Click All Items button
2024-04-25 19:31:30.417 [main] DEBUG components.HeaderComponent - Initialize Menu Component
2024-04-25 19:31:30.436 [main] DEBUG components.HeaderComponent - Create new MenuListComponent instance
2024-04-25 19:31:30.442 [main] DEBUG components.MenuListComponent - Click Close Menu button
2024-04-25 19:31:30.985 [main] DEBUG components.inventory.InventoryListComponent - Initialize Inventory List
2024-04-25 19:31:31.003 [main] DEBUG components.inventory.InventoryItem - Get Item name: Sauce Labs Backpack
2024-04-25 19:31:31.003 [main] DEBUG components.inventory.InventoryListComponent - Adding Item: Sauce Labs Backpack
2024-04-25 19:31:31.013 [main] DEBUG components.inventory.InventoryItem - Get Item name: Sauce Labs Bike Light
2024-04-25 19:31:31.013 [main] DEBUG components.inventory.InventoryListComponent - Adding Item: Sauce Labs Bike Light
2024-04-25 19:31:31.023 [main] DEBUG components.inventory.InventoryItem - Get Item name: Sauce Labs Bolt T-Shirt
2024-04-25 19:31:31.023 [main] DEBUG components.inventory.InventoryListComponent - Adding Item: Sauce Labs Bolt T-Shirt
2024-04-25 19:31:31.033 [main] DEBUG components.inventory.InventoryItem - Get Item name: Sauce Labs Fleece Jacket
2024-04-25 19:31:31.033 [main] DEBUG components.inventory.InventoryListComponent - Adding Item: Sauce Labs Fleece Jacket
2024-04-25 19:31:31.042 [main] DEBUG components.inventory.InventoryItem - Get Item name: Sauce Labs Onesie
2024-04-25 19:31:31.042 [main] DEBUG components.inventory.InventoryListComponent - Adding Item: Sauce Labs Onesie
2024-04-25 19:31:31.058 [main] DEBUG components.inventory.InventoryItem - Get Item name: Test.allTheThings() T-Shirt (Red)
2024-04-25 19:31:31.058 [main] DEBUG components.inventory.InventoryListComponent - Adding Item: Test.allTheThings() T-Shirt (Red)
2024-04-25 19:31:31.080 [main] DEBUG components.inventory.InventoryItem - Get Item name: Sauce Labs Fleece Jacket
2024-04-25 19:31:31.081 [main] DEBUG components.inventory.InventoryListComponent - Get Item 'Sauce Labs Fleece Jacket' with ID '3'
2024-04-25 19:31:31.089 [main] DEBUG components.inventory.InventoryItem - Get Item name: Sauce Labs Fleece Jacket
2024-04-25 19:31:31.089 [main] DEBUG components.inventory.InventoryItem - Click Label button
2024-04-25 19:31:31.119 [main] DEBUG components.HeaderComponent - Initialize Menu Component
2024-04-25 19:31:31.140 [main] DEBUG components.HeaderComponent - Create new MenuListComponent instance
2024-04-25 19:31:31.144 [main] DEBUG components.MenuListComponent - Click Close Menu button
2024-04-25 19:31:31.692 [main] DEBUG components.HeaderComponent - Initialize Menu Component
2024-04-25 19:31:32.027 [main] DEBUG components.HeaderComponent - Create new MenuListComponent instance
2024-04-25 19:31:32.031 [main] DEBUG components.MenuListComponent - Click Close Menu button
2024-04-25 19:31:32.103 [main] DEBUG components.HeaderComponent - Click Cart button
2024-04-25 19:31:32.133 [main] DEBUG components.HeaderComponent - Initialize Menu Component
2024-04-25 19:31:32.155 [main] DEBUG components.HeaderComponent - Create new MenuListComponent instance
2024-04-25 19:31:32.160 [main] DEBUG components.MenuListComponent - Click Close Menu button
2024-04-25 19:31:32.700 [main] DEBUG components.cart.CartItemListComponent - Initialize CartItems list
2024-04-25 19:31:32.711 [main] DEBUG components.cart.CartItem - Get Item name: Sauce Labs Fleece Jacket
2024-04-25 19:31:32.711 [main] DEBUG components.cart.CartItemListComponent - Adding CartItem: Sauce Labs Fleece Jacket
2024-04-25 19:31:32.715 [main] DEBUG components.cart.CartItemListComponent - Initialize CartItems list
2024-04-25 19:31:32.724 [main] DEBUG components.cart.CartItem - Get Item name: Sauce Labs Fleece Jacket
2024-04-25 19:31:32.724 [main] DEBUG components.cart.CartItemListComponent - Adding CartItem: Sauce Labs Fleece Jacket
2024-04-25 19:31:32.724 [main] DEBUG components.cart.CartFooter - Click Continue Shopping button
2024-04-25 19:31:32.755 [main] DEBUG components.HeaderComponent - Initialize Menu Component
2024-04-25 19:31:32.775 [main] DEBUG components.HeaderComponent - Create new MenuListComponent instance
2024-04-25 19:31:32.779 [main] DEBUG components.MenuListComponent - Click Close Menu button
2024-04-25 19:31:33.350 [main] DEBUG components.inventory.InventoryListComponent - Initialize Inventory List
2024-04-25 19:31:33.363 [main] DEBUG components.inventory.InventoryItem - Get Item name: Sauce Labs Backpack
2024-04-25 19:31:33.363 [main] DEBUG components.inventory.InventoryListComponent - Adding Item: Sauce Labs Backpack
2024-04-25 19:31:33.371 [main] DEBUG components.inventory.InventoryItem - Get Item name: Sauce Labs Bike Light
2024-04-25 19:31:33.371 [main] DEBUG components.inventory.InventoryListComponent - Adding Item: Sauce Labs Bike Light
2024-04-25 19:31:33.379 [main] DEBUG components.inventory.InventoryItem - Get Item name: Sauce Labs Bolt T-Shirt
2024-04-25 19:31:33.379 [main] DEBUG components.inventory.InventoryListComponent - Adding Item: Sauce Labs Bolt T-Shirt
2024-04-25 19:31:33.387 [main] DEBUG components.inventory.InventoryItem - Get Item name: Sauce Labs Fleece Jacket
2024-04-25 19:31:33.387 [main] DEBUG components.inventory.InventoryListComponent - Adding Item: Sauce Labs Fleece Jacket
2024-04-25 19:31:33.395 [main] DEBUG components.inventory.InventoryItem - Get Item name: Sauce Labs Onesie
2024-04-25 19:31:33.395 [main] DEBUG components.inventory.InventoryListComponent - Adding Item: Sauce Labs Onesie
2024-04-25 19:31:33.403 [main] DEBUG components.inventory.InventoryItem - Get Item name: Test.allTheThings() T-Shirt (Red)
2024-04-25 19:31:33.403 [main] DEBUG components.inventory.InventoryListComponent - Adding Item: Test.allTheThings() T-Shirt (Red)
2024-04-25 19:31:33.411 [main] DEBUG components.inventory.InventoryItem - Get Item name: Sauce Labs Fleece Jacket
2024-04-25 19:31:33.411 [main] DEBUG components.inventory.InventoryListComponent - Get Item 'Sauce Labs Fleece Jacket' with ID '3'
2024-04-25 19:31:33.411 [main] DEBUG components.inventory.InventoryItem - Click Label button
2024-04-25 19:31:33.441 [main] DEBUG components.HeaderComponent - Initialize Menu Component
2024-04-25 19:31:33.460 [main] DEBUG components.HeaderComponent - Create new MenuListComponent instance
2024-04-25 19:31:33.465 [main] DEBUG components.MenuListComponent - Click Close Menu button
2024-04-25 19:31:34.004 [main] DEBUG components.HeaderComponent - Initialize Menu Component
2024-04-25 19:31:34.339 [main] DEBUG components.HeaderComponent - Create new MenuListComponent instance
2024-04-25 19:31:34.346 [main] DEBUG components.MenuListComponent - Click Close Menu button
2024-04-25 19:31:34.403 [main] DEBUG components.HeaderComponent - Click Cart button
2024-04-25 19:31:34.431 [main] DEBUG components.HeaderComponent - Initialize Menu Component
2024-04-25 19:31:34.451 [main] DEBUG components.HeaderComponent - Create new MenuListComponent instance
2024-04-25 19:31:34.456 [main] DEBUG components.MenuListComponent - Click Close Menu button
2024-04-25 19:31:35.005 [main] DEBUG components.cart.CartItemListComponent - Initialize CartItems list
2024-04-25 19:31:35.013 [main] DEBUG components.cart.CartItemListComponent - Initialize CartItems list
2024-04-25 19:31:35.017 [main] DEBUG components.cart.CartItemListComponent - Initialize CartItems list
2024-04-25 19:31:35.021 [main] DEBUG components.cart.CartItemListComponent - Get Cart Items
2024-04-25 19:31:35.024 [main] DEBUG components.HeaderComponent - Initialize Menu Component
2024-04-25 19:31:35.368 [main] DEBUG components.HeaderComponent - Create new MenuListComponent instance
2024-04-25 19:31:35.371 [main] DEBUG components.MenuListComponent - Click Close Menu button
2024-04-25 19:31:35.406 [main] DEBUG components.cart.CartItemListComponent - Initialize CartItems list
2024-04-25 19:31:35.426 [main] DEBUG components.MenuListComponent - Click All Items button
2024-04-25 19:31:35.971 [main] DEBUG components.HeaderComponent - Initialize Menu Component
2024-04-25 19:31:35.992 [main] DEBUG components.HeaderComponent - Create new MenuListComponent instance
2024-04-25 19:31:35.996 [main] DEBUG components.MenuListComponent - Click Close Menu button
2024-04-25 19:31:36.540 [main] DEBUG components.inventory.InventoryListComponent - Initialize Inventory List
2024-04-25 19:31:36.551 [main] DEBUG components.inventory.InventoryItem - Get Item name: Sauce Labs Backpack
2024-04-25 19:31:36.551 [main] DEBUG components.inventory.InventoryListComponent - Adding Item: Sauce Labs Backpack
2024-04-25 19:31:36.559 [main] DEBUG components.inventory.InventoryItem - Get Item name: Sauce Labs Bike Light
2024-04-25 19:31:36.559 [main] DEBUG components.inventory.InventoryListComponent - Adding Item: Sauce Labs Bike Light
2024-04-25 19:31:36.567 [main] DEBUG components.inventory.InventoryItem - Get Item name: Sauce Labs Bolt T-Shirt
2024-04-25 19:31:36.567 [main] DEBUG components.inventory.InventoryListComponent - Adding Item: Sauce Labs Bolt T-Shirt
2024-04-25 19:31:36.575 [main] DEBUG components.inventory.InventoryItem - Get Item name: Sauce Labs Fleece Jacket
2024-04-25 19:31:36.575 [main] DEBUG components.inventory.InventoryListComponent - Adding Item: Sauce Labs Fleece Jacket
2024-04-25 19:31:36.583 [main] DEBUG components.inventory.InventoryItem - Get Item name: Sauce Labs Onesie
2024-04-25 19:31:36.583 [main] DEBUG components.inventory.InventoryListComponent - Adding Item: Sauce Labs Onesie
2024-04-25 19:31:36.591 [main] DEBUG components.inventory.InventoryItem - Get Item name: Test.allTheThings() T-Shirt (Red)
2024-04-25 19:31:36.591 [main] DEBUG components.inventory.InventoryListComponent - Adding Item: Test.allTheThings() T-Shirt (Red)
2024-04-25 19:31:36.599 [main] DEBUG components.inventory.InventoryItem - Get Item name: Sauce Labs Onesie
2024-04-25 19:31:36.600 [main] DEBUG components.inventory.InventoryListComponent - Get Item 'Sauce Labs Onesie' with ID '4'
2024-04-25 19:31:36.629 [main] DEBUG components.inventory.InventoryItem - Get Item name: Sauce Labs Onesie
2024-04-25 19:31:36.629 [main] DEBUG components.inventory.InventoryItem - Click Label button
2024-04-25 19:31:36.657 [main] DEBUG components.HeaderComponent - Initialize Menu Component
2024-04-25 19:31:36.677 [main] DEBUG components.HeaderComponent - Create new MenuListComponent instance
2024-04-25 19:31:36.682 [main] DEBUG components.MenuListComponent - Click Close Menu button
2024-04-25 19:31:37.221 [main] DEBUG components.HeaderComponent - Initialize Menu Component
2024-04-25 19:31:37.557 [main] DEBUG components.HeaderComponent - Create new MenuListComponent instance
2024-04-25 19:31:37.561 [main] DEBUG components.MenuListComponent - Click Close Menu button
2024-04-25 19:31:37.630 [main] DEBUG components.HeaderComponent - Click Cart button
2024-04-25 19:31:37.665 [main] DEBUG components.HeaderComponent - Initialize Menu Component
2024-04-25 19:31:37.686 [main] DEBUG components.HeaderComponent - Create new MenuListComponent instance
2024-04-25 19:31:37.691 [main] DEBUG components.MenuListComponent - Click Close Menu button
2024-04-25 19:31:38.233 [main] DEBUG components.cart.CartItemListComponent - Initialize CartItems list
2024-04-25 19:31:38.243 [main] DEBUG components.cart.CartItem - Get Item name: Sauce Labs Onesie
2024-04-25 19:31:38.243 [main] DEBUG components.cart.CartItemListComponent - Adding CartItem: Sauce Labs Onesie
2024-04-25 19:31:38.247 [main] DEBUG components.cart.CartItemListComponent - Initialize CartItems list
2024-04-25 19:31:38.257 [main] DEBUG components.cart.CartItem - Get Item name: Sauce Labs Onesie
2024-04-25 19:31:38.257 [main] DEBUG components.cart.CartItemListComponent - Adding CartItem: Sauce Labs Onesie
2024-04-25 19:31:38.257 [main] DEBUG components.cart.CartFooter - Click Continue Shopping button
2024-04-25 19:31:38.286 [main] DEBUG components.HeaderComponent - Initialize Menu Component
2024-04-25 19:31:38.306 [main] DEBUG components.HeaderComponent - Create new MenuListComponent instance
2024-04-25 19:31:38.310 [main] DEBUG components.MenuListComponent - Click Close Menu button
2024-04-25 19:31:38.855 [main] DEBUG components.inventory.InventoryListComponent - Initialize Inventory List
2024-04-25 19:31:38.871 [main] DEBUG components.inventory.InventoryItem - Get Item name: Sauce Labs Backpack
2024-04-25 19:31:38.872 [main] DEBUG components.inventory.InventoryListComponent - Adding Item: Sauce Labs Backpack
2024-04-25 19:31:38.895 [main] DEBUG components.inventory.InventoryItem - Get Item name: Sauce Labs Bike Light
2024-04-25 19:31:38.896 [main] DEBUG components.inventory.InventoryListComponent - Adding Item: Sauce Labs Bike Light
2024-04-25 19:31:38.905 [main] DEBUG components.inventory.InventoryItem - Get Item name: Sauce Labs Bolt T-Shirt
2024-04-25 19:31:38.905 [main] DEBUG components.inventory.InventoryListComponent - Adding Item: Sauce Labs Bolt T-Shirt
2024-04-25 19:31:38.914 [main] DEBUG components.inventory.InventoryItem - Get Item name: Sauce Labs Fleece Jacket
2024-04-25 19:31:38.914 [main] DEBUG components.inventory.InventoryListComponent - Adding Item: Sauce Labs Fleece Jacket
2024-04-25 19:31:38.923 [main] DEBUG components.inventory.InventoryItem - Get Item name: Sauce Labs Onesie
2024-04-25 19:31:38.923 [main] DEBUG components.inventory.InventoryListComponent - Adding Item: Sauce Labs Onesie
2024-04-25 19:31:38.930 [main] DEBUG components.inventory.InventoryItem - Get Item name: Test.allTheThings() T-Shirt (Red)
2024-04-25 19:31:38.930 [main] DEBUG components.inventory.InventoryListComponent - Adding Item: Test.allTheThings() T-Shirt (Red)
2024-04-25 19:31:38.938 [main] DEBUG components.inventory.InventoryItem - Get Item name: Sauce Labs Onesie
2024-04-25 19:31:38.938 [main] DEBUG components.inventory.InventoryListComponent - Get Item 'Sauce Labs Onesie' with ID '4'
2024-04-25 19:31:38.938 [main] DEBUG components.inventory.InventoryItem - Click Label button
2024-04-25 19:31:38.969 [main] DEBUG components.HeaderComponent - Initialize Menu Component
2024-04-25 19:31:38.989 [main] DEBUG components.HeaderComponent - Create new MenuListComponent instance
2024-04-25 19:31:38.993 [main] DEBUG components.MenuListComponent - Click Close Menu button
2024-04-25 19:31:39.534 [main] DEBUG components.HeaderComponent - Initialize Menu Component
2024-04-25 19:31:39.871 [main] DEBUG components.HeaderComponent - Create new MenuListComponent instance
2024-04-25 19:31:39.881 [main] DEBUG components.MenuListComponent - Click Close Menu button
2024-04-25 19:31:39.945 [main] DEBUG components.HeaderComponent - Click Cart button
2024-04-25 19:31:39.973 [main] DEBUG components.HeaderComponent - Initialize Menu Component
2024-04-25 19:31:39.993 [main] DEBUG components.HeaderComponent - Create new MenuListComponent instance
2024-04-25 19:31:39.997 [main] DEBUG components.MenuListComponent - Click Close Menu button
2024-04-25 19:31:40.543 [main] DEBUG components.cart.CartItemListComponent - Initialize CartItems list
2024-04-25 19:31:40.550 [main] DEBUG components.cart.CartItemListComponent - Initialize CartItems list
2024-04-25 19:31:40.553 [main] DEBUG components.cart.CartItemListComponent - Initialize CartItems list
2024-04-25 19:31:40.556 [main] DEBUG components.cart.CartItemListComponent - Get Cart Items
2024-04-25 19:31:40.561 [main] DEBUG components.HeaderComponent - Initialize Menu Component
2024-04-25 19:31:40.904 [main] DEBUG components.HeaderComponent - Create new MenuListComponent instance
2024-04-25 19:31:40.911 [main] DEBUG components.MenuListComponent - Click Close Menu button
2024-04-25 19:31:40.948 [main] DEBUG components.cart.CartItemListComponent - Initialize CartItems list
2024-04-25 19:31:40.972 [main] DEBUG components.MenuListComponent - Click All Items button
2024-04-25 19:31:41.532 [main] DEBUG components.HeaderComponent - Initialize Menu Component
2024-04-25 19:31:41.551 [main] DEBUG components.HeaderComponent - Create new MenuListComponent instance
2024-04-25 19:31:41.555 [main] DEBUG components.MenuListComponent - Click Close Menu button
2024-04-25 19:31:42.100 [main] DEBUG components.inventory.InventoryListComponent - Initialize Inventory List
2024-04-25 19:31:42.111 [main] DEBUG components.inventory.InventoryItem - Get Item name: Sauce Labs Backpack
2024-04-25 19:31:42.111 [main] DEBUG components.inventory.InventoryListComponent - Adding Item: Sauce Labs Backpack
2024-04-25 19:31:42.122 [main] DEBUG components.inventory.InventoryItem - Get Item name: Sauce Labs Bike Light
2024-04-25 19:31:42.122 [main] DEBUG components.inventory.InventoryListComponent - Adding Item: Sauce Labs Bike Light
2024-04-25 19:31:42.131 [main] DEBUG components.inventory.InventoryItem - Get Item name: Sauce Labs Bolt T-Shirt
2024-04-25 19:31:42.131 [main] DEBUG components.inventory.InventoryListComponent - Adding Item: Sauce Labs Bolt T-Shirt
2024-04-25 19:31:42.150 [main] DEBUG components.inventory.InventoryItem - Get Item name: Sauce Labs Fleece Jacket
2024-04-25 19:31:42.150 [main] DEBUG components.inventory.InventoryListComponent - Adding Item: Sauce Labs Fleece Jacket
2024-04-25 19:31:42.160 [main] DEBUG components.inventory.InventoryItem - Get Item name: Sauce Labs Onesie
2024-04-25 19:31:42.160 [main] DEBUG components.inventory.InventoryListComponent - Adding Item: Sauce Labs Onesie
2024-04-25 19:31:42.170 [main] DEBUG components.inventory.InventoryItem - Get Item name: Test.allTheThings() T-Shirt (Red)
2024-04-25 19:31:42.170 [main] DEBUG components.inventory.InventoryListComponent - Adding Item: Test.allTheThings() T-Shirt (Red)
2024-04-25 19:31:42.177 [main] DEBUG components.inventory.InventoryItem - Get Item name: Test.allTheThings() T-Shirt (Red)
2024-04-25 19:31:42.177 [main] DEBUG components.inventory.InventoryListComponent - Get Item 'Test.allTheThings() T-Shirt (Red)' with ID '5'
2024-04-25 19:31:42.184 [main] DEBUG components.inventory.InventoryItem - Get Item name: Test.allTheThings() T-Shirt (Red)
2024-04-25 19:31:42.184 [main] DEBUG components.inventory.InventoryItem - Click Label button
2024-04-25 19:31:42.214 [main] DEBUG components.HeaderComponent - Initialize Menu Component
2024-04-25 19:31:42.235 [main] DEBUG components.HeaderComponent - Create new MenuListComponent instance
2024-04-25 19:31:42.240 [main] DEBUG components.MenuListComponent - Click Close Menu button
2024-04-25 19:31:42.780 [main] DEBUG components.HeaderComponent - Initialize Menu Component
2024-04-25 19:31:43.113 [main] DEBUG components.HeaderComponent - Create new MenuListComponent instance
2024-04-25 19:31:43.118 [main] DEBUG components.MenuListComponent - Click Close Menu button
2024-04-25 19:31:43.180 [main] DEBUG components.HeaderComponent - Click Cart button
2024-04-25 19:31:43.208 [main] DEBUG components.HeaderComponent - Initialize Menu Component
2024-04-25 19:31:43.228 [main] DEBUG components.HeaderComponent - Create new MenuListComponent instance
2024-04-25 19:31:43.233 [main] DEBUG components.MenuListComponent - Click Close Menu button
2024-04-25 19:31:43.780 [main] DEBUG components.cart.CartItemListComponent - Initialize CartItems list
2024-04-25 19:31:43.792 [main] DEBUG components.cart.CartItem - Get Item name: Test.allTheThings() T-Shirt (Red)
2024-04-25 19:31:43.792 [main] DEBUG components.cart.CartItemListComponent - Adding CartItem: Test.allTheThings() T-Shirt (Red)
2024-04-25 19:31:43.795 [main] DEBUG components.cart.CartItemListComponent - Initialize CartItems list
2024-04-25 19:31:43.806 [main] DEBUG components.cart.CartItem - Get Item name: Test.allTheThings() T-Shirt (Red)
2024-04-25 19:31:43.806 [main] DEBUG components.cart.CartItemListComponent - Adding CartItem: Test.allTheThings() T-Shirt (Red)
2024-04-25 19:31:43.806 [main] DEBUG components.cart.CartFooter - Click Continue Shopping button
2024-04-25 19:31:43.840 [main] DEBUG components.HeaderComponent - Initialize Menu Component
2024-04-25 19:31:43.861 [main] DEBUG components.HeaderComponent - Create new MenuListComponent instance
2024-04-25 19:31:43.868 [main] DEBUG components.MenuListComponent - Click Close Menu button
2024-04-25 19:31:44.432 [main] DEBUG components.inventory.InventoryListComponent - Initialize Inventory List
2024-04-25 19:31:44.445 [main] DEBUG components.inventory.InventoryItem - Get Item name: Sauce Labs Backpack
2024-04-25 19:31:44.445 [main] DEBUG components.inventory.InventoryListComponent - Adding Item: Sauce Labs Backpack
2024-04-25 19:31:44.452 [main] DEBUG components.inventory.InventoryItem - Get Item name: Sauce Labs Bike Light
2024-04-25 19:31:44.452 [main] DEBUG components.inventory.InventoryListComponent - Adding Item: Sauce Labs Bike Light
2024-04-25 19:31:44.459 [main] DEBUG components.inventory.InventoryItem - Get Item name: Sauce Labs Bolt T-Shirt
2024-04-25 19:31:44.459 [main] DEBUG components.inventory.InventoryListComponent - Adding Item: Sauce Labs Bolt T-Shirt
2024-04-25 19:31:44.466 [main] DEBUG components.inventory.InventoryItem - Get Item name: Sauce Labs Fleece Jacket
2024-04-25 19:31:44.466 [main] DEBUG components.inventory.InventoryListComponent - Adding Item: Sauce Labs Fleece Jacket
2024-04-25 19:31:44.473 [main] DEBUG components.inventory.InventoryItem - Get Item name: Sauce Labs Onesie
2024-04-25 19:31:44.473 [main] DEBUG components.inventory.InventoryListComponent - Adding Item: Sauce Labs Onesie
2024-04-25 19:31:44.481 [main] DEBUG components.inventory.InventoryItem - Get Item name: Test.allTheThings() T-Shirt (Red)
2024-04-25 19:31:44.481 [main] DEBUG components.inventory.InventoryListComponent - Adding Item: Test.allTheThings() T-Shirt (Red)
2024-04-25 19:31:44.489 [main] DEBUG components.inventory.InventoryItem - Get Item name: Test.allTheThings() T-Shirt (Red)
2024-04-25 19:31:44.489 [main] DEBUG components.inventory.InventoryListComponent - Get Item 'Test.allTheThings() T-Shirt (Red)' with ID '5'
2024-04-25 19:31:44.489 [main] DEBUG components.inventory.InventoryItem - Click Label button
2024-04-25 19:31:44.515 [main] DEBUG components.HeaderComponent - Initialize Menu Component
2024-04-25 19:31:44.534 [main] DEBUG components.HeaderComponent - Create new MenuListComponent instance
2024-04-25 19:31:44.540 [main] DEBUG components.MenuListComponent - Click Close Menu button
2024-04-25 19:31:45.078 [main] DEBUG components.HeaderComponent - Initialize Menu Component
2024-04-25 19:31:45.417 [main] DEBUG components.HeaderComponent - Create new MenuListComponent instance
2024-04-25 19:31:45.427 [main] DEBUG components.MenuListComponent - Click Close Menu button
2024-04-25 19:31:45.477 [main] DEBUG components.HeaderComponent - Click Cart button
2024-04-25 19:31:45.503 [main] DEBUG components.HeaderComponent - Initialize Menu Component
2024-04-25 19:31:45.522 [main] DEBUG components.HeaderComponent - Create new MenuListComponent instance
2024-04-25 19:31:45.526 [main] DEBUG components.MenuListComponent - Click Close Menu button
2024-04-25 19:31:46.075 [main] DEBUG components.cart.CartItemListComponent - Initialize CartItems list
2024-04-25 19:31:46.082 [main] DEBUG components.cart.CartItemListComponent - Initialize CartItems list
2024-04-25 19:31:46.087 [main] DEBUG components.cart.CartItemListComponent - Initialize CartItems list
2024-04-25 19:31:46.090 [main] DEBUG components.cart.CartItemListComponent - Get Cart Items
2024-04-25 19:31:46.094 [main] DEBUG components.HeaderComponent - Initialize Menu Component
2024-04-25 19:31:46.427 [main] DEBUG components.HeaderComponent - Create new MenuListComponent instance
2024-04-25 19:31:46.430 [main] DEBUG components.MenuListComponent - Click Close Menu button
2024-04-25 19:31:46.471 [main] DEBUG components.cart.CartItemListComponent - Initialize CartItems list
2024-04-25 19:31:46.496 [main] DEBUG components.MenuListComponent - Click All Items button
]]></system-out>
    <system-err><![CDATA[abr 25, 2024 7:31:12 P. M. org.openqa.selenium.devtools.CdpVersionFinder findNearestMatch
WARNING: Unable to find an exact match for CDP version 124, returning the closest version; found: 122; Please update to a Selenium version that supports CDP version 124
]]></system-err>
  </testcase>
  <testcase name="correctLogin" classname="tests.LoginTest" time="1.223">
    <system-out><![CDATA[El test Remove item from cart resultó: 1
2024-04-25 19:31:48.114 [main] DEBUG components.LoginComponent - Enter Username: standard_user
2024-04-25 19:31:48.183 [main] DEBUG components.LoginComponent - Enter Password: secret_sauce
2024-04-25 19:31:48.262 [main] DEBUG components.LoginComponent - Click Login button
2024-04-25 19:31:48.325 [main] DEBUG components.HeaderComponent - Initialize Menu Component
2024-04-25 19:31:48.360 [main] DEBUG components.HeaderComponent - Create new MenuListComponent instance
2024-04-25 19:31:48.366 [main] DEBUG components.MenuListComponent - Click Close Menu button
2024-04-25 19:31:48.925 [main] DEBUG components.HeaderComponent - Initialize Menu Component
2024-04-25 19:31:49.283 [main] DEBUG components.HeaderComponent - Create new MenuListComponent instance
2024-04-25 19:31:49.288 [main] DEBUG components.MenuListComponent - Click Close Menu button
]]></system-out>
    <system-err><![CDATA[abr 25, 2024 7:31:47 P. M. org.openqa.selenium.devtools.CdpVersionFinder findNearestMatch
WARNING: Unable to find an exact match for CDP version 124, returning the closest version; found: 122; Please update to a Selenium version that supports CDP version 124
]]></system-err>
  </testcase>
</testsuite>