<?xml version="1.0" encoding="UTF-8"?>
<testsuite xmlns:xsi="http://www.w3.org/2001/XMLSchema-instance" xsi:noNamespaceSchemaLocation="https://maven.apache.org/surefire/maven-surefire-plugin/xsd/surefire-test-report-3.0.xsd" version="3.0" name="TestSuite" time="89.572" tests="22" errors="0" skipped="0" failures="0">
  <properties>
    <property name="java.specification.version" value="21"/>
    <property name="webdriver.chrome.driver" value="Drivers/chromedriver.exe"/>
    <property name="sun.cpu.isalist" value="amd64"/>
    <property name="sun.jnu.encoding" value="Cp1252"/>
    <property name="java.class.path" value="C:\Users\leand\Desktop\Proyectos\Otros Proyectos\Automation\Primer Proyecto\primer_proyecto\target\test-classes;C:\Users\leand\Desktop\Proyectos\Otros Proyectos\Automation\Primer Proyecto\primer_proyecto\target\classes;C:\Users\leand\.m2\repository\org\testng\testng\7.9.0\testng-7.9.0.jar;C:\Users\leand\.m2\repository\org\slf4j\slf4j-api\1.7.36\slf4j-api-1.7.36.jar;C:\Users\leand\.m2\repository\com\beust\jcommander\1.82\jcommander-1.82.jar;C:\Users\leand\.m2\repository\org\webjars\jquery\3.7.1\jquery-3.7.1.jar;C:\Users\leand\.m2\repository\org\seleniumhq\selenium\selenium-java\4.18.1\selenium-java-4.18.1.jar;C:\Users\leand\.m2\repository\org\seleniumhq\selenium\selenium-api\4.18.1\selenium-api-4.18.1.jar;C:\Users\leand\.m2\repository\org\seleniumhq\selenium\selenium-chrome-driver\4.18.1\selenium-chrome-driver-4.18.1.jar;C:\Users\leand\.m2\repository\com\google\auto\service\auto-service-annotations\1.1.1\auto-service-annotations-1.1.1.jar;C:\Users\leand\.m2\repository\org\seleniumhq\selenium\selenium-chromium-driver\4.18.1\selenium-chromium-driver-4.18.1.jar;C:\Users\leand\.m2\repository\org\seleniumhq\selenium\selenium-json\4.18.1\selenium-json-4.18.1.jar;C:\Users\leand\.m2\repository\org\seleniumhq\selenium\selenium-manager\4.18.1\selenium-manager-4.18.1.jar;C:\Users\leand\.m2\repository\org\seleniumhq\selenium\selenium-devtools-v120\4.18.1\selenium-devtools-v120-4.18.1.jar;C:\Users\leand\.m2\repository\org\seleniumhq\selenium\selenium-devtools-v121\4.18.1\selenium-devtools-v121-4.18.1.jar;C:\Users\leand\.m2\repository\org\seleniumhq\selenium\selenium-devtools-v122\4.18.1\selenium-devtools-v122-4.18.1.jar;C:\Users\leand\.m2\repository\org\seleniumhq\selenium\selenium-devtools-v85\4.18.1\selenium-devtools-v85-4.18.1.jar;C:\Users\leand\.m2\repository\org\seleniumhq\selenium\selenium-edge-driver\4.18.1\selenium-edge-driver-4.18.1.jar;C:\Users\leand\.m2\repository\org\seleniumhq\selenium\selenium-firefox-driver\4.18.1\selenium-firefox-driver-4.18.1.jar;C:\Users\leand\.m2\repository\org\seleniumhq\selenium\selenium-http\4.18.1\selenium-http-4.18.1.jar;C:\Users\leand\.m2\repository\dev\failsafe\failsafe\3.3.2\failsafe-3.3.2.jar;C:\Users\leand\.m2\repository\org\seleniumhq\selenium\selenium-ie-driver\4.18.1\selenium-ie-driver-4.18.1.jar;C:\Users\leand\.m2\repository\org\seleniumhq\selenium\selenium-remote-driver\4.18.1\selenium-remote-driver-4.18.1.jar;C:\Users\leand\.m2\repository\com\google\guava\guava\33.0.0-jre\guava-33.0.0-jre.jar;C:\Users\leand\.m2\repository\com\google\guava\failureaccess\1.0.2\failureaccess-1.0.2.jar;C:\Users\leand\.m2\repository\com\google\guava\listenablefuture\9999.0-empty-to-avoid-conflict-with-guava\listenablefuture-9999.0-empty-to-avoid-conflict-with-guava.jar;C:\Users\leand\.m2\repository\com\google\code\findbugs\jsr305\3.0.2\jsr305-3.0.2.jar;C:\Users\leand\.m2\repository\org\checkerframework\checker-qual\3.41.0\checker-qual-3.41.0.jar;C:\Users\leand\.m2\repository\com\google\errorprone\error_prone_annotations\2.23.0\error_prone_annotations-2.23.0.jar;C:\Users\leand\.m2\repository\com\google\j2objc\j2objc-annotations\2.8\j2objc-annotations-2.8.jar;C:\Users\leand\.m2\repository\io\opentelemetry\semconv\opentelemetry-semconv\1.23.1-alpha\opentelemetry-semconv-1.23.1-alpha.jar;C:\Users\leand\.m2\repository\io\opentelemetry\opentelemetry-api\1.35.0\opentelemetry-api-1.35.0.jar;C:\Users\leand\.m2\repository\io\opentelemetry\opentelemetry-context\1.35.0\opentelemetry-context-1.35.0.jar;C:\Users\leand\.m2\repository\io\opentelemetry\opentelemetry-exporter-logging\1.35.0\opentelemetry-exporter-logging-1.35.0.jar;C:\Users\leand\.m2\repository\io\opentelemetry\opentelemetry-sdk-common\1.35.0\opentelemetry-sdk-common-1.35.0.jar;C:\Users\leand\.m2\repository\io\opentelemetry\opentelemetry-sdk-extension-autoconfigure-spi\1.35.0\opentelemetry-sdk-extension-autoconfigure-spi-1.35.0.jar;C:\Users\leand\.m2\repository\io\opentelemetry\opentelemetry-sdk-extension-autoconfigure\1.35.0\opentelemetry-sdk-extension-autoconfigure-1.35.0.jar;C:\Users\leand\.m2\repository\io\opentelemetry\opentelemetry-api-events\1.35.0-alpha\opentelemetry-api-events-1.35.0-alpha.jar;C:\Users\leand\.m2\repository\io\opentelemetry\opentelemetry-sdk-trace\1.35.0\opentelemetry-sdk-trace-1.35.0.jar;C:\Users\leand\.m2\repository\io\opentelemetry\opentelemetry-extension-incubator\1.35.0-alpha\opentelemetry-extension-incubator-1.35.0-alpha.jar;C:\Users\leand\.m2\repository\io\opentelemetry\opentelemetry-sdk\1.35.0\opentelemetry-sdk-1.35.0.jar;C:\Users\leand\.m2\repository\io\opentelemetry\opentelemetry-sdk-metrics\1.35.0\opentelemetry-sdk-metrics-1.35.0.jar;C:\Users\leand\.m2\repository\io\opentelemetry\opentelemetry-sdk-logs\1.35.0\opentelemetry-sdk-logs-1.35.0.jar;C:\Users\leand\.m2\repository\net\bytebuddy\byte-buddy\1.14.12\byte-buddy-1.14.12.jar;C:\Users\leand\.m2\repository\org\seleniumhq\selenium\selenium-os\4.18.1\selenium-os-4.18.1.jar;C:\Users\leand\.m2\repository\org\apache\commons\commons-exec\1.3\commons-exec-1.3.jar;C:\Users\leand\.m2\repository\org\seleniumhq\selenium\selenium-safari-driver\4.18.1\selenium-safari-driver-4.18.1.jar;C:\Users\leand\.m2\repository\org\seleniumhq\selenium\selenium-support\4.18.1\selenium-support-4.18.1.jar;C:\Users\leand\.m2\repository\commons-io\commons-io\2.15.1\commons-io-2.15.1.jar;"/>
    <property name="java.vm.vendor" value="Oracle Corporation"/>
    <property name="sun.arch.data.model" value="64"/>
    <property name="user.variant" value=""/>
    <property name="java.vendor.url" value="https://java.oracle.com/"/>
    <property name="user.timezone" value="America/Buenos_Aires"/>
    <property name="os.name" value="Windows 11"/>
    <property name="java.vm.specification.version" value="21"/>
    <property name="sun.java.launcher" value="SUN_STANDARD"/>
    <property name="user.country" value="AR"/>
    <property name="sun.boot.library.path" value="C:\Program Files\Java\jdk-21\bin"/>
    <property name="sun.java.command" value="C:\Users\leand\AppData\Local\Temp\surefire9687605472388342558\surefirebooter-20240407190749943_3.jar C:\Users\leand\AppData\Local\Temp\surefire9687605472388342558 2024-04-07T19-07-49_867-jvmRun1 surefire-20240407190749943_1tmp surefire_0-20240407190749943_2tmp"/>
    <property name="jdk.debug" value="release"/>
    <property name="surefire.test.class.path" value="C:\Users\leand\Desktop\Proyectos\Otros Proyectos\Automation\Primer Proyecto\primer_proyecto\target\test-classes;C:\Users\leand\Desktop\Proyectos\Otros Proyectos\Automation\Primer Proyecto\primer_proyecto\target\classes;C:\Users\leand\.m2\repository\org\testng\testng\7.9.0\testng-7.9.0.jar;C:\Users\leand\.m2\repository\org\slf4j\slf4j-api\1.7.36\slf4j-api-1.7.36.jar;C:\Users\leand\.m2\repository\com\beust\jcommander\1.82\jcommander-1.82.jar;C:\Users\leand\.m2\repository\org\webjars\jquery\3.7.1\jquery-3.7.1.jar;C:\Users\leand\.m2\repository\org\seleniumhq\selenium\selenium-java\4.18.1\selenium-java-4.18.1.jar;C:\Users\leand\.m2\repository\org\seleniumhq\selenium\selenium-api\4.18.1\selenium-api-4.18.1.jar;C:\Users\leand\.m2\repository\org\seleniumhq\selenium\selenium-chrome-driver\4.18.1\selenium-chrome-driver-4.18.1.jar;C:\Users\leand\.m2\repository\com\google\auto\service\auto-service-annotations\1.1.1\auto-service-annotations-1.1.1.jar;C:\Users\leand\.m2\repository\org\seleniumhq\selenium\selenium-chromium-driver\4.18.1\selenium-chromium-driver-4.18.1.jar;C:\Users\leand\.m2\repository\org\seleniumhq\selenium\selenium-json\4.18.1\selenium-json-4.18.1.jar;C:\Users\leand\.m2\repository\org\seleniumhq\selenium\selenium-manager\4.18.1\selenium-manager-4.18.1.jar;C:\Users\leand\.m2\repository\org\seleniumhq\selenium\selenium-devtools-v120\4.18.1\selenium-devtools-v120-4.18.1.jar;C:\Users\leand\.m2\repository\org\seleniumhq\selenium\selenium-devtools-v121\4.18.1\selenium-devtools-v121-4.18.1.jar;C:\Users\leand\.m2\repository\org\seleniumhq\selenium\selenium-devtools-v122\4.18.1\selenium-devtools-v122-4.18.1.jar;C:\Users\leand\.m2\repository\org\seleniumhq\selenium\selenium-devtools-v85\4.18.1\selenium-devtools-v85-4.18.1.jar;C:\Users\leand\.m2\repository\org\seleniumhq\selenium\selenium-edge-driver\4.18.1\selenium-edge-driver-4.18.1.jar;C:\Users\leand\.m2\repository\org\seleniumhq\selenium\selenium-firefox-driver\4.18.1\selenium-firefox-driver-4.18.1.jar;C:\Users\leand\.m2\repository\org\seleniumhq\selenium\selenium-http\4.18.1\selenium-http-4.18.1.jar;C:\Users\leand\.m2\repository\dev\failsafe\failsafe\3.3.2\failsafe-3.3.2.jar;C:\Users\leand\.m2\repository\org\seleniumhq\selenium\selenium-ie-driver\4.18.1\selenium-ie-driver-4.18.1.jar;C:\Users\leand\.m2\repository\org\seleniumhq\selenium\selenium-remote-driver\4.18.1\selenium-remote-driver-4.18.1.jar;C:\Users\leand\.m2\repository\com\google\guava\guava\33.0.0-jre\guava-33.0.0-jre.jar;C:\Users\leand\.m2\repository\com\google\guava\failureaccess\1.0.2\failureaccess-1.0.2.jar;C:\Users\leand\.m2\repository\com\google\guava\listenablefuture\9999.0-empty-to-avoid-conflict-with-guava\listenablefuture-9999.0-empty-to-avoid-conflict-with-guava.jar;C:\Users\leand\.m2\repository\com\google\code\findbugs\jsr305\3.0.2\jsr305-3.0.2.jar;C:\Users\leand\.m2\repository\org\checkerframework\checker-qual\3.41.0\checker-qual-3.41.0.jar;C:\Users\leand\.m2\repository\com\google\errorprone\error_prone_annotations\2.23.0\error_prone_annotations-2.23.0.jar;C:\Users\leand\.m2\repository\com\google\j2objc\j2objc-annotations\2.8\j2objc-annotations-2.8.jar;C:\Users\leand\.m2\repository\io\opentelemetry\semconv\opentelemetry-semconv\1.23.1-alpha\opentelemetry-semconv-1.23.1-alpha.jar;C:\Users\leand\.m2\repository\io\opentelemetry\opentelemetry-api\1.35.0\opentelemetry-api-1.35.0.jar;C:\Users\leand\.m2\repository\io\opentelemetry\opentelemetry-context\1.35.0\opentelemetry-context-1.35.0.jar;C:\Users\leand\.m2\repository\io\opentelemetry\opentelemetry-exporter-logging\1.35.0\opentelemetry-exporter-logging-1.35.0.jar;C:\Users\leand\.m2\repository\io\opentelemetry\opentelemetry-sdk-common\1.35.0\opentelemetry-sdk-common-1.35.0.jar;C:\Users\leand\.m2\repository\io\opentelemetry\opentelemetry-sdk-extension-autoconfigure-spi\1.35.0\opentelemetry-sdk-extension-autoconfigure-spi-1.35.0.jar;C:\Users\leand\.m2\repository\io\opentelemetry\opentelemetry-sdk-extension-autoconfigure\1.35.0\opentelemetry-sdk-extension-autoconfigure-1.35.0.jar;C:\Users\leand\.m2\repository\io\opentelemetry\opentelemetry-api-events\1.35.0-alpha\opentelemetry-api-events-1.35.0-alpha.jar;C:\Users\leand\.m2\repository\io\opentelemetry\opentelemetry-sdk-trace\1.35.0\opentelemetry-sdk-trace-1.35.0.jar;C:\Users\leand\.m2\repository\io\opentelemetry\opentelemetry-extension-incubator\1.35.0-alpha\opentelemetry-extension-incubator-1.35.0-alpha.jar;C:\Users\leand\.m2\repository\io\opentelemetry\opentelemetry-sdk\1.35.0\opentelemetry-sdk-1.35.0.jar;C:\Users\leand\.m2\repository\io\opentelemetry\opentelemetry-sdk-metrics\1.35.0\opentelemetry-sdk-metrics-1.35.0.jar;C:\Users\leand\.m2\repository\io\opentelemetry\opentelemetry-sdk-logs\1.35.0\opentelemetry-sdk-logs-1.35.0.jar;C:\Users\leand\.m2\repository\net\bytebuddy\byte-buddy\1.14.12\byte-buddy-1.14.12.jar;C:\Users\leand\.m2\repository\org\seleniumhq\selenium\selenium-os\4.18.1\selenium-os-4.18.1.jar;C:\Users\leand\.m2\repository\org\apache\commons\commons-exec\1.3\commons-exec-1.3.jar;C:\Users\leand\.m2\repository\org\seleniumhq\selenium\selenium-safari-driver\4.18.1\selenium-safari-driver-4.18.1.jar;C:\Users\leand\.m2\repository\org\seleniumhq\selenium\selenium-support\4.18.1\selenium-support-4.18.1.jar;C:\Users\leand\.m2\repository\commons-io\commons-io\2.15.1\commons-io-2.15.1.jar;"/>
    <property name="sun.cpu.endian" value="little"/>
    <property name="user.home" value="C:\Users\leand"/>
    <property name="user.language" value="es"/>
    <property name="java.specification.vendor" value="Oracle Corporation"/>
    <property name="java.version.date" value="2024-01-16"/>
    <property name="java.home" value="C:\Program Files\Java\jdk-21"/>
    <property name="file.separator" value="\"/>
    <property name="basedir" value="C:\Users\leand\Desktop\Proyectos\Otros Proyectos\Automation\Primer Proyecto\primer_proyecto"/>
    <property name="java.vm.compressedOopsMode" value="Zero based"/>
    <property name="line.separator" value="&#10;"/>
    <property name="java.vm.specification.vendor" value="Oracle Corporation"/>
    <property name="java.specification.name" value="Java Platform API Specification"/>
    <property name="surefire.real.class.path" value="C:\Users\leand\AppData\Local\Temp\surefire9687605472388342558\surefirebooter-20240407190749943_3.jar"/>
    <property name="user.script" value=""/>
    <property name="sun.management.compiler" value="HotSpot 64-Bit Tiered Compilers"/>
    <property name="java.runtime.version" value="21.0.2+13-LTS-58"/>
    <property name="user.name" value="leand"/>
    <property name="stdout.encoding" value="Cp1252"/>
    <property name="path.separator" value=";"/>
    <property name="os.version" value="10.0"/>
    <property name="java.runtime.name" value="Java(TM) SE Runtime Environment"/>
    <property name="file.encoding" value="UTF-8"/>
    <property name="java.vm.name" value="Java HotSpot(TM) 64-Bit Server VM"/>
    <property name="localRepository" value="C:\Users\leand\.m2\repository"/>
    <property name="java.vendor.url.bug" value="https://bugreport.java.com/bugreport/"/>
    <property name="java.io.tmpdir" value="C:\Users\leand\AppData\Local\Temp\"/>
    <property name="java.version" value="21.0.2"/>
    <property name="user.dir" value="C:\Users\leand\Desktop\Proyectos\Otros Proyectos\Automation\Primer Proyecto\primer_proyecto"/>
    <property name="os.arch" value="amd64"/>
    <property name="java.vm.specification.name" value="Java Virtual Machine Specification"/>
    <property name="sun.os.patch.level" value=""/>
    <property name="native.encoding" value="Cp1252"/>
    <property name="java.library.path" value="C:\Program Files\Java\jdk-21\bin;C:\Windows\Sun\Java\bin;C:\Windows\system32;C:\Windows;C:\Program Files\Common Files\Oracle\Java\javapath;C:\Windows\system32;C:\Windows;C:\Windows\System32\Wbem;C:\Windows\System32\WindowsPowerShell\v1.0\;C:\Windows\System32\OpenSSH\;C:\Program Files (x86)\NVIDIA Corporation\PhysX\Common;C:\Program Files\NVIDIA Corporation\NVIDIA NvDLISR;C:\Program Files\dotnet\;C:\Program Files (x86)\Windows Kits\10\Windows Performance Toolkit\;C:\Program Files\nodejs\;C:\Program Files\apache-maven-3.9.6\bin;C:\Program Files\Git\cmd;C:\Users\leand\AppData\Local\Microsoft\WindowsApps;C:\Users\leand\AppData\Local\GitHubDesktop\bin;C:\Users\leand\.dotnet\tools;C:\Users\leand\AppData\Local\Programs\Microsoft VS Code\bin;C:\Users\leand\AppData\Roaming\npm;."/>
    <property name="java.vm.info" value="mixed mode, sharing"/>
    <property name="stderr.encoding" value="Cp1252"/>
    <property name="java.vendor" value="Oracle Corporation"/>
    <property name="java.vm.version" value="21.0.2+13-LTS-58"/>
    <property name="sun.io.unicode.encoding" value="UnicodeLittle"/>
    <property name="java.class.version" value="65.0"/>
  </properties>
  <testcase name="goToCheckoutOne" classname="tests.CartTest" time="1.527">
    <system-err><![CDATA[SLF4J: Failed to load class "org.slf4j.impl.StaticLoggerBinder".
SLF4J: Defaulting to no-operation (NOP) logger implementation
SLF4J: See http://www.slf4j.org/codes.html#StaticLoggerBinder for further details.
abr 07, 2024 7:07:51 P. M. org.openqa.selenium.devtools.CdpVersionFinder findNearestMatch
WARNING: Unable to find an exact match for CDP version 123, returning the closest version; found: 122; Please update to a Selenium version that supports CDP version 123
abr 07, 2024 7:07:53 P. M. components.cart.CartItemListComponent initializeList
INFO: Cart Items List initialized
]]></system-err>
  </testcase>
  <testcase name="goToInventoryA" classname="tests.CartTest" time="1.836">
    <system-out><![CDATA[El test Go to checkout step one resultó: 1
]]></system-out>
    <system-err><![CDATA[abr 07, 2024 7:07:53 P. M. org.openqa.selenium.devtools.CdpVersionFinder findNearestMatch
WARNING: Unable to find an exact match for CDP version 123, returning the closest version; found: 122; Please update to a Selenium version that supports CDP version 123
abr 07, 2024 7:07:55 P. M. components.cart.CartItemListComponent initializeList
INFO: Cart Items List initialized
]]></system-err>
  </testcase>
  <testcase name="goToInventoryB" classname="tests.CartTest" time="2.142">
    <system-out><![CDATA[El test Go back to inventory page using All items button in menu resultó: 1
]]></system-out>
    <system-err><![CDATA[abr 07, 2024 7:07:56 P. M. org.openqa.selenium.devtools.CdpVersionFinder findNearestMatch
WARNING: Unable to find an exact match for CDP version 123, returning the closest version; found: 122; Please update to a Selenium version that supports CDP version 123
abr 07, 2024 7:07:58 P. M. components.cart.CartItemListComponent initializeList
INFO: Cart Items List initialized
]]></system-err>
  </testcase>
  <testcase name="backHome" classname="tests.CheckoutCompleteTest" time="2.477">
    <system-out><![CDATA[El test Go back to inventory page using Continue Shopping button resultó: 1
]]></system-out>
    <system-err><![CDATA[abr 07, 2024 7:07:59 P. M. org.openqa.selenium.remote.http.WebSocket$Listener onError
WARNING: Connection reset
java.net.SocketException: Connection reset
	at java.base/sun.nio.ch.SocketChannelImpl.throwConnectionReset(SocketChannelImpl.java:401)
	at java.base/sun.nio.ch.SocketChannelImpl.read(SocketChannelImpl.java:434)
	at java.net.http/jdk.internal.net.http.SocketTube.readAvailable(SocketTube.java:1178)
	at java.net.http/jdk.internal.net.http.SocketTube$InternalReadPublisher$InternalReadSubscription.read(SocketTube.java:841)
	at java.net.http/jdk.internal.net.http.SocketTube$SocketFlowTask.run(SocketTube.java:181)
	at java.net.http/jdk.internal.net.http.common.SequentialScheduler$SchedulableTask.run(SequentialScheduler.java:207)
	at java.net.http/jdk.internal.net.http.common.SequentialScheduler.runOrSchedule(SequentialScheduler.java:280)
	at java.net.http/jdk.internal.net.http.common.SequentialScheduler.runOrSchedule(SequentialScheduler.java:233)
	at java.net.http/jdk.internal.net.http.SocketTube$InternalReadPublisher$InternalReadSubscription.signalReadable(SocketTube.java:782)
	at java.net.http/jdk.internal.net.http.SocketTube$InternalReadPublisher$ReadEvent.signalEvent(SocketTube.java:965)
	at java.net.http/jdk.internal.net.http.SocketTube$SocketFlowEvent.handle(SocketTube.java:253)
	at java.net.http/jdk.internal.net.http.HttpClientImpl$SelectorManager.handleEvent(HttpClientImpl.java:1467)
	at java.net.http/jdk.internal.net.http.HttpClientImpl$SelectorManager.lambda$run$3(HttpClientImpl.java:1412)
	at java.base/java.util.ArrayList.forEach(ArrayList.java:1596)
	at java.net.http/jdk.internal.net.http.HttpClientImpl$SelectorManager.run(HttpClientImpl.java:1412)

abr 07, 2024 7:08:00 P. M. org.openqa.selenium.devtools.CdpVersionFinder findNearestMatch
WARNING: Unable to find an exact match for CDP version 123, returning the closest version; found: 122; Please update to a Selenium version that supports CDP version 123
abr 07, 2024 7:08:01 P. M. components.cart.CartItemListComponent initializeList
INFO: Cart Items List initialized
abr 07, 2024 7:08:02 P. M. components.cart.CartItemListComponent initializeList
INFO: Added Cart Item Sauce Labs Backpack
abr 07, 2024 7:08:02 P. M. components.cart.CartItemListComponent initializeList
INFO: Cart Items List initialized
abr 07, 2024 7:08:02 P. M. components.cart.CartItemListComponent initializeList
INFO: Added Cart Item Sauce Labs Backpack
abr 07, 2024 7:08:02 P. M. components.cart.CartItemListComponent getItemWithIndex
INFO: Cart item Index: 0 - Cart items list Length: 1
]]></system-err>
  </testcase>
  <testcase name="backToCart" classname="tests.CheckoutOneTest" time="2.134">
    <system-out><![CDATA[El test Go back to home page resultó: 1
]]></system-out>
    <system-err><![CDATA[abr 07, 2024 7:08:03 P. M. org.openqa.selenium.devtools.CdpVersionFinder findNearestMatch
WARNING: Unable to find an exact match for CDP version 123, returning the closest version; found: 122; Please update to a Selenium version that supports CDP version 123
abr 07, 2024 7:08:05 P. M. components.cart.CartItemListComponent initializeList
INFO: Cart Items List initialized
abr 07, 2024 7:08:06 P. M. components.cart.CartItemListComponent initializeList
INFO: Cart Items List initialized
]]></system-err>
  </testcase>
  <testcase name="continueToCheckout2" classname="tests.CheckoutOneTest" time="1.67">
    <system-out><![CDATA[El test Go back to cart with cancel button resultó: 1
]]></system-out>
    <system-err><![CDATA[abr 07, 2024 7:08:06 P. M. org.openqa.selenium.devtools.CdpVersionFinder findNearestMatch
WARNING: Unable to find an exact match for CDP version 123, returning the closest version; found: 122; Please update to a Selenium version that supports CDP version 123
abr 07, 2024 7:08:08 P. M. components.cart.CartItemListComponent initializeList
INFO: Cart Items List initialized
]]></system-err>
  </testcase>
  <testcase name="continueToCheckout2WithNoData" classname="tests.CheckoutOneTest" time="1.582">
    <system-out><![CDATA[El test Continue to checkout 2 resultó: 1
]]></system-out>
    <system-err><![CDATA[abr 07, 2024 7:08:09 P. M. org.openqa.selenium.devtools.CdpVersionFinder findNearestMatch
WARNING: Unable to find an exact match for CDP version 123, returning the closest version; found: 122; Please update to a Selenium version that supports CDP version 123
abr 07, 2024 7:08:11 P. M. components.cart.CartItemListComponent initializeList
INFO: Cart Items List initialized
]]></system-err>
  </testcase>
  <testcase name="cancelCheckout" classname="tests.CheckoutTwoTest" time="2.254">
    <system-out><![CDATA[El test Continue to checkout 2 without inserting info resultó: 1
]]></system-out>
    <system-err><![CDATA[abr 07, 2024 7:08:11 P. M. org.openqa.selenium.remote.http.WebSocket$Listener onError
WARNING: Connection reset
java.net.SocketException: Connection reset
	at java.base/sun.nio.ch.SocketChannelImpl.throwConnectionReset(SocketChannelImpl.java:401)
	at java.base/sun.nio.ch.SocketChannelImpl.read(SocketChannelImpl.java:434)
	at java.net.http/jdk.internal.net.http.SocketTube.readAvailable(SocketTube.java:1178)
	at java.net.http/jdk.internal.net.http.SocketTube$InternalReadPublisher$InternalReadSubscription.read(SocketTube.java:841)
	at java.net.http/jdk.internal.net.http.SocketTube$SocketFlowTask.run(SocketTube.java:181)
	at java.net.http/jdk.internal.net.http.common.SequentialScheduler$SchedulableTask.run(SequentialScheduler.java:207)
	at java.net.http/jdk.internal.net.http.common.SequentialScheduler.runOrSchedule(SequentialScheduler.java:280)
	at java.net.http/jdk.internal.net.http.common.SequentialScheduler.runOrSchedule(SequentialScheduler.java:233)
	at java.net.http/jdk.internal.net.http.SocketTube$InternalReadPublisher$InternalReadSubscription.signalReadable(SocketTube.java:782)
	at java.net.http/jdk.internal.net.http.SocketTube$InternalReadPublisher$ReadEvent.signalEvent(SocketTube.java:965)
	at java.net.http/jdk.internal.net.http.SocketTube$SocketFlowEvent.handle(SocketTube.java:253)
	at java.net.http/jdk.internal.net.http.HttpClientImpl$SelectorManager.handleEvent(HttpClientImpl.java:1467)
	at java.net.http/jdk.internal.net.http.HttpClientImpl$SelectorManager.lambda$run$3(HttpClientImpl.java:1412)
	at java.base/java.util.ArrayList.forEach(ArrayList.java:1596)
	at java.net.http/jdk.internal.net.http.HttpClientImpl$SelectorManager.run(HttpClientImpl.java:1412)

abr 07, 2024 7:08:12 P. M. org.openqa.selenium.devtools.CdpVersionFinder findNearestMatch
WARNING: Unable to find an exact match for CDP version 123, returning the closest version; found: 122; Please update to a Selenium version that supports CDP version 123
abr 07, 2024 7:08:14 P. M. components.cart.CartItemListComponent initializeList
INFO: Cart Items List initialized
]]></system-err>
  </testcase>
  <testcase name="finishCheckout" classname="tests.CheckoutTwoTest" time="1.775">
    <system-out><![CDATA[El test Cancel checkout resultó: 1
]]></system-out>
    <system-err><![CDATA[abr 07, 2024 7:08:15 P. M. org.openqa.selenium.devtools.CdpVersionFinder findNearestMatch
WARNING: Unable to find an exact match for CDP version 123, returning the closest version; found: 122; Please update to a Selenium version that supports CDP version 123
abr 07, 2024 7:08:17 P. M. components.cart.CartItemListComponent initializeList
INFO: Cart Items List initialized
abr 07, 2024 7:08:17 P. M. components.cart.CartItemListComponent initializeList
INFO: Added Cart Item Sauce Labs Backpack
abr 07, 2024 7:08:17 P. M. components.cart.CartItemListComponent initializeList
INFO: Cart Items List initialized
abr 07, 2024 7:08:17 P. M. components.cart.CartItemListComponent initializeList
INFO: Added Cart Item Sauce Labs Backpack
abr 07, 2024 7:08:17 P. M. components.cart.CartItemListComponent getItemWithIndex
INFO: Cart item Index: 0 - Cart items list Length: 1
]]></system-err>
  </testcase>
  <testcase name="closeMenu" classname="tests.InventoryTest" time="1.191">
    <system-out><![CDATA[El test Finish checkout resultó: 1
]]></system-out>
    <system-err><![CDATA[abr 07, 2024 7:08:18 P. M. org.openqa.selenium.devtools.CdpVersionFinder findNearestMatch
WARNING: Unable to find an exact match for CDP version 123, returning the closest version; found: 122; Please update to a Selenium version that supports CDP version 123
]]></system-err>
  </testcase>
  <testcase name="filterChange" classname="tests.InventoryTest" time="1.278">
    <system-out><![CDATA[El test Close hamburger menu resultó: 1
]]></system-out>
    <system-err><![CDATA[abr 07, 2024 7:08:20 P. M. org.openqa.selenium.devtools.CdpVersionFinder findNearestMatch
WARNING: Unable to find an exact match for CDP version 123, returning the closest version; found: 122; Please update to a Selenium version that supports CDP version 123
]]></system-err>
  </testcase>
  <testcase name="goToAboutPage" classname="tests.InventoryTest" time="4.11">
    <system-out><![CDATA[El test Change the shop filter resultó: 1
]]></system-out>
    <system-err><![CDATA[abr 07, 2024 7:08:23 P. M. org.openqa.selenium.devtools.CdpVersionFinder findNearestMatch
WARNING: Unable to find an exact match for CDP version 123, returning the closest version; found: 122; Please update to a Selenium version that supports CDP version 123
]]></system-err>
  </testcase>
  <testcase name="goToCart" classname="tests.InventoryTest" time="1.422">
    <system-out><![CDATA[El test Go to about page resultó: 1
]]></system-out>
    <system-err><![CDATA[abr 07, 2024 7:08:28 P. M. org.openqa.selenium.devtools.CdpVersionFinder findNearestMatch
WARNING: Unable to find an exact match for CDP version 123, returning the closest version; found: 122; Please update to a Selenium version that supports CDP version 123
abr 07, 2024 7:08:30 P. M. components.cart.CartItemListComponent initializeList
INFO: Cart Items List initialized
]]></system-err>
  </testcase>
  <testcase name="goToCartWithAddedItem" classname="tests.InventoryTest" time="1.528">
    <system-out><![CDATA[El test Go to cart resultó: 1
]]></system-out>
    <system-err><![CDATA[abr 07, 2024 7:08:31 P. M. org.openqa.selenium.devtools.CdpVersionFinder findNearestMatch
WARNING: Unable to find an exact match for CDP version 123, returning the closest version; found: 122; Please update to a Selenium version that supports CDP version 123
abr 07, 2024 7:08:32 P. M. components.cart.CartItemListComponent initializeList
INFO: Cart Items List initialized
abr 07, 2024 7:08:32 P. M. components.cart.CartItemListComponent initializeList
INFO: Added Cart Item Sauce Labs Backpack
abr 07, 2024 7:08:32 P. M. components.cart.CartItemListComponent initializeList
INFO: Cart Items List initialized
abr 07, 2024 7:08:33 P. M. components.cart.CartItemListComponent initializeList
INFO: Added Cart Item Sauce Labs Backpack
abr 07, 2024 7:08:33 P. M. components.cart.CartItemListComponent getItemWithIndex
INFO: Cart item Index: 0 - Cart items list Length: 1
]]></system-err>
  </testcase>
  <testcase name="goToInventory" classname="tests.InventoryTest" time="1.865">
    <system-out><![CDATA[El test Add item to cart and check if its the same item resultó: 1
]]></system-out>
    <system-err><![CDATA[abr 07, 2024 7:08:33 P. M. org.openqa.selenium.devtools.CdpVersionFinder findNearestMatch
WARNING: Unable to find an exact match for CDP version 123, returning the closest version; found: 122; Please update to a Selenium version that supports CDP version 123
abr 07, 2024 7:08:35 P. M. components.cart.CartItemListComponent initializeList
INFO: Cart Items List initialized
]]></system-err>
  </testcase>
  <testcase name="goToItemPageFromImage" classname="tests.InventoryTest" time="1.46">
    <system-out><![CDATA[El test Go back to Inventory page resultó: 1
]]></system-out>
    <system-err><![CDATA[abr 07, 2024 7:08:36 P. M. org.openqa.selenium.devtools.CdpVersionFinder findNearestMatch
WARNING: Unable to find an exact match for CDP version 123, returning the closest version; found: 122; Please update to a Selenium version that supports CDP version 123
]]></system-err>
  </testcase>
  <testcase name="goToItemPageFromLabel" classname="tests.InventoryTest" time="1.471">
    <system-out><![CDATA[El test Go to item page from image resultó: 1
]]></system-out>
    <system-err><![CDATA[abr 07, 2024 7:08:38 P. M. org.openqa.selenium.remote.http.WebSocket$Listener onError
WARNING: Connection reset
java.net.SocketException: Connection reset
	at java.base/sun.nio.ch.SocketChannelImpl.throwConnectionReset(SocketChannelImpl.java:401)
	at java.base/sun.nio.ch.SocketChannelImpl.read(SocketChannelImpl.java:434)
	at java.net.http/jdk.internal.net.http.SocketTube.readAvailable(SocketTube.java:1178)
	at java.net.http/jdk.internal.net.http.SocketTube$InternalReadPublisher$InternalReadSubscription.read(SocketTube.java:841)
	at java.net.http/jdk.internal.net.http.SocketTube$SocketFlowTask.run(SocketTube.java:181)
	at java.net.http/jdk.internal.net.http.common.SequentialScheduler$SchedulableTask.run(SequentialScheduler.java:207)
	at java.net.http/jdk.internal.net.http.common.SequentialScheduler.runOrSchedule(SequentialScheduler.java:280)
	at java.net.http/jdk.internal.net.http.common.SequentialScheduler.runOrSchedule(SequentialScheduler.java:233)
	at java.net.http/jdk.internal.net.http.SocketTube$InternalReadPublisher$InternalReadSubscription.signalReadable(SocketTube.java:782)
	at java.net.http/jdk.internal.net.http.SocketTube$InternalReadPublisher$ReadEvent.signalEvent(SocketTube.java:965)
	at java.net.http/jdk.internal.net.http.SocketTube$SocketFlowEvent.handle(SocketTube.java:253)
	at java.net.http/jdk.internal.net.http.HttpClientImpl$SelectorManager.handleEvent(HttpClientImpl.java:1467)
	at java.net.http/jdk.internal.net.http.HttpClientImpl$SelectorManager.lambda$run$3(HttpClientImpl.java:1412)
	at java.base/java.util.ArrayList.forEach(ArrayList.java:1596)
	at java.net.http/jdk.internal.net.http.HttpClientImpl$SelectorManager.run(HttpClientImpl.java:1412)

abr 07, 2024 7:08:39 P. M. org.openqa.selenium.devtools.CdpVersionFinder findNearestMatch
WARNING: Unable to find an exact match for CDP version 123, returning the closest version; found: 122; Please update to a Selenium version that supports CDP version 123
]]></system-err>
  </testcase>
  <testcase name="logout" classname="tests.InventoryTest" time="1.194">
    <system-out><![CDATA[El test Go to item page from label resultó: 1
]]></system-out>
    <system-err><![CDATA[abr 07, 2024 7:08:41 P. M. org.openqa.selenium.devtools.CdpVersionFinder findNearestMatch
WARNING: Unable to find an exact match for CDP version 123, returning the closest version; found: 122; Please update to a Selenium version that supports CDP version 123
]]></system-err>
  </testcase>
  <testcase name="addToCart" classname="tests.ItemTest" time="2.15">
    <system-out><![CDATA[El test Try to logout resultó: 1
]]></system-out>
    <system-err><![CDATA[abr 07, 2024 7:08:44 P. M. org.openqa.selenium.devtools.CdpVersionFinder findNearestMatch
WARNING: Unable to find an exact match for CDP version 123, returning the closest version; found: 122; Please update to a Selenium version that supports CDP version 123
abr 07, 2024 7:08:46 P. M. components.cart.CartItemListComponent initializeList
INFO: Cart Items List initialized
abr 07, 2024 7:08:46 P. M. components.cart.CartItemListComponent initializeList
INFO: Added Cart Item Sauce Labs Backpack
abr 07, 2024 7:08:46 P. M. components.cart.CartItemListComponent initializeList
INFO: Cart Items List initialized
abr 07, 2024 7:08:46 P. M. components.cart.CartItemListComponent initializeList
INFO: Added Cart Item Sauce Labs Backpack
abr 07, 2024 7:08:46 P. M. components.cart.CartItemListComponent getItemWithIndex
INFO: Cart item Index: 0 - Cart items list Length: 1
]]></system-err>
  </testcase>
  <testcase name="backToInventory" classname="tests.ItemTest" time="2.299">
    <system-out><![CDATA[El test Add to cart resultó: 1
]]></system-out>
    <system-err><![CDATA[abr 07, 2024 7:08:47 P. M. org.openqa.selenium.devtools.CdpVersionFinder findNearestMatch
WARNING: Unable to find an exact match for CDP version 123, returning the closest version; found: 122; Please update to a Selenium version that supports CDP version 123
]]></system-err>
  </testcase>
  <testcase name="removeFromCart" classname="tests.ItemTest" time="26.415">
    <system-out><![CDATA[El test Go back to inventory resultó: 1
]]></system-out>
    <system-err><![CDATA[abr 07, 2024 7:08:50 P. M. org.openqa.selenium.devtools.CdpVersionFinder findNearestMatch
WARNING: Unable to find an exact match for CDP version 123, returning the closest version; found: 122; Please update to a Selenium version that supports CDP version 123
abr 07, 2024 7:08:53 P. M. components.cart.CartItemListComponent initializeList
INFO: Cart Items List initialized
abr 07, 2024 7:08:53 P. M. components.cart.CartItemListComponent initializeList
INFO: Added Cart Item Sauce Labs Backpack
abr 07, 2024 7:08:53 P. M. components.cart.CartItemListComponent initializeList
INFO: Cart Items List initialized
abr 07, 2024 7:08:53 P. M. components.cart.CartItemListComponent initializeList
INFO: Added Cart Item Sauce Labs Backpack
abr 07, 2024 7:08:53 P. M. components.cart.CartItemListComponent initializeList
INFO: Cart Items List initialized
abr 07, 2024 7:08:53 P. M. components.cart.CartItemListComponent initializeList
INFO: Added Cart Item Sauce Labs Backpack
abr 07, 2024 7:08:53 P. M. components.cart.CartItemListComponent getItemWithIndex
INFO: Cart item Index: 0 - Cart items list Length: 1
abr 07, 2024 7:08:55 P. M. components.cart.CartItemListComponent initializeList
INFO: Cart Items List initialized
abr 07, 2024 7:08:55 P. M. components.cart.CartItemListComponent initializeList
INFO: Cart Items List initialized
abr 07, 2024 7:08:55 P. M. components.cart.CartItemListComponent initializeList
INFO: Cart Items List initialized
abr 07, 2024 7:08:57 P. M. components.cart.CartItemListComponent initializeList
INFO: Cart Items List initialized
abr 07, 2024 7:08:57 P. M. components.cart.CartItemListComponent initializeList
INFO: Added Cart Item Sauce Labs Bike Light
abr 07, 2024 7:08:57 P. M. components.cart.CartItemListComponent initializeList
INFO: Cart Items List initialized
abr 07, 2024 7:08:57 P. M. components.cart.CartItemListComponent initializeList
INFO: Added Cart Item Sauce Labs Bike Light
abr 07, 2024 7:08:57 P. M. components.cart.CartItemListComponent initializeList
INFO: Cart Items List initialized
abr 07, 2024 7:08:57 P. M. components.cart.CartItemListComponent initializeList
INFO: Added Cart Item Sauce Labs Bike Light
abr 07, 2024 7:08:57 P. M. components.cart.CartItemListComponent getItemWithIndex
INFO: Cart item Index: 0 - Cart items list Length: 1
abr 07, 2024 7:08:59 P. M. components.cart.CartItemListComponent initializeList
INFO: Cart Items List initialized
abr 07, 2024 7:08:59 P. M. components.cart.CartItemListComponent initializeList
INFO: Cart Items List initialized
abr 07, 2024 7:08:59 P. M. components.cart.CartItemListComponent initializeList
INFO: Cart Items List initialized
abr 07, 2024 7:09:01 P. M. components.cart.CartItemListComponent initializeList
INFO: Cart Items List initialized
abr 07, 2024 7:09:01 P. M. components.cart.CartItemListComponent initializeList
INFO: Added Cart Item Sauce Labs Bolt T-Shirt
abr 07, 2024 7:09:01 P. M. components.cart.CartItemListComponent initializeList
INFO: Cart Items List initialized
abr 07, 2024 7:09:01 P. M. components.cart.CartItemListComponent initializeList
INFO: Added Cart Item Sauce Labs Bolt T-Shirt
abr 07, 2024 7:09:01 P. M. components.cart.CartItemListComponent initializeList
INFO: Cart Items List initialized
abr 07, 2024 7:09:01 P. M. components.cart.CartItemListComponent initializeList
INFO: Added Cart Item Sauce Labs Bolt T-Shirt
abr 07, 2024 7:09:01 P. M. components.cart.CartItemListComponent getItemWithIndex
INFO: Cart item Index: 0 - Cart items list Length: 1
abr 07, 2024 7:09:03 P. M. components.cart.CartItemListComponent initializeList
INFO: Cart Items List initialized
abr 07, 2024 7:09:03 P. M. components.cart.CartItemListComponent initializeList
INFO: Cart Items List initialized
abr 07, 2024 7:09:03 P. M. components.cart.CartItemListComponent initializeList
INFO: Cart Items List initialized
abr 07, 2024 7:09:06 P. M. components.cart.CartItemListComponent initializeList
INFO: Cart Items List initialized
abr 07, 2024 7:09:06 P. M. components.cart.CartItemListComponent initializeList
INFO: Added Cart Item Sauce Labs Fleece Jacket
abr 07, 2024 7:09:06 P. M. components.cart.CartItemListComponent initializeList
INFO: Cart Items List initialized
abr 07, 2024 7:09:06 P. M. components.cart.CartItemListComponent initializeList
INFO: Added Cart Item Sauce Labs Fleece Jacket
abr 07, 2024 7:09:06 P. M. components.cart.CartItemListComponent initializeList
INFO: Cart Items List initialized
abr 07, 2024 7:09:06 P. M. components.cart.CartItemListComponent initializeList
INFO: Added Cart Item Sauce Labs Fleece Jacket
abr 07, 2024 7:09:06 P. M. components.cart.CartItemListComponent getItemWithIndex
INFO: Cart item Index: 0 - Cart items list Length: 1
abr 07, 2024 7:09:08 P. M. components.cart.CartItemListComponent initializeList
INFO: Cart Items List initialized
abr 07, 2024 7:09:08 P. M. components.cart.CartItemListComponent initializeList
INFO: Cart Items List initialized
abr 07, 2024 7:09:08 P. M. components.cart.CartItemListComponent initializeList
INFO: Cart Items List initialized
abr 07, 2024 7:09:10 P. M. components.cart.CartItemListComponent initializeList
INFO: Cart Items List initialized
abr 07, 2024 7:09:10 P. M. components.cart.CartItemListComponent initializeList
INFO: Added Cart Item Sauce Labs Onesie
abr 07, 2024 7:09:10 P. M. components.cart.CartItemListComponent initializeList
INFO: Cart Items List initialized
abr 07, 2024 7:09:10 P. M. components.cart.CartItemListComponent initializeList
INFO: Added Cart Item Sauce Labs Onesie
abr 07, 2024 7:09:10 P. M. components.cart.CartItemListComponent initializeList
INFO: Cart Items List initialized
abr 07, 2024 7:09:10 P. M. components.cart.CartItemListComponent initializeList
INFO: Added Cart Item Sauce Labs Onesie
abr 07, 2024 7:09:10 P. M. components.cart.CartItemListComponent getItemWithIndex
INFO: Cart item Index: 0 - Cart items list Length: 1
abr 07, 2024 7:09:12 P. M. components.cart.CartItemListComponent initializeList
INFO: Cart Items List initialized
abr 07, 2024 7:09:12 P. M. components.cart.CartItemListComponent initializeList
INFO: Cart Items List initialized
abr 07, 2024 7:09:12 P. M. components.cart.CartItemListComponent initializeList
INFO: Cart Items List initialized
abr 07, 2024 7:09:14 P. M. components.cart.CartItemListComponent initializeList
INFO: Cart Items List initialized
abr 07, 2024 7:09:14 P. M. components.cart.CartItemListComponent initializeList
INFO: Added Cart Item Test.allTheThings() T-Shirt (Red)
abr 07, 2024 7:09:14 P. M. components.cart.CartItemListComponent initializeList
INFO: Cart Items List initialized
abr 07, 2024 7:09:14 P. M. components.cart.CartItemListComponent initializeList
INFO: Added Cart Item Test.allTheThings() T-Shirt (Red)
abr 07, 2024 7:09:14 P. M. components.cart.CartItemListComponent initializeList
INFO: Cart Items List initialized
abr 07, 2024 7:09:14 P. M. components.cart.CartItemListComponent initializeList
INFO: Added Cart Item Test.allTheThings() T-Shirt (Red)
abr 07, 2024 7:09:14 P. M. components.cart.CartItemListComponent getItemWithIndex
INFO: Cart item Index: 0 - Cart items list Length: 1
abr 07, 2024 7:09:16 P. M. components.cart.CartItemListComponent initializeList
INFO: Cart Items List initialized
abr 07, 2024 7:09:16 P. M. components.cart.CartItemListComponent initializeList
INFO: Cart Items List initialized
abr 07, 2024 7:09:16 P. M. components.cart.CartItemListComponent initializeList
INFO: Cart Items List initialized
]]></system-err>
  </testcase>
  <testcase name="correctLogin" classname="tests.LoginTest" time="0.802">
    <system-out><![CDATA[El test Remove from cart resultó: 1
]]></system-out>
    <system-err><![CDATA[abr 07, 2024 7:09:18 P. M. org.openqa.selenium.devtools.CdpVersionFinder findNearestMatch
WARNING: Unable to find an exact match for CDP version 123, returning the closest version; found: 122; Please update to a Selenium version that supports CDP version 123
]]></system-err>
  </testcase>
</testsuite>