<?xml version="1.0" encoding="UTF-8"?>
<!-- Generated by org.testng.reporters.JUnitReportReporter -->
<testsuite hostname="Leandro-Note" failures="0" tests="9" name="tests.InventoryTest" time="48.520" errors="0" timestamp="2024-03-25T15:25:37 ART" skipped="1">
  <testcase classname="tests.InventoryTest" name="goToCart" time="1.409"/>
  <testcase classname="tests.InventoryTest" name="closeMenu" time="7.400"/>
  <testcase classname="tests.InventoryTest" name="goToItemPageFromImage" time="1.285"/>
  <testcase classname="tests.InventoryTest" name="goToInventory" time="4.525"/>
  <testcase classname="tests.InventoryTest" name="logout" time="4.425"/>
  <testcase classname="tests.InventoryTest" name="goToAboutPage" time="26.645"/>
  <testcase classname="tests.InventoryTest" name="goToItemPageFromLabel" time="1.365"/>
  <testcase classname="tests.InventoryTest" name="goToCartWithAddedItem" time="1.466"/>
  <testcase classname="tests.InventoryTest" name="filterChange">
    <skipped/>
  </testcase> <!-- filterChange -->
</testsuite> <!-- tests.InventoryTest -->
