<?xml version="1.0" encoding="UTF-8"?>
<!-- Generated by org.testng.reporters.JUnitReportReporter -->
<testsuite hostname="Leandro-Note" failures="0" tests="3" name="tests.CartTest" time="7.540" errors="0" timestamp="2024-03-24T23:34:00 ART" skipped="0">
  <testcase classname="tests.CartTest" name="goToCheckoutOne" time="1.373"/>
  <testcase classname="tests.CartTest" name="goToInventoryA" time="4.417"/>
  <testcase classname="tests.CartTest" name="goToInventoryB" time="1.750"/>
</testsuite> <!-- tests.CartTest -->
