<?xml version="1.0" encoding="UTF-8"?>
<!-- Generated by org.testng.reporters.JUnitReportReporter -->
<testsuite hostname="Leandro-Note" failures="0" tests="2" name="tests.CheckoutTwoTest" time="6.589" errors="0" timestamp="2024-04-16T23:45:17 ART" skipped="0">
  <testcase classname="tests.CheckoutTwoTest" name="finishCheckout" time="2.859"/>
  <testcase classname="tests.CheckoutTwoTest" name="cancelCheckout" time="3.730"/>
</testsuite> <!-- tests.CheckoutTwoTest -->
