<?xml version="1.0" encoding="UTF-8"?>
<!-- Generated by org.testng.reporters.JUnitReportReporter -->
<testsuite hostname="Leandro-Note" failures="0" tests="1" name="tests.CheckoutCompleteTest" time="2.010" errors="0" timestamp="2024-03-25T15:44:08 ART" skipped="0">
  <testcase classname="tests.CheckoutCompleteTest" name="backHome" time="2.010"/>
</testsuite> <!-- tests.CheckoutCompleteTest -->
