<?xml version="1.0" encoding="UTF-8"?>
<!-- Generated by org.testng.reporters.JUnitReportReporter -->
<testsuite hostname="Leandro-Note" failures="0" tests="2" name="tests.CheckoutTwoTest" time="6.235" errors="0" timestamp="2024-04-07T19:09:19 ART" skipped="0">
  <testcase classname="tests.CheckoutTwoTest" name="finishCheckout" time="2.857"/>
  <testcase classname="tests.CheckoutTwoTest" name="cancelCheckout" time="3.378"/>
</testsuite> <!-- tests.CheckoutTwoTest -->
