<?xml version="1.0" encoding="UTF-8"?>
<!-- Generated by org.testng.reporters.JUnitReportReporter -->
<testsuite hostname="Leandro-Note" failures="0" tests="3" name="tests.CartTest" time="8.079" errors="0" timestamp="2024-03-25T15:25:37 ART" skipped="0">
  <testcase classname="tests.CartTest" name="goToInventoryA" time="4.434"/>
  <testcase classname="tests.CartTest" name="goToCheckoutOne" time="2.342"/>
  <testcase classname="tests.CartTest" name="goToInventoryB" time="1.303"/>
</testsuite> <!-- tests.CartTest -->
