<?xml version="1.0" encoding="UTF-8"?>
<!-- Generated by org.testng.reporters.JUnitReportReporter -->
<testsuite hostname="Leandro-Note" failures="0" tests="1" name="tests.CheckoutCompleteTest" time="1.645" errors="0" timestamp="2024-03-26T22:07:38 ART" skipped="0">
  <testcase classname="tests.CheckoutCompleteTest" name="backHome" time="1.645"/>
</testsuite> <!-- tests.CheckoutCompleteTest -->
