<?xml version="1.0" encoding="UTF-8"?>
<!-- Generated by org.testng.reporters.JUnitReportReporter -->
<testsuite hostname="Leandro-Note" failures="0" tests="3" name="tests.CheckoutOneTest" time="4.977" errors="0" timestamp="2024-03-25T15:41:41 ART" skipped="0">
  <testcase classname="tests.CheckoutOneTest" name="continueToCheckout2WithNoData" time="1.422"/>
  <testcase classname="tests.CheckoutOneTest" name="continueToCheckout2" time="1.561"/>
  <testcase classname="tests.CheckoutOneTest" name="backToCart" time="1.994"/>
</testsuite> <!-- tests.CheckoutOneTest -->
