<?xml version="1.0" encoding="UTF-8"?>
<!-- Generated by org.testng.reporters.JUnitReportReporter -->
<testsuite hostname="Leandro-Note" failures="0" tests="3" name="tests.ItemTest" time="14.576" errors="0" timestamp="2024-03-24T23:34:00 ART" skipped="0">
  <testcase classname="tests.ItemTest" name="addToCart" time="1.506"/>
  <testcase classname="tests.ItemTest" name="backToInventory" time="1.505"/>
  <testcase classname="tests.ItemTest" name="removeFromCart" time="11.565"/>
</testsuite> <!-- tests.ItemTest -->
