<?xml version="1.0" encoding="UTF-8"?>
<!-- Generated by org.testng.reporters.JUnitReportReporter -->
<testsuite hostname="Leandro-Note" failures="0" tests="3" name="tests.ItemTest" time="14.402" errors="0" timestamp="2024-03-26T22:07:38 ART" skipped="0">
  <testcase classname="tests.ItemTest" name="removeFromCart" time="11.584"/>
  <testcase classname="tests.ItemTest" name="addToCart" time="1.430"/>
  <testcase classname="tests.ItemTest" name="backToInventory" time="1.388"/>
</testsuite> <!-- tests.ItemTest -->
