<?xml version="1.0" encoding="UTF-8"?>
<!-- Generated by org.testng.reporters.JUnitReportReporter -->
<testsuite hostname="Leandro-Note" failures="0" tests="1" name="tests.ShopTest" time="1.390" errors="0" timestamp="2024-03-10T22:13:37 ART" skipped="0">
  <testcase classname="tests.ShopTest" name="filterChange" time="1.390"/>
</testsuite> <!-- tests.ShopTest -->
