<?xml version="1.0" encoding="UTF-8"?>
<!-- Generated by org.testng.reporters.JUnitReportReporter -->
<testsuite hostname="Leandro-Note" failures="0" tests="3" name="tests.ItemTest" time="45.772" errors="0" timestamp="2024-04-21T16:39:35 ART" skipped="0">
  <testcase classname="tests.ItemTest" name="addItemToCart" time="4.281"/>
  <testcase classname="tests.ItemTest" name="removeItemFromCart" time="35.967"/>
  <testcase classname="tests.ItemTest" name="backToInventory" time="5.524"/>
</testsuite> <!-- tests.ItemTest -->
