<?xml version="1.0" encoding="UTF-8"?>
<!-- Generated by org.testng.reporters.JUnitReportReporter -->
<testsuite hostname="Leandro-Note" failures="0" tests="3" name="tests.CartTest" time="9.980" errors="0" timestamp="2024-04-16T23:45:17 ART" skipped="0">
  <testcase classname="tests.CartTest" name="goToInventoryA" time="3.537"/>
  <testcase classname="tests.CartTest" name="goToInventoryB" time="3.533"/>
  <testcase classname="tests.CartTest" name="goToCheckoutOne" time="2.910"/>
</testsuite> <!-- tests.CartTest -->
