<?xml version="1.0" encoding="UTF-8"?>
<!-- Generated by org.testng.reporters.JUnitReportReporter -->
<testsuite hostname="Leandro-Note" failures="0" tests="3" name="tests.ItemTest" time="42.007" errors="0" timestamp="2024-04-25T19:31:49 ART" skipped="0">
  <testcase classname="tests.ItemTest" name="backToInventory" time="3.711"/>
  <testcase classname="tests.ItemTest" name="removeItemFromCart" time="35.028"/>
  <testcase classname="tests.ItemTest" name="addItemToCart" time="3.268"/>
</testsuite> <!-- tests.ItemTest -->
