<?xml version="1.0" encoding="UTF-8"?>
<!-- Generated by org.testng.reporters.JUnitReportReporter -->
<testsuite hostname="Leandro-Note" failures="0" tests="3" name="tests.LoginTest" time="3.936" errors="0" timestamp="2024-03-11T22:54:56 ART" skipped="0">
  <testcase classname="tests.LoginTest" name="wrongLogin" time="1.251"/>
  <testcase classname="tests.LoginTest" name="titleToUserName" time="1.397"/>
  <testcase classname="tests.LoginTest" name="correctLogin" time="1.288"/>
</testsuite> <!-- tests.LoginTest -->
