<?xml version="1.0" encoding="UTF-8"?>
<!-- Generated by org.testng.reporters.JUnitReportReporter -->
<testsuite hostname="Leandro-Note" failures="0" tests="1" name="tests.CheckoutCompleteTest" time="3.538" errors="0" timestamp="2024-04-25T19:31:49 ART" skipped="0">
  <testcase classname="tests.CheckoutCompleteTest" name="backHome" time="3.538"/>
</testsuite> <!-- tests.CheckoutCompleteTest -->
