<?xml version="1.0" encoding="UTF-8"?>
<!-- Generated by org.testng.reporters.JUnitReportReporter -->
<testsuite hostname="Leandro-Note" failures="0" tests="1" name="tests.CheckoutCompleteTest" time="3.460" errors="0" timestamp="2024-04-16T23:45:17 ART" skipped="0">
  <testcase classname="tests.CheckoutCompleteTest" name="backHome" time="3.460"/>
</testsuite> <!-- tests.CheckoutCompleteTest -->
