<?xml version="1.0" encoding="UTF-8"?>
<!-- Generated by org.testng.reporters.JUnitReportReporter -->
<testsuite hostname="Leandro-Note" failures="0" tests="9" name="tests.InventoryTest" time="30.241" errors="0" timestamp="2024-04-21T21:01:13 ART" skipped="0">
  <testcase classname="tests.InventoryTest" name="goToAboutPage" time="6.343"/>
  <testcase classname="tests.InventoryTest" name="filterChange" time="2.371"/>
  <testcase classname="tests.InventoryTest" name="goToInventory" time="3.689"/>
  <testcase classname="tests.InventoryTest" name="goToItemPageFromImage" time="3.050"/>
  <testcase classname="tests.InventoryTest" name="closeMenu" time="3.478"/>
  <testcase classname="tests.InventoryTest" name="goToItemPageFromLabel" time="3.018"/>
  <testcase classname="tests.InventoryTest" name="logout" time="2.327"/>
  <testcase classname="tests.InventoryTest" name="goToCart" time="2.943"/>
  <testcase classname="tests.InventoryTest" name="goToCartWithAddedItem" time="3.022"/>
</testsuite> <!-- tests.InventoryTest -->
