<?xml version="1.0" encoding="UTF-8"?>
<!-- Generated by org.testng.reporters.JUnitReportReporter -->
<testsuite hostname="Leandro-Note" failures="0" tests="3" name="tests.ItemTest" time="41.228" errors="0" timestamp="2024-04-16T23:45:17 ART" skipped="0">
  <testcase classname="tests.ItemTest" name="backToInventory" time="3.790"/>
  <testcase classname="tests.ItemTest" name="removeFromCart" time="34.228"/>
  <testcase classname="tests.ItemTest" name="addToCart" time="3.210"/>
</testsuite> <!-- tests.ItemTest -->
