<?xml version="1.0" encoding="UTF-8"?>
<!-- Generated by org.testng.reporters.JUnitReportReporter -->
<testsuite hostname="Leandro-Note" failures="0" tests="3" name="tests.CheckoutOneTest" time="8.689" errors="0" timestamp="2024-04-07T19:09:19 ART" skipped="0">
  <testcase classname="tests.CheckoutOneTest" name="backToCart" time="3.253"/>
  <testcase classname="tests.CheckoutOneTest" name="continueToCheckout2" time="2.715"/>
  <testcase classname="tests.CheckoutOneTest" name="continueToCheckout2WithNoData" time="2.721"/>
</testsuite> <!-- tests.CheckoutOneTest -->
