<?xml version="1.0" encoding="UTF-8"?>
<!-- Generated by org.testng.reporters.JUnitReportReporter -->
<testsuite hostname="Leandro-Note" failures="0" tests="3" name="tests.CartTest" time="11.834" errors="0" timestamp="2024-04-21T21:01:13 ART" skipped="0">
  <testcase classname="tests.CartTest" name="goToInventoryA" time="4.272"/>
  <testcase classname="tests.CartTest" name="goToCheckoutOne" time="3.681"/>
  <testcase classname="tests.CartTest" name="goToInventoryB" time="3.881"/>
</testsuite> <!-- tests.CartTest -->
