<?xml version="1.0" encoding="UTF-8"?>
<!-- Generated by org.testng.reporters.JUnitReportReporter -->
<testsuite hostname="Leandro-Note" failures="0" tests="3" name="tests.CheckoutOneTest" time="8.974" errors="0" timestamp="2024-04-16T23:45:17 ART" skipped="0">
  <testcase classname="tests.CheckoutOneTest" name="continueToCheckout2" time="2.727"/>
  <testcase classname="tests.CheckoutOneTest" name="backToCart" time="3.630"/>
  <testcase classname="tests.CheckoutOneTest" name="continueToCheckout2WithNoData" time="2.617"/>
</testsuite> <!-- tests.CheckoutOneTest -->
