<?xml version="1.0" encoding="UTF-8"?>
<!-- Generated by org.testng.reporters.JUnitReportReporter -->
<testsuite hostname="Leandro-Note" failures="0" tests="2" name="tests.LoginTest" time="1.923" errors="0" timestamp="2024-04-07T19:09:19 ART" skipped="1">
  <testcase classname="tests.LoginTest" name="correctLogin" time="1.923"/>
  <testcase classname="tests.LoginTest" name="wrongLogin">
    <skipped/>
  </testcase> <!-- wrongLogin -->
</testsuite> <!-- tests.LoginTest -->
