<?xml version="1.0" encoding="UTF-8"?>
<!-- Generated by org.testng.reporters.JUnitReportReporter -->
<testsuite hostname="Leandro-Note" failures="0" tests="12" name="tests.InventoryTest" time="36.084" errors="0" timestamp="2024-03-24T23:34:00 ART" skipped="4">
  <testcase classname="tests.InventoryTest" name="goToCart" time="1.295"/>
  <testcase classname="tests.InventoryTest" name="goToInventory" time="4.513"/>
  <testcase classname="tests.InventoryTest" name="logout" time="4.445"/>
  <testcase classname="tests.InventoryTest" name="closeMenu" time="7.511"/>
  <testcase classname="tests.InventoryTest" name="goToItemPageFromLabel" time="1.449"/>
  <testcase classname="tests.InventoryTest" name="goToAboutPage" time="14.054"/>
  <testcase classname="tests.InventoryTest" name="goToItemPageFromImage" time="1.365"/>
  <testcase classname="tests.InventoryTest" name="goToCartWithAddedItem" time="1.452"/>
  <testcase classname="tests.InventoryTest" name="filterChange">
    <skipped/>
  </testcase> <!-- filterChange -->
  <testcase classname="tests.InventoryTest" name="goToTwitter">
    <skipped/>
  </testcase> <!-- goToTwitter -->
  <testcase classname="tests.InventoryTest" name="goToLinkedIn">
    <skipped/>
  </testcase> <!-- goToLinkedIn -->
  <testcase classname="tests.InventoryTest" name="goToFacebook">
    <skipped/>
  </testcase> <!-- goToFacebook -->
</testsuite> <!-- tests.InventoryTest -->
