<?xml version="1.0" encoding="UTF-8"?>
<!-- Generated by org.testng.reporters.JUnitReportReporter -->
<testsuite hostname="Leandro-Note" failures="0" tests="3" name="tests.CartTest" time="9.160" errors="0" timestamp="2024-04-07T19:09:19 ART" skipped="0">
  <testcase classname="tests.CartTest" name="goToCheckoutOne" time="2.936"/>
  <testcase classname="tests.CartTest" name="goToInventoryA" time="2.940"/>
  <testcase classname="tests.CartTest" name="goToInventoryB" time="3.284"/>
</testsuite> <!-- tests.CartTest -->
