<?xml version="1.0" encoding="UTF-8"?>
<!-- Generated by org.testng.reporters.JUnitReportReporter -->
<testsuite hostname="Leandro-Note" failures="0" tests="3" name="tests.LoginTest" time="3.564" errors="0" timestamp="2024-03-26T22:07:38 ART" skipped="0">
  <testcase classname="tests.LoginTest" name="titleToUserName" time="1.090"/>
  <testcase classname="tests.LoginTest" name="wrongLogin" time="1.158"/>
  <testcase classname="tests.LoginTest" name="correctLogin" time="1.316"/>
</testsuite> <!-- tests.LoginTest -->
