<?xml version="1.0" encoding="UTF-8"?>
<!-- Generated by org.testng.reporters.JUnitReportReporter -->
<testsuite hostname="Leandro-Note" failures="0" tests="1" name="tests.ShopTest" time="1.228" errors="0" timestamp="2024-03-09T17:04:18 ART" skipped="0">
  <testcase classname="tests.ShopTest" name="filterChange" time="1.228"/>
</testsuite> <!-- tests.ShopTest -->
