<?xml version="1.0" encoding="UTF-8"?>
<!-- Generated by org.testng.reporters.JUnitReportReporter -->
<testsuite hostname="Leandro-Note" failures="0" tests="3" name="tests.CartTest" time="15.277" errors="0" timestamp="2024-04-21T16:39:35 ART" skipped="0">
  <testcase classname="tests.CartTest" name="goToInventoryA" time="5.495"/>
  <testcase classname="tests.CartTest" name="goToInventoryB" time="5.118"/>
  <testcase classname="tests.CartTest" name="goToCheckoutOne" time="4.664"/>
</testsuite> <!-- tests.CartTest -->
