<?xml version="1.0" encoding="UTF-8"?>
<!-- Generated by org.testng.reporters.JUnitReportReporter -->
<testsuite hostname="Leandro-Note" failures="0" tests="3" name="tests.LoginTest" time="3.645" errors="0" timestamp="2024-03-09T17:04:18 ART" skipped="0">
  <testcase classname="tests.LoginTest" name="wrongLogin" time="1.207"/>
  <testcase classname="tests.LoginTest" name="titleToUserName" time="0.959"/>
  <testcase classname="tests.LoginTest" name="correctLogin" time="1.479"/>
</testsuite> <!-- tests.LoginTest -->
