<?xml version="1.0" encoding="UTF-8"?>
<!-- Generated by org.testng.reporters.JUnitReportReporter -->
<testsuite hostname="Leandro-Note" failures="0" tests="9" name="tests.InventoryTest" time="25.578" errors="0" timestamp="2024-04-07T19:09:19 ART" skipped="0">
  <testcase classname="tests.InventoryTest" name="filterChange" time="2.455"/>
  <testcase classname="tests.InventoryTest" name="goToAboutPage" time="5.159"/>
  <testcase classname="tests.InventoryTest" name="goToItemPageFromLabel" time="2.630"/>
  <testcase classname="tests.InventoryTest" name="logout" time="2.341"/>
  <testcase classname="tests.InventoryTest" name="closeMenu" time="2.293"/>
  <testcase classname="tests.InventoryTest" name="goToInventory" time="2.958"/>
  <testcase classname="tests.InventoryTest" name="goToCart" time="2.565"/>
  <testcase classname="tests.InventoryTest" name="goToCartWithAddedItem" time="2.594"/>
  <testcase classname="tests.InventoryTest" name="goToItemPageFromImage" time="2.583"/>
</testsuite> <!-- tests.InventoryTest -->
