<?xml version="1.0" encoding="UTF-8"?>
<!-- Generated by org.testng.reporters.JUnitReportReporter -->
<testsuite hostname="Leandro-Note" failures="0" tests="3" name="tests.CartTest" time="10.918" errors="0" timestamp="2024-04-25T19:31:49 ART" skipped="0">
  <testcase classname="tests.CartTest" name="goToInventoryB" time="3.551"/>
  <testcase classname="tests.CartTest" name="goToInventoryA" time="3.745"/>
  <testcase classname="tests.CartTest" name="goToCheckoutOne" time="3.622"/>
</testsuite> <!-- tests.CartTest -->
