<?xml version="1.0" encoding="UTF-8"?>
<!-- Generated by org.testng.reporters.JUnitReportReporter -->
<testsuite hostname="Leandro-Note" failures="0" tests="3" name="tests.ItemTest" time="34.102" errors="0" timestamp="2024-04-07T19:09:19 ART" skipped="0">
  <testcase classname="tests.ItemTest" name="removeFromCart" time="27.468"/>
  <testcase classname="tests.ItemTest" name="backToInventory" time="3.344"/>
  <testcase classname="tests.ItemTest" name="addToCart" time="3.290"/>
</testsuite> <!-- tests.ItemTest -->
