<?xml version="1.0" encoding="UTF-8"?>
<!-- Generated by org.testng.reporters.JUnitReportReporter -->
<testsuite hostname="Leandro-Note" failures="0" tests="3" name="tests.CheckoutOneTest" time="12.977" errors="0" timestamp="2024-04-21T16:39:35 ART" skipped="0">
  <testcase classname="tests.CheckoutOneTest" name="continueToCheckout2WithNoData" time="3.806"/>
  <testcase classname="tests.CheckoutOneTest" name="continueToCheckout2" time="4.667"/>
  <testcase classname="tests.CheckoutOneTest" name="backToCart" time="4.504"/>
</testsuite> <!-- tests.CheckoutOneTest -->
