<?xml version="1.0" encoding="UTF-8"?>
<!-- Generated by org.testng.reporters.JUnitReportReporter -->
<testsuite hostname="Leandro-Note" failures="0" tests="3" name="tests.CartTest" time="8.455" errors="0" timestamp="2024-03-26T22:07:38 ART" skipped="0">
  <testcase classname="tests.CartTest" name="goToInventoryA" time="4.488"/>
  <testcase classname="tests.CartTest" name="goToCheckoutOne" time="1.360"/>
  <testcase classname="tests.CartTest" name="goToInventoryB" time="2.607"/>
</testsuite> <!-- tests.CartTest -->
