<?xml version="1.0" encoding="UTF-8"?>
<!-- Generated by org.testng.reporters.JUnitReportReporter -->
<testsuite hostname="Leandro-Note" failures="0" tests="9" name="tests.InventoryTest" time="30.033" errors="0" timestamp="2024-04-16T23:45:17 ART" skipped="0">
  <testcase classname="tests.InventoryTest" name="goToCart" time="3.284"/>
  <testcase classname="tests.InventoryTest" name="goToItemPageFromImage" time="2.964"/>
  <testcase classname="tests.InventoryTest" name="goToCartWithAddedItem" time="2.938"/>
  <testcase classname="tests.InventoryTest" name="goToAboutPage" time="5.633"/>
  <testcase classname="tests.InventoryTest" name="goToItemPageFromLabel" time="2.987"/>
  <testcase classname="tests.InventoryTest" name="closeMenu" time="3.503"/>
  <testcase classname="tests.InventoryTest" name="logout" time="2.299"/>
  <testcase classname="tests.InventoryTest" name="filterChange" time="2.901"/>
  <testcase classname="tests.InventoryTest" name="goToInventory" time="3.524"/>
</testsuite> <!-- tests.InventoryTest -->
