<?xml version="1.0" encoding="UTF-8"?>
<!-- Generated by org.testng.reporters.JUnitReportReporter -->
<testsuite hostname="Leandro-Note" failures="0" tests="3" name="tests.CheckoutOneTest" time="9.271" errors="0" timestamp="2024-04-21T21:01:13 ART" skipped="0">
  <testcase classname="tests.CheckoutOneTest" name="continueToCheckout2" time="2.827"/>
  <testcase classname="tests.CheckoutOneTest" name="backToCart" time="3.784"/>
  <testcase classname="tests.CheckoutOneTest" name="continueToCheckout2WithNoData" time="2.660"/>
</testsuite> <!-- tests.CheckoutOneTest -->
