<?xml version="1.0" encoding="UTF-8"?>
<!-- Generated by org.testng.reporters.JUnitReportReporter -->
<testsuite hostname="Leandro-Note" failures="0" tests="3" name="tests.CheckoutOneTest" time="8.947" errors="0" timestamp="2024-04-25T19:31:49 ART" skipped="0">
  <testcase classname="tests.CheckoutOneTest" name="backToCart" time="3.617"/>
  <testcase classname="tests.CheckoutOneTest" name="continueToCheckout2" time="2.762"/>
  <testcase classname="tests.CheckoutOneTest" name="continueToCheckout2WithNoData" time="2.568"/>
</testsuite> <!-- tests.CheckoutOneTest -->
