<?xml version="1.0" encoding="UTF-8"?>
<!-- Generated by org.testng.reporters.JUnitReportReporter -->
<testsuite hostname="Leandro-Note" failures="0" tests="9" name="tests.InventoryTest" time="30.934" errors="0" timestamp="2024-04-25T19:31:49 ART" skipped="0">
  <testcase classname="tests.InventoryTest" name="goToCart" time="2.991"/>
  <testcase classname="tests.InventoryTest" name="goToAboutPage" time="6.560"/>
  <testcase classname="tests.InventoryTest" name="goToItemPageFromLabel" time="3.034"/>
  <testcase classname="tests.InventoryTest" name="logout" time="2.316"/>
  <testcase classname="tests.InventoryTest" name="closeMenu" time="3.755"/>
  <testcase classname="tests.InventoryTest" name="filterChange" time="2.325"/>
  <testcase classname="tests.InventoryTest" name="goToInventory" time="3.932"/>
  <testcase classname="tests.InventoryTest" name="goToCartWithAddedItem" time="2.930"/>
  <testcase classname="tests.InventoryTest" name="goToItemPageFromImage" time="3.091"/>
</testsuite> <!-- tests.InventoryTest -->
