<?xml version="1.0" encoding="UTF-8"?>
<!-- Generated by org.testng.reporters.JUnitReportReporter -->
<testsuite hostname="Leandro-Note" failures="0" tests="2" name="tests.LoginTest" time="3.298" errors="0" timestamp="2024-04-21T16:39:35 ART" skipped="1">
  <testcase classname="tests.LoginTest" name="correctLogin" time="3.298"/>
  <testcase classname="tests.LoginTest" name="wrongLogin">
    <skipped/>
  </testcase> <!-- wrongLogin -->
</testsuite> <!-- tests.LoginTest -->
