<?xml version="1.0" encoding="UTF-8"?>
<!-- Generated by org.testng.reporters.JUnitReportReporter -->
<testsuite hostname="Leandro-Note" failures="0" tests="9" name="tests.InventoryTest" time="30.521" errors="0" timestamp="2024-03-26T22:07:38 ART" skipped="0">
  <testcase classname="tests.InventoryTest" name="goToCart" time="1.312"/>
  <testcase classname="tests.InventoryTest" name="goToItemPageFromLabel" time="1.313"/>
  <testcase classname="tests.InventoryTest" name="filterChange" time="1.389"/>
  <testcase classname="tests.InventoryTest" name="goToAboutPage" time="7.644"/>
  <testcase classname="tests.InventoryTest" name="logout" time="4.396"/>
  <testcase classname="tests.InventoryTest" name="closeMenu" time="7.400"/>
  <testcase classname="tests.InventoryTest" name="goToItemPageFromImage" time="1.349"/>
  <testcase classname="tests.InventoryTest" name="goToCartWithAddedItem" time="1.306"/>
  <testcase classname="tests.InventoryTest" name="goToInventory" time="4.412"/>
</testsuite> <!-- tests.InventoryTest -->
