<?xml version="1.0" encoding="UTF-8"?>
<!-- Generated by org.testng.reporters.JUnitReportReporter -->
<testsuite hostname="Leandro-Note" failures="0" tests="3" name="tests.ItemTest" time="41.797" errors="0" timestamp="2024-04-21T21:01:13 ART" skipped="0">
  <testcase classname="tests.ItemTest" name="backToInventory" time="3.760"/>
  <testcase classname="tests.ItemTest" name="addItemToCart" time="3.298"/>
  <testcase classname="tests.ItemTest" name="removeItemFromCart" time="34.739"/>
</testsuite> <!-- tests.ItemTest -->
