<?xml version="1.0" encoding="UTF-8"?>
<!-- Generated by org.testng.reporters.JUnitReportReporter -->
<testsuite hostname="Leandro-Note" failures="0" tests="2" name="tests.CheckoutTwoTest" time="9.079" errors="0" timestamp="2024-04-21T16:39:35 ART" skipped="0">
  <testcase classname="tests.CheckoutTwoTest" name="cancelCheckout" time="4.878"/>
  <testcase classname="tests.CheckoutTwoTest" name="finishCheckout" time="4.201"/>
</testsuite> <!-- tests.CheckoutTwoTest -->
