<?xml version="1.0" encoding="UTF-8"?>
<!-- Generated by org.testng.reporters.JUnitReportReporter -->
<testsuite hostname="Leandro-Note" failures="0" tests="9" name="tests.InventoryTest" time="28.481" errors="0" timestamp="2024-04-21T17:46:31 ART" skipped="0">
  <testcase classname="tests.InventoryTest" name="filterChange" time="2.322"/>
  <testcase classname="tests.InventoryTest" name="goToItemPageFromImage" time="2.932"/>
  <testcase classname="tests.InventoryTest" name="goToCart" time="2.919"/>
  <testcase classname="tests.InventoryTest" name="closeMenu" time="3.113"/>
  <testcase classname="tests.InventoryTest" name="goToCartWithAddedItem" time="2.989"/>
  <testcase classname="tests.InventoryTest" name="logout" time="2.202"/>
  <testcase classname="tests.InventoryTest" name="goToAboutPage" time="5.339"/>
  <testcase classname="tests.InventoryTest" name="goToItemPageFromLabel" time="3.187"/>
  <testcase classname="tests.InventoryTest" name="goToInventory" time="3.478"/>
</testsuite> <!-- tests.InventoryTest -->
