<?xml version="1.0" encoding="UTF-8"?>
<!-- Generated by org.testng.reporters.JUnitReportReporter -->
<testsuite hostname="Leandro-Note" failures="0" tests="2" name="tests.CheckoutTwoTest" time="3.200" errors="0" timestamp="2024-03-25T15:44:08 ART" skipped="0">
  <testcase classname="tests.CheckoutTwoTest" name="finishCheckout" time="1.662"/>
  <testcase classname="tests.CheckoutTwoTest" name="cancelCheckout" time="1.538"/>
</testsuite> <!-- tests.CheckoutTwoTest -->
