<?xml version="1.0" encoding="UTF-8"?>
<!-- Generated by org.testng.reporters.JUnitReportReporter -->
<testsuite hostname="Leandro-Note" failures="0" tests="2" name="tests.CheckoutTwoTest" time="6.658" errors="0" timestamp="2024-04-21T21:01:13 ART" skipped="0">
  <testcase classname="tests.CheckoutTwoTest" name="finishCheckout" time="2.883"/>
  <testcase classname="tests.CheckoutTwoTest" name="cancelCheckout" time="3.775"/>
</testsuite> <!-- tests.CheckoutTwoTest -->
