<?xml version="1.0" encoding="UTF-8"?>
<!-- Generated by org.testng.reporters.JUnitReportReporter -->
<testsuite hostname="Leandro-Note" failures="0" tests="2" name="tests.CheckoutTwoTest" time="3.106" errors="0" timestamp="2024-03-26T22:07:38 ART" skipped="0">
  <testcase classname="tests.CheckoutTwoTest" name="cancelCheckout" time="1.567"/>
  <testcase classname="tests.CheckoutTwoTest" name="finishCheckout" time="1.539"/>
</testsuite> <!-- tests.CheckoutTwoTest -->
