<?xml version="1.0" encoding="UTF-8"?>
<!-- Generated by org.testng.reporters.JUnitReportReporter -->
<testsuite hostname="Leandro-Note" failures="0" tests="3" name="tests.CheckoutOneTest" time="4.373" errors="0" timestamp="2024-03-26T22:07:38 ART" skipped="0">
  <testcase classname="tests.CheckoutOneTest" name="backToCart" time="1.443"/>
  <testcase classname="tests.CheckoutOneTest" name="continueToCheckout2WithNoData" time="1.411"/>
  <testcase classname="tests.CheckoutOneTest" name="continueToCheckout2" time="1.519"/>
</testsuite> <!-- tests.CheckoutOneTest -->
